Log file open, 07/17/17 14:14:21
LogInit:Display: Running engine for game: Magisterka
LogPlatformFile: Not using cached read wrapper
LogInit:Display: RandInit(-1036632630) SRandInit(-1036632630).
LogTaskGraph: Started task graph with 5 named threads and 8 total threads with 1 sets of task threads.
LogStats: Stats thread started at 0.077531
LogPluginManager: Loaded Plugin Paper2D, From D:/Unreal/Epic Games/4.14/Engine/Plugins/2D/Paper2D/Paper2D.uplugin
LogPluginManager: Loaded Plugin LightPropagationVolume, From D:/Unreal/Epic Games/4.14/Engine/Plugins/Blendables/LightPropagationVolume/LightPropagationVolume.uplugin
LogPluginManager: Loaded Plugin BlankPlugin, From D:/Unreal/Epic Games/4.14/Engine/Plugins/Developer/BlankPlugin/BlankPlugin.uplugin
LogPluginManager: Loaded Plugin CodeLiteSourceCodeAccess, From D:/Unreal/Epic Games/4.14/Engine/Plugins/Developer/CodeLiteSourceCodeAccess/CodeLiteSourceCodeAccess.uplugin
LogPluginManager: Loaded Plugin GitSourceControl, From D:/Unreal/Epic Games/4.14/Engine/Plugins/Developer/GitSourceControl/GitSourceControl.uplugin
LogPluginManager: Loaded Plugin KDevelopSourceCodeAccess, From D:/Unreal/Epic Games/4.14/Engine/Plugins/Developer/KDevelopSourceCodeAccess/KDevelopSourceCodeAccess.uplugin
LogPluginManager: Loaded Plugin NullSourceCodeAccess, From D:/Unreal/Epic Games/4.14/Engine/Plugins/Developer/NullSourceCodeAccess/NullSourceCodeAccess.uplugin
LogPluginManager: Loaded Plugin OneSkyLocalizationService, From D:/Unreal/Epic Games/4.14/Engine/Plugins/Developer/OneSkyLocalizationService/OneSkyLocalizationService.uplugin
LogPluginManager: Loaded Plugin PerforceSourceControl, From D:/Unreal/Epic Games/4.14/Engine/Plugins/Developer/PerforceSourceControl/PerforceSourceControl.uplugin
LogPluginManager: Loaded Plugin SubversionSourceControl, From D:/Unreal/Epic Games/4.14/Engine/Plugins/Developer/SubversionSourceControl/SubversionSourceControl.uplugin
LogPluginManager: Loaded Plugin UObjectPlugin, From D:/Unreal/Epic Games/4.14/Engine/Plugins/Developer/UObjectPlugin/UObjectPlugin.uplugin
LogPluginManager: Loaded Plugin VisualStudioSourceCodeAccess, From D:/Unreal/Epic Games/4.14/Engine/Plugins/Developer/VisualStudioSourceCodeAccess/VisualStudioSourceCodeAccess.uplugin
LogPluginManager: Loaded Plugin XCodeSourceCodeAccess, From D:/Unreal/Epic Games/4.14/Engine/Plugins/Developer/XCodeSourceCodeAccess/XCodeSourceCodeAccess.uplugin
LogPluginManager: Loaded Plugin AudioCapture, From D:/Unreal/Epic Games/4.14/Engine/Plugins/Editor/AudioCapture/AudioCapture.uplugin
LogPluginManager: Loaded Plugin EpicSurvey, From D:/Unreal/Epic Games/4.14/Engine/Plugins/Editor/EpicSurvey/EpicSurvey.uplugin
LogPluginManager: Loaded Plugin MacGraphicsSwitching, From D:/Unreal/Epic Games/4.14/Engine/Plugins/Editor/MacGraphicsSwitching/MacGraphicsSwitching.uplugin
LogPluginManager: Loaded Plugin MobileLauncherProfileWizard, From D:/Unreal/Epic Games/4.14/Engine/Plugins/Editor/MobileLauncherProfileWizard/MobileLauncherProfileWizard.uplugin
LogPluginManager: Loaded Plugin PluginBrowser, From D:/Unreal/Epic Games/4.14/Engine/Plugins/Editor/PluginBrowser/PluginBrowser.uplugin
LogPluginManager: Loaded Plugin SpeedTreeImporter, From D:/Unreal/Epic Games/4.14/Engine/Plugins/Editor/SpeedTreeImporter/SpeedTreeImporter.uplugin
LogPluginManager: Loaded Plugin SuperSearchEditor, From D:/Unreal/Epic Games/4.14/Engine/Plugins/Editor/SuperSearchEditor/SuperSearchEditor.uplugin
LogPluginManager: Loaded Plugin AlembicImporter, From D:/Unreal/Epic Games/4.14/Engine/Plugins/Experimental/AlembicImporter/AlembicImporter.uplugin
LogPluginManager: Loaded Plugin BlueprintStats, From D:/Unreal/Epic Games/4.14/Engine/Plugins/Experimental/BlueprintStats/BlueprintStats.uplugin
LogPluginManager: Loaded Plugin CharacterAI, From D:/Unreal/Epic Games/4.14/Engine/Plugins/Experimental/CharacterAI/CharacterAI.uplugin
LogPluginManager: Loaded Plugin CodeEditor, From D:/Unreal/Epic Games/4.14/Engine/Plugins/Experimental/CodeEditor/CodeEditor.uplugin
LogPluginManager: Loaded Plugin CodeView, From D:/Unreal/Epic Games/4.14/Engine/Plugins/Experimental/CodeView/CodeView.uplugin
LogPluginManager: Loaded Plugin HTML5Networking, From D:/Unreal/Epic Games/4.14/Engine/Plugins/Experimental/HTML5Networking/HTML5Networking.uplugin
LogPluginManager: Loaded Plugin OSVR, From D:/Unreal/Epic Games/4.14/Engine/Plugins/Experimental/OSVR/OSVR.uplugin
LogPluginManager: Loaded Plugin Phya, From D:/Unreal/Epic Games/4.14/Engine/Plugins/Experimental/Phya/Phya.uplugin
LogPluginManager: Loaded Plugin SignificanceManager, From D:/Unreal/Epic Games/4.14/Engine/Plugins/Experimental/SignificanceManager/SignificanceManager.uplugin
LogPluginManager: Loaded Plugin SimpleHMD, From D:/Unreal/Epic Games/4.14/Engine/Plugins/Experimental/SimpleHMD/SimpleHMD.uplugin
LogPluginManager: Loaded Plugin StereoPanorama, From D:/Unreal/Epic Games/4.14/Engine/Plugins/Experimental/StereoPanorama/StereoPanorama.uplugin
LogPluginManager: Loaded Plugin StructBox, From D:/Unreal/Epic Games/4.14/Engine/Plugins/Experimental/StructBox/StructBox.uplugin
LogPluginManager: Loaded Plugin AndroidMedia, From D:/Unreal/Epic Games/4.14/Engine/Plugins/Media/AndroidMedia/AndroidMedia.uplugin
LogPluginManager: Loaded Plugin AvfMedia, From D:/Unreal/Epic Games/4.14/Engine/Plugins/Media/AvfMedia/AvfMedia.uplugin
LogPluginManager: Loaded Plugin MediaPlayerEditor, From D:/Unreal/Epic Games/4.14/Engine/Plugins/Media/MediaPlayerEditor/MediaPlayerEditor.uplugin
LogPluginManager: Loaded Plugin WmfMedia, From D:/Unreal/Epic Games/4.14/Engine/Plugins/Media/WmfMedia/WmfMedia.uplugin
LogPluginManager: Loaded Plugin MessagingDebugger, From D:/Unreal/Epic Games/4.14/Engine/Plugins/Messaging/MessagingDebugger/MessagingDebugger.uplugin
LogPluginManager: Loaded Plugin TcpMessaging, From D:/Unreal/Epic Games/4.14/Engine/Plugins/Messaging/TcpMessaging/TcpMessaging.uplugin
LogPluginManager: Loaded Plugin UdpMessaging, From D:/Unreal/Epic Games/4.14/Engine/Plugins/Messaging/UdpMessaging/UdpMessaging.uplugin
LogPluginManager: Loaded Plugin LevelSequenceEditor, From D:/Unreal/Epic Games/4.14/Engine/Plugins/MovieScene/LevelSequenceEditor/LevelSequenceEditor.uplugin
LogPluginManager: Loaded Plugin MatineeToLevelSequence, From D:/Unreal/Epic Games/4.14/Engine/Plugins/MovieScene/MatineeToLevelSequence/MatineeToLevelSequence.uplugin
LogPluginManager: Loaded Plugin NetcodeUnitTest, From D:/Unreal/Epic Games/4.14/Engine/Plugins/NetcodeUnitTest/NetcodeUnitTest/NetcodeUnitTest.uplugin
LogPluginManager: Loaded Plugin NUTUnrealEngine4, From D:/Unreal/Epic Games/4.14/Engine/Plugins/NetcodeUnitTest/NUTUnrealEngine4/NUTUnrealEngine4.uplugin
LogPluginManager: Loaded Plugin OnlineSubsystemGameCircle, From D:/Unreal/Epic Games/4.14/Engine/Plugins/Online/Android/OnlineSubsystemGameCircle/OnlineSubsystemGameCircle.uplugin
LogPluginManager: Loaded Plugin OnlineSubsystemGooglePlay, From D:/Unreal/Epic Games/4.14/Engine/Plugins/Online/Android/OnlineSubsystemGooglePlay/OnlineSubsystemGooglePlay.uplugin
LogPluginManager: Loaded Plugin OnlineSubsystemIOS, From D:/Unreal/Epic Games/4.14/Engine/Plugins/Online/IOS/OnlineSubsystemIOS/OnlineSubsystemIOS.uplugin
LogPluginManager: Loaded Plugin OnlineFramework, From D:/Unreal/Epic Games/4.14/Engine/Plugins/Online/OnlineFramework/OnlineFramework.uplugin
LogPluginManager: Loaded Plugin OnlineSubsystem, From D:/Unreal/Epic Games/4.14/Engine/Plugins/Online/OnlineSubsystem/OnlineSubsystem.uplugin
LogPluginManager: Loaded Plugin OnlineSubsystemAmazon, From D:/Unreal/Epic Games/4.14/Engine/Plugins/Online/OnlineSubsystemAmazon/OnlineSubsystemAmazon.uplugin
LogPluginManager: Loaded Plugin OnlineSubsystemFacebook, From D:/Unreal/Epic Games/4.14/Engine/Plugins/Online/OnlineSubsystemFacebook/OnlineSubsystemFacebook.uplugin
LogPluginManager: Loaded Plugin OnlineSubsystemNull, From D:/Unreal/Epic Games/4.14/Engine/Plugins/Online/OnlineSubsystemNull/OnlineSubsystemNull.uplugin
LogPluginManager: Loaded Plugin OnlineSubsystemOculus, From D:/Unreal/Epic Games/4.14/Engine/Plugins/Online/OnlineSubsystemOculus/OnlineSubsystemOculus.uplugin
LogPluginManager: Loaded Plugin OnlineSubsystemSteam, From D:/Unreal/Epic Games/4.14/Engine/Plugins/Online/OnlineSubsystemSteam/OnlineSubsystemSteam.uplugin
LogPluginManager: Loaded Plugin OnlineSubsystemUtils, From D:/Unreal/Epic Games/4.14/Engine/Plugins/Online/OnlineSubsystemUtils/OnlineSubsystemUtils.uplugin
LogPluginManager: Loaded Plugin IOSTapJoy, From D:/Unreal/Epic Games/4.14/Engine/Plugins/Runtime/Advertising/IOSTapJoy/IOSTapJoy.uplugin
LogPluginManager: Loaded Plugin AnalyticsBlueprintLibrary, From D:/Unreal/Epic Games/4.14/Engine/Plugins/Runtime/Analytics/AnalyticsBlueprintLibrary/AnalyticsBlueprintLibrary.uplugin
LogPluginManager: Loaded Plugin AnalyticsMulticast, From D:/Unreal/Epic Games/4.14/Engine/Plugins/Runtime/Analytics/AnalyticsMulticast/AnalyticsMulticast.uplugin
LogPluginManager: Loaded Plugin Apsalar, From D:/Unreal/Epic Games/4.14/Engine/Plugins/Runtime/Analytics/Apsalar/Apsalar.uplugin
LogPluginManager: Loaded Plugin FileLogging, From D:/Unreal/Epic Games/4.14/Engine/Plugins/Runtime/Analytics/FileLogging/FileLogging.uplugin
LogPluginManager: Loaded Plugin Flurry, From D:/Unreal/Epic Games/4.14/Engine/Plugins/Runtime/Analytics/Flurry/Flurry.uplugin
LogPluginManager: Loaded Plugin AndroidDeviceProfileSelector, From D:/Unreal/Epic Games/4.14/Engine/Plugins/Runtime/AndroidDeviceProfileSelector/AndroidDeviceProfileSelector.uplugin
LogPluginManager: Loaded Plugin AndroidMoviePlayer, From D:/Unreal/Epic Games/4.14/Engine/Plugins/Runtime/AndroidMoviePlayer/AndroidMoviePlayer.uplugin
LogPluginManager: Loaded Plugin AppleMoviePlayer, From D:/Unreal/Epic Games/4.14/Engine/Plugins/Runtime/AppleMoviePlayer/AppleMoviePlayer.uplugin
LogPluginManager: Loaded Plugin ArchVisCharacter, From D:/Unreal/Epic Games/4.14/Engine/Plugins/Runtime/ArchVisCharacter/ArchVisCharacter.uplugin
LogPluginManager: Loaded Plugin CableComponent, From D:/Unreal/Epic Games/4.14/Engine/Plugins/Runtime/CableComponent/CableComponent.uplugin
LogPluginManager: Loaded Plugin CustomMeshComponent, From D:/Unreal/Epic Games/4.14/Engine/Plugins/Runtime/CustomMeshComponent/CustomMeshComponent.uplugin
LogPluginManager: Loaded Plugin ExampleDeviceProfileSelector, From D:/Unreal/Epic Games/4.14/Engine/Plugins/Runtime/ExampleDeviceProfileSelector/ExampleDeviceProfileSelector.uplugin
LogPluginManager: Loaded Plugin GearVR, From D:/Unreal/Epic Games/4.14/Engine/Plugins/Runtime/GearVR/GearVR.uplugin
LogPluginManager: Loaded Plugin GoogleVRController, From D:/Unreal/Epic Games/4.14/Engine/Plugins/Runtime/GoogleVR/GoogleVRController/GoogleVRController.uplugin
LogPluginManager: Loaded Plugin GoogleVRHMD, From D:/Unreal/Epic Games/4.14/Engine/Plugins/Runtime/GoogleVR/GoogleVRHMD/GoogleVRHMD.uplugin
LogPluginManager: Loaded Plugin IOSDeviceProfileSelector, From D:/Unreal/Epic Games/4.14/Engine/Plugins/Runtime/IOSDeviceProfileSelector/IOSDeviceProfileSelector.uplugin
LogPluginManager: Loaded Plugin LeapMotion, From D:/Unreal/Epic Games/4.14/Engine/Plugins/Runtime/LeapMotion/LeapMotion.uplugin
LogPluginManager: Loaded Plugin LinuxDeviceProfileSelector, From D:/Unreal/Epic Games/4.14/Engine/Plugins/Runtime/LinuxDeviceProfileSelector/LinuxDeviceProfileSelector.uplugin
LogPluginManager: Loaded Plugin MIDIDevice, From D:/Unreal/Epic Games/4.14/Engine/Plugins/Runtime/MIDIDevice/MIDIDevice.uplugin
LogPluginManager: Loaded Plugin MobilePatchingUtils, From D:/Unreal/Epic Games/4.14/Engine/Plugins/Runtime/MobilePatchingUtils/MobilePatchingUtils.uplugin
LogPluginManager: Loaded Plugin Ansel, From D:/Unreal/Epic Games/4.14/Engine/Plugins/Runtime/Nvidia/Ansel/Ansel.uplugin
LogPluginManager: Loaded Plugin OculusAudio, From D:/Unreal/Epic Games/4.14/Engine/Plugins/Runtime/OculusAudio/OculusAudio.uplugin
LogPluginManager: Loaded Plugin OculusInput, From D:/Unreal/Epic Games/4.14/Engine/Plugins/Runtime/OculusInput/OculusInput.uplugin
LogPluginManager: Loaded Plugin OculusLibrary, From D:/Unreal/Epic Games/4.14/Engine/Plugins/Runtime/OculusLibrary/OculusLibrary.uplugin
LogPluginManager: Loaded Plugin OculusRift, From D:/Unreal/Epic Games/4.14/Engine/Plugins/Runtime/OculusRift/OculusRift.uplugin
LogPluginManager: Loaded Plugin Oodle, From D:/Unreal/Epic Games/4.14/Engine/Plugins/Runtime/PacketHandlers/CompressionComponents/Oodle/Oodle.uplugin
LogPluginManager: Loaded Plugin ProceduralMeshComponent, From D:/Unreal/Epic Games/4.14/Engine/Plugins/Runtime/ProceduralMeshComponent/ProceduralMeshComponent.uplugin
LogPluginManager: Loaded Plugin SoundMod, From D:/Unreal/Epic Games/4.14/Engine/Plugins/Runtime/SoundMod/SoundMod.uplugin
LogPluginManager: Loaded Plugin SoundVisualizations, From D:/Unreal/Epic Games/4.14/Engine/Plugins/Runtime/SoundVisualizations/SoundVisualizations.uplugin
LogPluginManager: Loaded Plugin SteamController, From D:/Unreal/Epic Games/4.14/Engine/Plugins/Runtime/Steam/SteamController/SteamController.uplugin
LogPluginManager: Loaded Plugin SteamVR, From D:/Unreal/Epic Games/4.14/Engine/Plugins/Runtime/Steam/SteamVR/SteamVR.uplugin
LogPluginManager: Loaded Plugin WebBrowserWidget, From D:/Unreal/Epic Games/4.14/Engine/Plugins/Runtime/WebBrowserWidget/WebBrowserWidget.uplugin
LogPluginManager: Loaded Plugin WindowsDeviceProfileSelector, From D:/Unreal/Epic Games/4.14/Engine/Plugins/Runtime/WindowsDeviceProfileSelector/WindowsDeviceProfileSelector.uplugin
LogPluginManager: Loaded Plugin WindowsMoviePlayer, From D:/Unreal/Epic Games/4.14/Engine/Plugins/Runtime/WindowsMoviePlayer/WindowsMoviePlayer.uplugin
LogPluginManager: Loaded Plugin ScriptPlugin, From D:/Unreal/Epic Games/4.14/Engine/Plugins/ScriptPlugin/ScriptPlugin.uplugin
LogPluginManager: Loaded Plugin SlateRemote, From D:/Unreal/Epic Games/4.14/Engine/Plugins/Slate/SlateRemote/SlateRemote.uplugin
LogPluginManager: Loaded Plugin EditorTests, From D:/Unreal/Epic Games/4.14/Engine/Plugins/Tests/EditorTests/EditorTests.uplugin
LogPluginManager: Loaded Plugin FbxAutomationTestBuilder, From D:/Unreal/Epic Games/4.14/Engine/Plugins/Tests/FbxAutomationTestBuilder/FbxAutomationTestBuilder.uplugin
LogPluginManager: Loaded Plugin FunctionalTestingEditor, From D:/Unreal/Epic Games/4.14/Engine/Plugins/Tests/FunctionalTestingEditor/FunctionalTestingEditor.uplugin
LogPluginManager: Loaded Plugin RuntimeTests, From D:/Unreal/Epic Games/4.14/Engine/Plugins/Tests/RuntimeTests/RuntimeTests.uplugin
LogPluginManager: Loaded Plugin ScreenshotTools, From D:/Unreal/Epic Games/4.14/Engine/Plugins/Tests/ScreenshotTools/ScreenshotTools.uplugin
LogInit: Using libcurl 7.47.1
LogInit:  - built for x86_64-pc-win32
LogInit:  - supports SSL with OpenSSL/1.0.2g
LogInit:  - supports HTTP deflate (compression) using libz 1.2.8
LogInit:  - other features:
LogInit:      CURL_VERSION_SSL
LogInit:      CURL_VERSION_LIBZ
LogInit:      CURL_VERSION_IPV6
LogInit:      CURL_VERSION_ASYNCHDNS
LogInit:      CURL_VERSION_LARGEFILE
LogInit:      CURL_VERSION_IDN
LogInit:  CurlRequestOptions (configurable via config and command line):
LogInit:  - bVerifyPeer = false  - Libcurl will NOT verify peer certificate
LogInit:  - bUseHttpProxy = false  - Libcurl will NOT use HTTP proxy
LogInit:  - bDontReuseConnections = false  - Libcurl will reuse connections
LogInit:  - CertBundlePath = nullptr  - Libcurl will use whatever was configured at build time.
LogInit: Build: ++UE4+Release-4.14-CL-3224400
LogInit: Engine Version: 4.14.1-3224400+++UE4+Release-4.14
LogInit: Compatible Engine Version: 4.14.0-3195953+++UE4+Release-4.14
LogInit: Net CL: 3195953
LogDevObjectVersion: Number of dev versions registered: 13
LogDevObjectVersion:   Dev-Blueprints (B0D832E4-1F89-4F0D-ACCF-7EB736FD4AA2): 7
LogDevObjectVersion:   Dev-Build (E1C64328-A22C-4D53-A36C-8E866417BD8C): 0
LogDevObjectVersion:   Dev-Core (375EC13C-06E4-48FB-B500-84F0262A717E): 1
LogDevObjectVersion:   Dev-Editor (E4B068ED-F494-42E9-A231-DA0B2E46BB41): 8
LogDevObjectVersion:   Dev-Framework (CFFC743F-43B0-4480-9391-14DF171D2073): 17
LogDevObjectVersion:   Dev-Mobile (B02B49B5-BB20-44E9-A304-32B752E40360): 0
LogDevObjectVersion:   Dev-Networking (A4E4105C-59A1-49B5-A7C5-40C4547EDFEE): 0
LogDevObjectVersion:   Dev-Online (39C831C9-5AE6-47DC-9A44-9C173E1C8E7C): 0
LogDevObjectVersion:   Dev-Physics (78F01B33-EBEA-4F98-B9B4-84EACCB95AA2): 0
LogDevObjectVersion:   Dev-Platform (6631380F-2D4D-43E0-8009-CF276956A95A): 0
LogDevObjectVersion:   Dev-Rendering (12F88B9F-8875-4AFC-A67C-D90C383ABD29): 12
LogDevObjectVersion:   Dev-Sequencer (7B5AE74C-D270-4C10-A958-57980B212A5A): 1
LogDevObjectVersion:   Dev-VR (D7296918-1DD6-4BDD-9DE2-64A83CC13884): 0
LogInit: Compiled (64-bit): Dec  7 2016 02:14:32
LogInit: Compiled with Visual C++: 19.00.23026.00
LogInit: Build Configuration: Development
LogInit: Branch Name: ++UE4+Release-4.14
LogInit: Command line: -EpicPortal 
LogInit: Base directory: D:/Unreal/Epic Games/4.14/Engine/Binaries/Win64/
LogInit: Installed Engine Build: 1
LogInit: Presizing for max 8388607 objects, including 0 objects not considered by GC, pre-allocating 0 bytes for permanent pool.
LogInit: Object subsystem initialized
[2017.07.17-13.14.21:661][  0]LogInit: Selected Device Profile: [Windows]
[2017.07.17-13.14.21:661][  0]LogInit: Applying CVar settings loaded from the selected device profile: [Windows]
[2017.07.17-13.14.21:776][  0]LogInit: Computer: HACKME
[2017.07.17-13.14.21:776][  0]LogInit: User: Onirke
[2017.07.17-13.14.21:776][  0]LogInit: CPU Page size=65536, Cores=4
[2017.07.17-13.14.21:776][  0]LogInit: High frequency timer resolution =2.338448 MHz
[2017.07.17-13.14.21:777][  0]LogMemory: Memory total: Physical=7.9GB (8GB approx)
[2017.07.17-13.14.21:777][  0]LogMemory: Platform Memory Stats for Windows
[2017.07.17-13.14.21:777][  0]LogMemory: Process Physical Memory: 263.05 MB used, 263.05 MB peak
[2017.07.17-13.14.21:777][  0]LogMemory: Process Virtual Memory: 262.77 MB used, 262.77 MB peak
[2017.07.17-13.14.21:777][  0]LogMemory: Physical Memory: 4300.29 MB used,  3780.28 MB free, 8080.57 MB total
[2017.07.17-13.14.21:777][  0]LogMemory: Virtual Memory: 659.92 MB used,  3780.28 MB free, 134217728.00 MB total
[2017.07.17-13.14.21:813][  0]LogTextLocalizationManager: No specific translations for ('en-GB') exist, so ('en') translations will be used.
[2017.07.17-13.14.22:529][  0]LogD3D11RHI: D3D11 adapters:
[2017.07.17-13.14.22:558][  0]LogD3D11RHI:    0. 'NVIDIA GeForce GTX 660M' (Feature Level 11_0)
[2017.07.17-13.14.22:558][  0]LogD3D11RHI:       1985/0/2048 MB DedicatedVideo/DedicatedSystem/SharedSystem, Outputs:1, VendorId:0x10de
[2017.07.17-13.14.22:575][  0]LogD3D11RHI:    1. 'NVIDIA GeForce GTX 660M' (Feature Level 11_0)
[2017.07.17-13.14.22:575][  0]LogD3D11RHI:       1985/0/2048 MB DedicatedVideo/DedicatedSystem/SharedSystem, Outputs:0, VendorId:0x10de
[2017.07.17-13.14.22:576][  0]LogD3D11RHI:    2. 'Microsoft Basic Render Driver' (Feature Level 11_0)
[2017.07.17-13.14.22:577][  0]LogD3D11RHI:       1985/0/2048 MB DedicatedVideo/DedicatedSystem/SharedSystem, Outputs:0, VendorId:0x1414
[2017.07.17-13.14.22:577][  0]LogD3D11RHI: Chosen D3D11 Adapter: 0
[2017.07.17-13.14.22:581][  0]LogD3D11RHI: Creating new Direct3DDevice
[2017.07.17-13.14.22:581][  0]LogD3D11RHI:     GPU DeviceId: 0xfd4 (for the marketing name, search the web for "GPU Device Id")
[2017.07.17-13.14.22:581][  0]LogWindows: EnumDisplayDevices:
[2017.07.17-13.14.22:581][  0]LogWindows:    0. 'Intel(R) HD Graphics 4000' (P:1 D:1)
[2017.07.17-13.14.22:582][  0]LogWindows:    1. 'Intel(R) HD Graphics 4000' (P:0 D:0)
[2017.07.17-13.14.22:582][  0]LogWindows:    2. 'Intel(R) HD Graphics 4000' (P:0 D:0)
[2017.07.17-13.14.22:582][  0]LogWindows:    3. 'NVIDIA GeForce GTX 660M' (P:0 D:0)
[2017.07.17-13.14.22:582][  0]LogWindows: DebugString: PrimaryIsNotTheChoosenAdapter PrimaryIsNotTheChoosenAdapter PrimaryIsNotTheChoosenAdapter 
[2017.07.17-13.14.22:582][  0]LogD3D11RHI:     Adapter Name: NVIDIA GeForce GTX 660M
[2017.07.17-13.14.22:582][  0]LogD3D11RHI:   Driver Version: 347.25 (internal:9.18.13.4725, unified:347.25)
[2017.07.17-13.14.22:582][  0]LogD3D11RHI:      Driver Date: 1-9-2015
[2017.07.17-13.14.22:582][  0]LogRHI: Texture pool is 1361 MB (70% of 1945 MB)
[2017.07.17-13.14.22:594][  0]LogD3D11RHI: Async texture creation enabled
[2017.07.17-13.14.22:612][  0]LogD3D11RHI: GPU Timing Frequency: 1000.000000 (Debug: 2 2)
[2017.07.17-13.14.22:613][  0]LogShaderCompilers: Guid format shader working directory is 8 characters bigger than the processId version (../../../../../../Magisterka/Magisterka/Intermediate/Shaders/WorkingDirectory/7652/).
[2017.07.17-13.14.22:613][  0]LogShaderCompilers: Cleaned the shader compiler working directory 'C:/Users/Tommec/AppData/Local/Temp/UnrealShaderWorkingDir/F62065C84BA30A719AF173B45370CB5F/'.
[2017.07.17-13.14.22:613][  0]LogShaderCompilers:Display: Using Local Shader Compiler.
[2017.07.17-13.14.23:812][  0]LogTemp:Display: Loaded TP AllDesktopTargetPlatform
[2017.07.17-13.14.23:862][  0]LogTemp:Display: Loaded TP MacClientTargetPlatform
[2017.07.17-13.14.23:931][  0]LogTemp:Display: Loaded TP MacNoEditorTargetPlatform
[2017.07.17-13.14.23:984][  0]LogTemp:Display: Loaded TP MacServerTargetPlatform
[2017.07.17-13.14.24:047][  0]LogTemp:Display: Loaded TP MacTargetPlatform
[2017.07.17-13.14.24:103][  0]LogTemp:Display: Loaded TP WindowsClientTargetPlatform
[2017.07.17-13.14.24:158][  0]LogTemp:Display: Loaded TP WindowsNoEditorTargetPlatform
[2017.07.17-13.14.24:238][  0]LogTemp:Display: Loaded TP WindowsServerTargetPlatform
[2017.07.17-13.14.24:312][  0]LogTemp:Display: Loaded TP WindowsTargetPlatform
[2017.07.17-13.14.24:390][  0]LogTemp:Display: Loaded TP AndroidTargetPlatform
[2017.07.17-13.14.24:455][  0]LogTemp:Display: Loaded TP Android_ASTCTargetPlatform
[2017.07.17-13.14.24:525][  0]LogTemp:Display: Loaded TP Android_ATCTargetPlatform
[2017.07.17-13.14.24:627][  0]LogTemp:Display: Loaded TP Android_DXTTargetPlatform
[2017.07.17-13.14.24:720][  0]LogTemp:Display: Loaded TP Android_ETC1TargetPlatform
[2017.07.17-13.14.24:851][  0]LogTemp:Display: Loaded TP Android_ETC2TargetPlatform
[2017.07.17-13.14.25:015][  0]LogTemp:Display: Loaded TP Android_MultiTargetPlatform
[2017.07.17-13.14.25:015][  0]LogTemp:Display: Loaded TP Android_PVRTCTargetPlatform
[2017.07.17-13.14.25:054][  0]LogTemp:Display: Loaded TP HTML5TargetPlatform
[2017.07.17-13.14.25:236][  0]LogTemp:Display: Loaded TP IOSTargetPlatform
[2017.07.17-13.14.25:278][  0]LogTemp:Display: Loaded TP TVOSTargetPlatform
[2017.07.17-13.14.25:338][  0]LogTemp:Display: Loaded TP LinuxClientTargetPlatform
[2017.07.17-13.14.25:395][  0]LogTemp:Display: Loaded TP LinuxNoEditorTargetPlatform
[2017.07.17-13.14.25:447][  0]LogTemp:Display: Loaded TP LinuxServerTargetPlatform
[2017.07.17-13.14.25:502][  0]LogTemp:Display: Loaded TP LinuxTargetPlatform
[2017.07.17-13.14.25:502][  0]LogTargetPlatformManager:Display: Building Assets For Windows
[2017.07.17-13.14.25:832][  0]LogDerivedDataCache:Display: Max Cache Size: 512 MB
[2017.07.17-13.14.25:892][  0]LogDerivedDataCache: Loaded boot cache 0.06s 50MB C:/Users/Tommec/AppData/Local/UnrealEngine/4.14/DerivedDataCache/Boot.ddc.
[2017.07.17-13.14.25:892][  0]LogDerivedDataCache:Display: Loaded Boot cache: C:/Users/Tommec/AppData/Local/UnrealEngine/4.14/DerivedDataCache/Boot.ddc
[2017.07.17-13.14.25:892][  0]LogDerivedDataCache: FDerivedDataBackendGraph:  Pak pak cache file ../../../../../../Magisterka/Magisterka/DerivedDataCache/DDC.ddp not found, will not use a pak cache.
[2017.07.17-13.14.25:892][  0]LogDerivedDataCache: Unable to find inner node Pak for hierarchical cache Hierarchy.
[2017.07.17-13.14.25:892][  0]LogDerivedDataCache: FDerivedDataBackendGraph:  CompressedPak pak cache file ../../../../../../Magisterka/Magisterka/DerivedDataCache/Compressed.ddp not found, will not use a pak cache.
[2017.07.17-13.14.25:892][  0]LogDerivedDataCache: Unable to find inner node CompressedPak for hierarchical cache Hierarchy.
[2017.07.17-13.14.25:912][  0]LogDerivedDataCache:Display: Pak cache opened for reading ../../../Engine/DerivedDataCache/Compressed.ddp.
[2017.07.17-13.14.25:925][  0]LogDerivedDataCache: Using Local data cache path C:/Users/Tommec/AppData/Local/UnrealEngine/Common/DerivedDataCache: Writable
[2017.07.17-13.14.26:202][  0]LogInit: Selected Device Profile: [Windows]
[2017.07.17-13.14.26:206][  0]LogContentStreaming: Texture pool size is 0.00 MB
[2017.07.17-13.14.26:452][  0]LogMeshUtilities: Using QuadricMeshReduction for automatic static mesh reduction
[2017.07.17-13.14.26:494][  0]LogSimplygon: Simplygon DLL not present - disabling.
[2017.07.17-13.14.26:545][  0]LogMeshUtilities: Using SimplygonSwarm for distributed automatic mesh merging
[2017.07.17-13.14.26:545][  0]LogMeshUtilities: No automatic skeletal mesh reduction module available
[2017.07.17-13.14.26:545][  0]LogMeshUtilities: No automatic mesh merging module available
[2017.07.17-13.14.27:134][  0]LogNetVersion: GetLocalNetworkVersion: CL: 3195953, ProjectName: magisterka, ProjectVersion: , EngineNetworkVersion: 2, GameNetworkVersion: 0, NetworkChecksum: 2387860662
[2017.07.17-13.14.27:187][  0]LogAssetRegistry: FAssetRegistry took 0.0224 seconds to start up
[2017.07.17-13.14.27:508][  0]LogPackageLocalizationCache: Processed 3 localized package path(s) for 2 prioritized culture(s) in 0.306131 seconds
[2017.07.17-13.14.27:514][  0]LogUObjectArray: 31946 objects as part of root set at end of initial load.
[2017.07.17-13.14.27:514][  0]LogUObjectAllocator: 6935848 out of 0 bytes used by permanent object pool.
[2017.07.17-13.14.27:514][  0]LogUObjectArray: CloseDisregardForGC: 0/0 objects in disregard for GC pool
[2017.07.17-13.14.27:559][  0]LogInit: WinSock: version 1.1 (2.2), MaxSocks=32767, MaxUdp=65467
[2017.07.17-13.14.28:263][  0]LogSlate: Using Freetype 2.6.0
[2017.07.17-13.14.28:264][  0]LogSlate: SlateFontCache - WITH_FREETYPE: 1, WITH_HARFBUZZ: 1
[2017.07.17-13.14.28:264][  0]LogSlate: SlateFontCache - WITH_FREETYPE: 1, WITH_HARFBUZZ: 1
[2017.07.17-13.14.29:158][  0]LogTcpMessaging: Initializing TcpMessaging bridge
[2017.07.17-13.14.29:193][  0]LogUdpMessaging: Initializing bridge on interface 0.0.0.0:0 to multicast group 230.0.0.1:6666.
[2017.07.17-13.14.29:498][  0]LogMaterial: Uniform references updated for custom material expression Custom.
[2017.07.17-13.14.29:819][  0]SourceControl: Info Source control is disabled
[2017.07.17-13.14.29:820][  0]SourceControl: Info Source control is disabled
[2017.07.17-13.14.29:857][  0]SourceControl: Info Source control is disabled
[2017.07.17-13.14.29:907][  0]SourceControl: Info Source control is disabled
[2017.07.17-13.14.31:615][  0]LogEngine: Initializing Engine...
[2017.07.17-13.14.31:616][  0]LogHMD: Failed to initialize OpenVR with code 110
[2017.07.17-13.14.31:841][  0]LogAIModule: Creating AISystem for world Untitled
[2017.07.17-13.14.31:853][  0]LogInit: XAudio2 using 'Głośniki (2- Urządzenie zgodne ze standardem High Definition Audio)' : 2 channels at 48 kHz using 16 bits per sample (channel mask 0x3)
[2017.07.17-13.14.31:869][  0]LogInit: FAudioDevice initialized.
[2017.07.17-13.14.31:897][  0]LogDerivedDataCache: Saved boot cache 0.03s 50MB C:/Users/Tommec/AppData/Local/UnrealEngine/4.14/DerivedDataCache/Boot.ddc.
[2017.07.17-13.14.31:903][  0]LogInit: Texture streaming: Enabled
[2017.07.17-13.14.32:135][  0]LogInit: Transaction tracking system initialized
[2017.07.17-13.14.32:403][  0]BlueprintLog: New page: Editor Load
[2017.07.17-13.14.33:082][  0]LocalizationService: Info Localization service is disabled
[2017.07.17-13.14.33:811][  0]LogConsoleResponse:Display: 
[2017.07.17-13.14.34:189][  0]LogCook:Display: Max memory allowance for cook 16384mb min free memory 0mb
[2017.07.17-13.14.34:189][  0]LogCook:Display: Mobile HDR setting 1
[2017.07.17-13.14.34:693][  0]LogFileCache: Scanning file cache for directory 'D:/Magisterka/Magisterka/Content/' took 0.03s
[2017.07.17-13.14.34:937][  0]SourceControl: Info Source control is disabled
[2017.07.17-13.14.34:937][  0]Cmd: MAP LOAD FILE="../../../../../../Magisterka/Magisterka/Content/FirstPersonBP/Maps/FirstPersonExampleMap.umap" TEMPLATE=0 SHOWPROGRESS=1 FEATURELEVEL=3
[2017.07.17-13.14.34:938][  0]LightingResults: New page: Lighting Build
[2017.07.17-13.14.34:969][  0]MapCheck: New page: Map Check
[2017.07.17-13.14.34:969][  0]LightingResults: New page: Lighting Build
[2017.07.17-13.14.41:592][  0]LogAIModule: Creating AISystem for world FirstPersonExampleMap
[2017.07.17-13.14.43:519][  0]LogEditorServer: Finished looking for orphan Actors (0.000 secs)
[2017.07.17-13.14.43:555][  0]Cmd: MAP CHECKDEP NOCLEARLOG
[2017.07.17-13.14.43:606][  0]MapCheck: Info Map check complete: 0 Error(s), 0 Warning(s), took 51.453ms to complete.
[2017.07.17-13.14.43:606][  0]LogFileHelpers: Loading map 'FirstPersonExampleMap' took 8.669
[2017.07.17-13.14.43:781][  0]LogWindowsTextInputMethodSystem:Display: IME system now deactivated.
[2017.07.17-13.14.46:967][  0]LogCollectionManager: Loaded 0 collections in 0.000907 seconds
[2017.07.17-13.14.47:284][  0]LogFileCache: Scanning file cache for directory 'D:/Magisterka/Magisterka/Saved/Collections/' took 0.01s
[2017.07.17-13.14.47:284][  0]LogFileCache: Scanning file cache for directory 'D:/Magisterka/Magisterka/Content/Developers/Onirke/Collections/' took 0.01s
[2017.07.17-13.14.47:284][  0]LogFileCache: Scanning file cache for directory 'D:/Magisterka/Magisterka/Content/Collections/' took 0.01s
[2017.07.17-13.14.47:284][  0]LogCollectionManager: Rebuilt the GUID cache for 0 collections in 0.000005 seconds
[2017.07.17-13.14.47:300][  0]LogContentBrowser: Native class hierarchy populated in 0.0128 seconds. Added 2190 classes and 428 folders.
[2017.07.17-13.14.47:507][  0]LogStats: UGameplayTagsManager::ConstructGameplayTagTree: Construct from data asset -  0.000 s
[2017.07.17-13.14.47:508][  0]LogStats: UGameplayTagsManager::ConstructGameplayTagTree: GameplayTagTreeChangedEvent.Broadcast -  0.000 s
[2017.07.17-13.14.47:509][  0]LogContentBrowser: Native class hierarchy updated for 'GameplayTags' in 0.0007 seconds. Added 13 classes and 0 folders.
[2017.07.17-13.14.47:614][  0]LogContentBrowser: Native class hierarchy updated for 'WidgetCarousel' in 0.0005 seconds. Added 0 classes and 0 folders.
[2017.07.17-13.14.48:547][  0]LogContentBrowser: Native class hierarchy updated for 'AddContentDialog' in 0.0006 seconds. Added 0 classes and 0 folders.
[2017.07.17-13.14.48:689][  0]LogContentBrowser: Native class hierarchy updated for 'SceneOutliner' in 0.0006 seconds. Added 1 classes and 2 folders.
[2017.07.17-13.14.49:049][  0]LogContentBrowser: Native class hierarchy updated for 'WorldBrowser' in 0.0006 seconds. Added 1 classes and 3 folders.
[2017.07.17-13.14.51:495][  0]LogCrashTracker: Crashtracker disabled due to settings.
[2017.07.17-13.14.51:942][  0]LogUObjectGlobals:Warning: Failed to find object 'Class None.'
[2017.07.17-13.14.52:165][  0]LogContentBrowser: Native class hierarchy updated for 'HierarchicalLODOutliner' in 0.0005 seconds. Added 1 classes and 2 folders.
[2017.07.17-13.14.52:166][  0]LogLoad: (Engine Initialization) Total time: 33.36 seconds
[2017.07.17-13.14.52:166][  0]LogLoad: (Engine Initialization) Total Blueprint compile time: 1.58 seconds
[2017.07.17-13.14.52:166][  0]LogExternalProfiler: Found external profiler: VSPerf
[2017.07.17-13.14.52:166][  0]LogExternalProfiler: Using external profiler: VSPerf
[2017.07.17-13.14.52:183][  0]LogOcInput: OculusInput pre-init called
[2017.07.17-13.14.52:848][  0]LogContentStreaming: Texture pool size now 1000 MB
[2017.07.17-13.14.54:532][  1]LogRenderer: Reallocating scene render targets to support 752x424 NumSamples 1 (Frame:2).
[2017.07.17-13.14.55:738][  3]LogAssetRegistry: Asset discovery search completed in 28.5735 seconds
[2017.07.17-13.14.55:738][  3]LogCollectionManager: Rebuilt the object cache for 0 collections in 0.000001 seconds (found 0 objects)
[2017.07.17-13.14.55:738][  3]LogCollectionManager: Fixed up redirectors for 0 collections in 0.000019 seconds (updated 0 objects)
