Log file open, 07/15/17 13:19:11
LogInit:Display: Running engine for game: Magisterka
LogPlatformFile: Not using cached read wrapper
LogInit:Display: RandInit(171535912) SRandInit(171535912).
LogTaskGraph: Started task graph with 5 named threads and 8 total threads with 1 sets of task threads.
LogStats: Stats thread started at 0.077118
LogPluginManager: Loaded Plugin Paper2D, From D:/Unreal/Epic Games/4.14/Engine/Plugins/2D/Paper2D/Paper2D.uplugin
LogPluginManager: Loaded Plugin LightPropagationVolume, From D:/Unreal/Epic Games/4.14/Engine/Plugins/Blendables/LightPropagationVolume/LightPropagationVolume.uplugin
LogPluginManager: Loaded Plugin BlankPlugin, From D:/Unreal/Epic Games/4.14/Engine/Plugins/Developer/BlankPlugin/BlankPlugin.uplugin
LogPluginManager: Loaded Plugin CodeLiteSourceCodeAccess, From D:/Unreal/Epic Games/4.14/Engine/Plugins/Developer/CodeLiteSourceCodeAccess/CodeLiteSourceCodeAccess.uplugin
LogPluginManager: Loaded Plugin GitSourceControl, From D:/Unreal/Epic Games/4.14/Engine/Plugins/Developer/GitSourceControl/GitSourceControl.uplugin
LogPluginManager: Loaded Plugin KDevelopSourceCodeAccess, From D:/Unreal/Epic Games/4.14/Engine/Plugins/Developer/KDevelopSourceCodeAccess/KDevelopSourceCodeAccess.uplugin
LogPluginManager: Loaded Plugin NullSourceCodeAccess, From D:/Unreal/Epic Games/4.14/Engine/Plugins/Developer/NullSourceCodeAccess/NullSourceCodeAccess.uplugin
LogPluginManager: Loaded Plugin OneSkyLocalizationService, From D:/Unreal/Epic Games/4.14/Engine/Plugins/Developer/OneSkyLocalizationService/OneSkyLocalizationService.uplugin
LogPluginManager: Loaded Plugin PerforceSourceControl, From D:/Unreal/Epic Games/4.14/Engine/Plugins/Developer/PerforceSourceControl/PerforceSourceControl.uplugin
LogPluginManager: Loaded Plugin SubversionSourceControl, From D:/Unreal/Epic Games/4.14/Engine/Plugins/Developer/SubversionSourceControl/SubversionSourceControl.uplugin
LogPluginManager: Loaded Plugin UObjectPlugin, From D:/Unreal/Epic Games/4.14/Engine/Plugins/Developer/UObjectPlugin/UObjectPlugin.uplugin
LogPluginManager: Loaded Plugin VisualStudioSourceCodeAccess, From D:/Unreal/Epic Games/4.14/Engine/Plugins/Developer/VisualStudioSourceCodeAccess/VisualStudioSourceCodeAccess.uplugin
LogPluginManager: Loaded Plugin XCodeSourceCodeAccess, From D:/Unreal/Epic Games/4.14/Engine/Plugins/Developer/XCodeSourceCodeAccess/XCodeSourceCodeAccess.uplugin
LogPluginManager: Loaded Plugin AudioCapture, From D:/Unreal/Epic Games/4.14/Engine/Plugins/Editor/AudioCapture/AudioCapture.uplugin
LogPluginManager: Loaded Plugin EpicSurvey, From D:/Unreal/Epic Games/4.14/Engine/Plugins/Editor/EpicSurvey/EpicSurvey.uplugin
LogPluginManager: Loaded Plugin MacGraphicsSwitching, From D:/Unreal/Epic Games/4.14/Engine/Plugins/Editor/MacGraphicsSwitching/MacGraphicsSwitching.uplugin
LogPluginManager: Loaded Plugin MobileLauncherProfileWizard, From D:/Unreal/Epic Games/4.14/Engine/Plugins/Editor/MobileLauncherProfileWizard/MobileLauncherProfileWizard.uplugin
LogPluginManager: Loaded Plugin PluginBrowser, From D:/Unreal/Epic Games/4.14/Engine/Plugins/Editor/PluginBrowser/PluginBrowser.uplugin
LogPluginManager: Loaded Plugin SpeedTreeImporter, From D:/Unreal/Epic Games/4.14/Engine/Plugins/Editor/SpeedTreeImporter/SpeedTreeImporter.uplugin
LogPluginManager: Loaded Plugin SuperSearchEditor, From D:/Unreal/Epic Games/4.14/Engine/Plugins/Editor/SuperSearchEditor/SuperSearchEditor.uplugin
LogPluginManager: Loaded Plugin AlembicImporter, From D:/Unreal/Epic Games/4.14/Engine/Plugins/Experimental/AlembicImporter/AlembicImporter.uplugin
LogPluginManager: Loaded Plugin BlueprintStats, From D:/Unreal/Epic Games/4.14/Engine/Plugins/Experimental/BlueprintStats/BlueprintStats.uplugin
LogPluginManager: Loaded Plugin CharacterAI, From D:/Unreal/Epic Games/4.14/Engine/Plugins/Experimental/CharacterAI/CharacterAI.uplugin
LogPluginManager: Loaded Plugin CodeEditor, From D:/Unreal/Epic Games/4.14/Engine/Plugins/Experimental/CodeEditor/CodeEditor.uplugin
LogPluginManager: Loaded Plugin CodeView, From D:/Unreal/Epic Games/4.14/Engine/Plugins/Experimental/CodeView/CodeView.uplugin
LogPluginManager: Loaded Plugin HTML5Networking, From D:/Unreal/Epic Games/4.14/Engine/Plugins/Experimental/HTML5Networking/HTML5Networking.uplugin
LogPluginManager: Loaded Plugin OSVR, From D:/Unreal/Epic Games/4.14/Engine/Plugins/Experimental/OSVR/OSVR.uplugin
LogPluginManager: Loaded Plugin Phya, From D:/Unreal/Epic Games/4.14/Engine/Plugins/Experimental/Phya/Phya.uplugin
LogPluginManager: Loaded Plugin SignificanceManager, From D:/Unreal/Epic Games/4.14/Engine/Plugins/Experimental/SignificanceManager/SignificanceManager.uplugin
LogPluginManager: Loaded Plugin SimpleHMD, From D:/Unreal/Epic Games/4.14/Engine/Plugins/Experimental/SimpleHMD/SimpleHMD.uplugin
LogPluginManager: Loaded Plugin StereoPanorama, From D:/Unreal/Epic Games/4.14/Engine/Plugins/Experimental/StereoPanorama/StereoPanorama.uplugin
LogPluginManager: Loaded Plugin StructBox, From D:/Unreal/Epic Games/4.14/Engine/Plugins/Experimental/StructBox/StructBox.uplugin
LogPluginManager: Loaded Plugin AndroidMedia, From D:/Unreal/Epic Games/4.14/Engine/Plugins/Media/AndroidMedia/AndroidMedia.uplugin
LogPluginManager: Loaded Plugin AvfMedia, From D:/Unreal/Epic Games/4.14/Engine/Plugins/Media/AvfMedia/AvfMedia.uplugin
LogPluginManager: Loaded Plugin MediaPlayerEditor, From D:/Unreal/Epic Games/4.14/Engine/Plugins/Media/MediaPlayerEditor/MediaPlayerEditor.uplugin
LogPluginManager: Loaded Plugin WmfMedia, From D:/Unreal/Epic Games/4.14/Engine/Plugins/Media/WmfMedia/WmfMedia.uplugin
LogPluginManager: Loaded Plugin MessagingDebugger, From D:/Unreal/Epic Games/4.14/Engine/Plugins/Messaging/MessagingDebugger/MessagingDebugger.uplugin
LogPluginManager: Loaded Plugin TcpMessaging, From D:/Unreal/Epic Games/4.14/Engine/Plugins/Messaging/TcpMessaging/TcpMessaging.uplugin
LogPluginManager: Loaded Plugin UdpMessaging, From D:/Unreal/Epic Games/4.14/Engine/Plugins/Messaging/UdpMessaging/UdpMessaging.uplugin
LogPluginManager: Loaded Plugin LevelSequenceEditor, From D:/Unreal/Epic Games/4.14/Engine/Plugins/MovieScene/LevelSequenceEditor/LevelSequenceEditor.uplugin
LogPluginManager: Loaded Plugin MatineeToLevelSequence, From D:/Unreal/Epic Games/4.14/Engine/Plugins/MovieScene/MatineeToLevelSequence/MatineeToLevelSequence.uplugin
LogPluginManager: Loaded Plugin NetcodeUnitTest, From D:/Unreal/Epic Games/4.14/Engine/Plugins/NetcodeUnitTest/NetcodeUnitTest/NetcodeUnitTest.uplugin
LogPluginManager: Loaded Plugin NUTUnrealEngine4, From D:/Unreal/Epic Games/4.14/Engine/Plugins/NetcodeUnitTest/NUTUnrealEngine4/NUTUnrealEngine4.uplugin
LogPluginManager: Loaded Plugin OnlineSubsystemGameCircle, From D:/Unreal/Epic Games/4.14/Engine/Plugins/Online/Android/OnlineSubsystemGameCircle/OnlineSubsystemGameCircle.uplugin
LogPluginManager: Loaded Plugin OnlineSubsystemGooglePlay, From D:/Unreal/Epic Games/4.14/Engine/Plugins/Online/Android/OnlineSubsystemGooglePlay/OnlineSubsystemGooglePlay.uplugin
LogPluginManager: Loaded Plugin OnlineSubsystemIOS, From D:/Unreal/Epic Games/4.14/Engine/Plugins/Online/IOS/OnlineSubsystemIOS/OnlineSubsystemIOS.uplugin
LogPluginManager: Loaded Plugin OnlineFramework, From D:/Unreal/Epic Games/4.14/Engine/Plugins/Online/OnlineFramework/OnlineFramework.uplugin
LogPluginManager: Loaded Plugin OnlineSubsystem, From D:/Unreal/Epic Games/4.14/Engine/Plugins/Online/OnlineSubsystem/OnlineSubsystem.uplugin
LogPluginManager: Loaded Plugin OnlineSubsystemAmazon, From D:/Unreal/Epic Games/4.14/Engine/Plugins/Online/OnlineSubsystemAmazon/OnlineSubsystemAmazon.uplugin
LogPluginManager: Loaded Plugin OnlineSubsystemFacebook, From D:/Unreal/Epic Games/4.14/Engine/Plugins/Online/OnlineSubsystemFacebook/OnlineSubsystemFacebook.uplugin
LogPluginManager: Loaded Plugin OnlineSubsystemNull, From D:/Unreal/Epic Games/4.14/Engine/Plugins/Online/OnlineSubsystemNull/OnlineSubsystemNull.uplugin
LogPluginManager: Loaded Plugin OnlineSubsystemOculus, From D:/Unreal/Epic Games/4.14/Engine/Plugins/Online/OnlineSubsystemOculus/OnlineSubsystemOculus.uplugin
LogPluginManager: Loaded Plugin OnlineSubsystemSteam, From D:/Unreal/Epic Games/4.14/Engine/Plugins/Online/OnlineSubsystemSteam/OnlineSubsystemSteam.uplugin
LogPluginManager: Loaded Plugin OnlineSubsystemUtils, From D:/Unreal/Epic Games/4.14/Engine/Plugins/Online/OnlineSubsystemUtils/OnlineSubsystemUtils.uplugin
LogPluginManager: Loaded Plugin IOSTapJoy, From D:/Unreal/Epic Games/4.14/Engine/Plugins/Runtime/Advertising/IOSTapJoy/IOSTapJoy.uplugin
LogPluginManager: Loaded Plugin AnalyticsBlueprintLibrary, From D:/Unreal/Epic Games/4.14/Engine/Plugins/Runtime/Analytics/AnalyticsBlueprintLibrary/AnalyticsBlueprintLibrary.uplugin
LogPluginManager: Loaded Plugin AnalyticsMulticast, From D:/Unreal/Epic Games/4.14/Engine/Plugins/Runtime/Analytics/AnalyticsMulticast/AnalyticsMulticast.uplugin
LogPluginManager: Loaded Plugin Apsalar, From D:/Unreal/Epic Games/4.14/Engine/Plugins/Runtime/Analytics/Apsalar/Apsalar.uplugin
LogPluginManager: Loaded Plugin FileLogging, From D:/Unreal/Epic Games/4.14/Engine/Plugins/Runtime/Analytics/FileLogging/FileLogging.uplugin
LogPluginManager: Loaded Plugin Flurry, From D:/Unreal/Epic Games/4.14/Engine/Plugins/Runtime/Analytics/Flurry/Flurry.uplugin
LogPluginManager: Loaded Plugin AndroidDeviceProfileSelector, From D:/Unreal/Epic Games/4.14/Engine/Plugins/Runtime/AndroidDeviceProfileSelector/AndroidDeviceProfileSelector.uplugin
LogPluginManager: Loaded Plugin AndroidMoviePlayer, From D:/Unreal/Epic Games/4.14/Engine/Plugins/Runtime/AndroidMoviePlayer/AndroidMoviePlayer.uplugin
LogPluginManager: Loaded Plugin AppleMoviePlayer, From D:/Unreal/Epic Games/4.14/Engine/Plugins/Runtime/AppleMoviePlayer/AppleMoviePlayer.uplugin
LogPluginManager: Loaded Plugin ArchVisCharacter, From D:/Unreal/Epic Games/4.14/Engine/Plugins/Runtime/ArchVisCharacter/ArchVisCharacter.uplugin
LogPluginManager: Loaded Plugin CableComponent, From D:/Unreal/Epic Games/4.14/Engine/Plugins/Runtime/CableComponent/CableComponent.uplugin
LogPluginManager: Loaded Plugin CustomMeshComponent, From D:/Unreal/Epic Games/4.14/Engine/Plugins/Runtime/CustomMeshComponent/CustomMeshComponent.uplugin
LogPluginManager: Loaded Plugin ExampleDeviceProfileSelector, From D:/Unreal/Epic Games/4.14/Engine/Plugins/Runtime/ExampleDeviceProfileSelector/ExampleDeviceProfileSelector.uplugin
LogPluginManager: Loaded Plugin GearVR, From D:/Unreal/Epic Games/4.14/Engine/Plugins/Runtime/GearVR/GearVR.uplugin
LogPluginManager: Loaded Plugin GoogleVRController, From D:/Unreal/Epic Games/4.14/Engine/Plugins/Runtime/GoogleVR/GoogleVRController/GoogleVRController.uplugin
LogPluginManager: Loaded Plugin GoogleVRHMD, From D:/Unreal/Epic Games/4.14/Engine/Plugins/Runtime/GoogleVR/GoogleVRHMD/GoogleVRHMD.uplugin
LogPluginManager: Loaded Plugin IOSDeviceProfileSelector, From D:/Unreal/Epic Games/4.14/Engine/Plugins/Runtime/IOSDeviceProfileSelector/IOSDeviceProfileSelector.uplugin
LogPluginManager: Loaded Plugin LeapMotion, From D:/Unreal/Epic Games/4.14/Engine/Plugins/Runtime/LeapMotion/LeapMotion.uplugin
LogPluginManager: Loaded Plugin LinuxDeviceProfileSelector, From D:/Unreal/Epic Games/4.14/Engine/Plugins/Runtime/LinuxDeviceProfileSelector/LinuxDeviceProfileSelector.uplugin
LogPluginManager: Loaded Plugin MIDIDevice, From D:/Unreal/Epic Games/4.14/Engine/Plugins/Runtime/MIDIDevice/MIDIDevice.uplugin
LogPluginManager: Loaded Plugin MobilePatchingUtils, From D:/Unreal/Epic Games/4.14/Engine/Plugins/Runtime/MobilePatchingUtils/MobilePatchingUtils.uplugin
LogPluginManager: Loaded Plugin Ansel, From D:/Unreal/Epic Games/4.14/Engine/Plugins/Runtime/Nvidia/Ansel/Ansel.uplugin
LogPluginManager: Loaded Plugin OculusAudio, From D:/Unreal/Epic Games/4.14/Engine/Plugins/Runtime/OculusAudio/OculusAudio.uplugin
LogPluginManager: Loaded Plugin OculusInput, From D:/Unreal/Epic Games/4.14/Engine/Plugins/Runtime/OculusInput/OculusInput.uplugin
LogPluginManager: Loaded Plugin OculusLibrary, From D:/Unreal/Epic Games/4.14/Engine/Plugins/Runtime/OculusLibrary/OculusLibrary.uplugin
LogPluginManager: Loaded Plugin OculusRift, From D:/Unreal/Epic Games/4.14/Engine/Plugins/Runtime/OculusRift/OculusRift.uplugin
LogPluginManager: Loaded Plugin Oodle, From D:/Unreal/Epic Games/4.14/Engine/Plugins/Runtime/PacketHandlers/CompressionComponents/Oodle/Oodle.uplugin
LogPluginManager: Loaded Plugin ProceduralMeshComponent, From D:/Unreal/Epic Games/4.14/Engine/Plugins/Runtime/ProceduralMeshComponent/ProceduralMeshComponent.uplugin
LogPluginManager: Loaded Plugin SoundMod, From D:/Unreal/Epic Games/4.14/Engine/Plugins/Runtime/SoundMod/SoundMod.uplugin
LogPluginManager: Loaded Plugin SoundVisualizations, From D:/Unreal/Epic Games/4.14/Engine/Plugins/Runtime/SoundVisualizations/SoundVisualizations.uplugin
LogPluginManager: Loaded Plugin SteamController, From D:/Unreal/Epic Games/4.14/Engine/Plugins/Runtime/Steam/SteamController/SteamController.uplugin
LogPluginManager: Loaded Plugin SteamVR, From D:/Unreal/Epic Games/4.14/Engine/Plugins/Runtime/Steam/SteamVR/SteamVR.uplugin
LogPluginManager: Loaded Plugin WebBrowserWidget, From D:/Unreal/Epic Games/4.14/Engine/Plugins/Runtime/WebBrowserWidget/WebBrowserWidget.uplugin
LogPluginManager: Loaded Plugin WindowsDeviceProfileSelector, From D:/Unreal/Epic Games/4.14/Engine/Plugins/Runtime/WindowsDeviceProfileSelector/WindowsDeviceProfileSelector.uplugin
LogPluginManager: Loaded Plugin WindowsMoviePlayer, From D:/Unreal/Epic Games/4.14/Engine/Plugins/Runtime/WindowsMoviePlayer/WindowsMoviePlayer.uplugin
LogPluginManager: Loaded Plugin ScriptPlugin, From D:/Unreal/Epic Games/4.14/Engine/Plugins/ScriptPlugin/ScriptPlugin.uplugin
LogPluginManager: Loaded Plugin SlateRemote, From D:/Unreal/Epic Games/4.14/Engine/Plugins/Slate/SlateRemote/SlateRemote.uplugin
LogPluginManager: Loaded Plugin EditorTests, From D:/Unreal/Epic Games/4.14/Engine/Plugins/Tests/EditorTests/EditorTests.uplugin
LogPluginManager: Loaded Plugin FbxAutomationTestBuilder, From D:/Unreal/Epic Games/4.14/Engine/Plugins/Tests/FbxAutomationTestBuilder/FbxAutomationTestBuilder.uplugin
LogPluginManager: Loaded Plugin FunctionalTestingEditor, From D:/Unreal/Epic Games/4.14/Engine/Plugins/Tests/FunctionalTestingEditor/FunctionalTestingEditor.uplugin
LogPluginManager: Loaded Plugin RuntimeTests, From D:/Unreal/Epic Games/4.14/Engine/Plugins/Tests/RuntimeTests/RuntimeTests.uplugin
LogPluginManager: Loaded Plugin ScreenshotTools, From D:/Unreal/Epic Games/4.14/Engine/Plugins/Tests/ScreenshotTools/ScreenshotTools.uplugin
LogInit: Using libcurl 7.47.1
LogInit:  - built for x86_64-pc-win32
LogInit:  - supports SSL with OpenSSL/1.0.2g
LogInit:  - supports HTTP deflate (compression) using libz 1.2.8
LogInit:  - other features:
LogInit:      CURL_VERSION_SSL
LogInit:      CURL_VERSION_LIBZ
LogInit:      CURL_VERSION_IPV6
LogInit:      CURL_VERSION_ASYNCHDNS
LogInit:      CURL_VERSION_LARGEFILE
LogInit:      CURL_VERSION_IDN
LogInit:  CurlRequestOptions (configurable via config and command line):
LogInit:  - bVerifyPeer = false  - Libcurl will NOT verify peer certificate
LogInit:  - bUseHttpProxy = false  - Libcurl will NOT use HTTP proxy
LogInit:  - bDontReuseConnections = false  - Libcurl will reuse connections
LogInit:  - CertBundlePath = nullptr  - Libcurl will use whatever was configured at build time.
LogInit: Build: ++UE4+Release-4.14-CL-3224400
LogInit: Engine Version: 4.14.1-3224400+++UE4+Release-4.14
LogInit: Compatible Engine Version: 4.14.0-3195953+++UE4+Release-4.14
LogInit: Net CL: 3195953
LogDevObjectVersion: Number of dev versions registered: 13
LogDevObjectVersion:   Dev-Blueprints (B0D832E4-1F89-4F0D-ACCF-7EB736FD4AA2): 7
LogDevObjectVersion:   Dev-Build (E1C64328-A22C-4D53-A36C-8E866417BD8C): 0
LogDevObjectVersion:   Dev-Core (375EC13C-06E4-48FB-B500-84F0262A717E): 1
LogDevObjectVersion:   Dev-Editor (E4B068ED-F494-42E9-A231-DA0B2E46BB41): 8
LogDevObjectVersion:   Dev-Framework (CFFC743F-43B0-4480-9391-14DF171D2073): 17
LogDevObjectVersion:   Dev-Mobile (B02B49B5-BB20-44E9-A304-32B752E40360): 0
LogDevObjectVersion:   Dev-Networking (A4E4105C-59A1-49B5-A7C5-40C4547EDFEE): 0
LogDevObjectVersion:   Dev-Online (39C831C9-5AE6-47DC-9A44-9C173E1C8E7C): 0
LogDevObjectVersion:   Dev-Physics (78F01B33-EBEA-4F98-B9B4-84EACCB95AA2): 0
LogDevObjectVersion:   Dev-Platform (6631380F-2D4D-43E0-8009-CF276956A95A): 0
LogDevObjectVersion:   Dev-Rendering (12F88B9F-8875-4AFC-A67C-D90C383ABD29): 12
LogDevObjectVersion:   Dev-Sequencer (7B5AE74C-D270-4C10-A958-57980B212A5A): 1
LogDevObjectVersion:   Dev-VR (D7296918-1DD6-4BDD-9DE2-64A83CC13884): 0
LogInit: Compiled (64-bit): Dec  7 2016 02:14:32
LogInit: Compiled with Visual C++: 19.00.23026.00
LogInit: Build Configuration: Development
LogInit: Branch Name: ++UE4+Release-4.14
LogInit: Command line: -EpicPortal 
LogInit: Base directory: D:/Unreal/Epic Games/4.14/Engine/Binaries/Win64/
LogInit: Installed Engine Build: 1
LogInit: Presizing for max 8388607 objects, including 0 objects not considered by GC, pre-allocating 0 bytes for permanent pool.
LogInit: Object subsystem initialized
[2017.07.15-12.19.12:143][  0]LogInit: Selected Device Profile: [Windows]
[2017.07.15-12.19.12:143][  0]LogInit: Applying CVar settings loaded from the selected device profile: [Windows]
[2017.07.15-12.19.12:181][  0]LogInit: Computer: HACKME
[2017.07.15-12.19.12:181][  0]LogInit: User: Onirke
[2017.07.15-12.19.12:181][  0]LogInit: CPU Page size=65536, Cores=4
[2017.07.15-12.19.12:181][  0]LogInit: High frequency timer resolution =2.338450 MHz
[2017.07.15-12.19.12:181][  0]LogMemory: Memory total: Physical=7.9GB (8GB approx)
[2017.07.15-12.19.12:181][  0]LogMemory: Platform Memory Stats for Windows
[2017.07.15-12.19.12:181][  0]LogMemory: Process Physical Memory: 263.01 MB used, 263.01 MB peak
[2017.07.15-12.19.12:181][  0]LogMemory: Process Virtual Memory: 262.73 MB used, 262.73 MB peak
[2017.07.15-12.19.12:181][  0]LogMemory: Physical Memory: 4345.99 MB used,  3734.58 MB free, 8080.57 MB total
[2017.07.15-12.19.12:181][  0]LogMemory: Virtual Memory: 659.92 MB used,  3734.58 MB free, 134217728.00 MB total
[2017.07.15-12.19.12:213][  0]LogTextLocalizationManager: No specific translations for ('en-GB') exist, so ('en') translations will be used.
[2017.07.15-12.19.12:902][  0]LogD3D11RHI: D3D11 adapters:
[2017.07.15-12.19.12:928][  0]LogD3D11RHI:    0. 'NVIDIA GeForce GTX 660M' (Feature Level 11_0)
[2017.07.15-12.19.12:928][  0]LogD3D11RHI:       1985/0/2048 MB DedicatedVideo/DedicatedSystem/SharedSystem, Outputs:1, VendorId:0x10de
[2017.07.15-12.19.12:945][  0]LogD3D11RHI:    1. 'NVIDIA GeForce GTX 660M' (Feature Level 11_0)
[2017.07.15-12.19.12:945][  0]LogD3D11RHI:       1985/0/2048 MB DedicatedVideo/DedicatedSystem/SharedSystem, Outputs:0, VendorId:0x10de
[2017.07.15-12.19.12:946][  0]LogD3D11RHI:    2. 'Microsoft Basic Render Driver' (Feature Level 11_0)
[2017.07.15-12.19.12:946][  0]LogD3D11RHI:       1985/0/2048 MB DedicatedVideo/DedicatedSystem/SharedSystem, Outputs:0, VendorId:0x1414
[2017.07.15-12.19.12:946][  0]LogD3D11RHI: Chosen D3D11 Adapter: 0
[2017.07.15-12.19.12:950][  0]LogD3D11RHI: Creating new Direct3DDevice
[2017.07.15-12.19.12:950][  0]LogD3D11RHI:     GPU DeviceId: 0xfd4 (for the marketing name, search the web for "GPU Device Id")
[2017.07.15-12.19.12:950][  0]LogWindows: EnumDisplayDevices:
[2017.07.15-12.19.12:950][  0]LogWindows:    0. 'Intel(R) HD Graphics 4000' (P:1 D:1)
[2017.07.15-12.19.12:950][  0]LogWindows:    1. 'Intel(R) HD Graphics 4000' (P:0 D:0)
[2017.07.15-12.19.12:951][  0]LogWindows:    2. 'Intel(R) HD Graphics 4000' (P:0 D:0)
[2017.07.15-12.19.12:951][  0]LogWindows:    3. 'NVIDIA GeForce GTX 660M' (P:0 D:0)
[2017.07.15-12.19.12:951][  0]LogWindows: DebugString: PrimaryIsNotTheChoosenAdapter PrimaryIsNotTheChoosenAdapter PrimaryIsNotTheChoosenAdapter 
[2017.07.15-12.19.12:951][  0]LogD3D11RHI:     Adapter Name: NVIDIA GeForce GTX 660M
[2017.07.15-12.19.12:951][  0]LogD3D11RHI:   Driver Version: 347.25 (internal:9.18.13.4725, unified:347.25)
[2017.07.15-12.19.12:951][  0]LogD3D11RHI:      Driver Date: 1-9-2015
[2017.07.15-12.19.12:951][  0]LogRHI: Texture pool is 1361 MB (70% of 1945 MB)
[2017.07.15-12.19.12:964][  0]LogD3D11RHI: Async texture creation enabled
[2017.07.15-12.19.12:983][  0]LogD3D11RHI: GPU Timing Frequency: 1000.000000 (Debug: 2 2)
[2017.07.15-12.19.12:984][  0]LogShaderCompilers: Guid format shader working directory is 8 characters bigger than the processId version (../../../../../../Magisterka/Magisterka/Intermediate/Shaders/WorkingDirectory/8228/).
[2017.07.15-12.19.12:984][  0]LogShaderCompilers: Cleaned the shader compiler working directory 'C:/Users/Tommec/AppData/Local/Temp/UnrealShaderWorkingDir/C54DAB374A17E9DB09CD68A919363703/'.
[2017.07.15-12.19.12:984][  0]LogShaderCompilers:Display: Using Local Shader Compiler.
[2017.07.15-12.19.14:147][  0]LogTemp:Display: Loaded TP AllDesktopTargetPlatform
[2017.07.15-12.19.14:198][  0]LogTemp:Display: Loaded TP MacClientTargetPlatform
[2017.07.15-12.19.14:250][  0]LogTemp:Display: Loaded TP MacNoEditorTargetPlatform
[2017.07.15-12.19.14:301][  0]LogTemp:Display: Loaded TP MacServerTargetPlatform
[2017.07.15-12.19.14:375][  0]LogTemp:Display: Loaded TP MacTargetPlatform
[2017.07.15-12.19.14:431][  0]LogTemp:Display: Loaded TP WindowsClientTargetPlatform
[2017.07.15-12.19.14:489][  0]LogTemp:Display: Loaded TP WindowsNoEditorTargetPlatform
[2017.07.15-12.19.14:541][  0]LogTemp:Display: Loaded TP WindowsServerTargetPlatform
[2017.07.15-12.19.14:580][  0]LogTemp:Display: Loaded TP WindowsTargetPlatform
[2017.07.15-12.19.14:630][  0]LogTemp:Display: Loaded TP AndroidTargetPlatform
[2017.07.15-12.19.14:681][  0]LogTemp:Display: Loaded TP Android_ASTCTargetPlatform
[2017.07.15-12.19.14:732][  0]LogTemp:Display: Loaded TP Android_ATCTargetPlatform
[2017.07.15-12.19.14:783][  0]LogTemp:Display: Loaded TP Android_DXTTargetPlatform
[2017.07.15-12.19.14:834][  0]LogTemp:Display: Loaded TP Android_ETC1TargetPlatform
[2017.07.15-12.19.14:885][  0]LogTemp:Display: Loaded TP Android_ETC2TargetPlatform
[2017.07.15-12.19.14:988][  0]LogTemp:Display: Loaded TP Android_MultiTargetPlatform
[2017.07.15-12.19.14:988][  0]LogTemp:Display: Loaded TP Android_PVRTCTargetPlatform
[2017.07.15-12.19.15:020][  0]LogTemp:Display: Loaded TP HTML5TargetPlatform
[2017.07.15-12.19.15:099][  0]LogTemp:Display: Loaded TP IOSTargetPlatform
[2017.07.15-12.19.15:134][  0]LogTemp:Display: Loaded TP TVOSTargetPlatform
[2017.07.15-12.19.15:188][  0]LogTemp:Display: Loaded TP LinuxClientTargetPlatform
[2017.07.15-12.19.15:263][  0]LogTemp:Display: Loaded TP LinuxNoEditorTargetPlatform
[2017.07.15-12.19.15:317][  0]LogTemp:Display: Loaded TP LinuxServerTargetPlatform
[2017.07.15-12.19.15:373][  0]LogTemp:Display: Loaded TP LinuxTargetPlatform
[2017.07.15-12.19.15:373][  0]LogTargetPlatformManager:Display: Building Assets For Windows
[2017.07.15-12.19.15:695][  0]LogDerivedDataCache:Display: Max Cache Size: 512 MB
[2017.07.15-12.19.15:763][  0]LogDerivedDataCache: Loaded boot cache 0.07s 50MB C:/Users/Tommec/AppData/Local/UnrealEngine/4.14/DerivedDataCache/Boot.ddc.
[2017.07.15-12.19.15:763][  0]LogDerivedDataCache:Display: Loaded Boot cache: C:/Users/Tommec/AppData/Local/UnrealEngine/4.14/DerivedDataCache/Boot.ddc
[2017.07.15-12.19.15:764][  0]LogDerivedDataCache: FDerivedDataBackendGraph:  Pak pak cache file ../../../../../../Magisterka/Magisterka/DerivedDataCache/DDC.ddp not found, will not use a pak cache.
[2017.07.15-12.19.15:764][  0]LogDerivedDataCache: Unable to find inner node Pak for hierarchical cache Hierarchy.
[2017.07.15-12.19.15:764][  0]LogDerivedDataCache: FDerivedDataBackendGraph:  CompressedPak pak cache file ../../../../../../Magisterka/Magisterka/DerivedDataCache/Compressed.ddp not found, will not use a pak cache.
[2017.07.15-12.19.15:764][  0]LogDerivedDataCache: Unable to find inner node CompressedPak for hierarchical cache Hierarchy.
[2017.07.15-12.19.15:782][  0]LogDerivedDataCache:Display: Pak cache opened for reading ../../../Engine/DerivedDataCache/Compressed.ddp.
[2017.07.15-12.19.15:795][  0]LogDerivedDataCache: Using Local data cache path C:/Users/Tommec/AppData/Local/UnrealEngine/Common/DerivedDataCache: Writable
[2017.07.15-12.19.16:048][  0]LogInit: Selected Device Profile: [Windows]
[2017.07.15-12.19.16:052][  0]LogContentStreaming: Texture pool size is 0.00 MB
[2017.07.15-12.19.16:253][  0]LogMeshUtilities: Using QuadricMeshReduction for automatic static mesh reduction
[2017.07.15-12.19.16:288][  0]LogSimplygon: Simplygon DLL not present - disabling.
[2017.07.15-12.19.16:325][  0]LogMeshUtilities: Using SimplygonSwarm for distributed automatic mesh merging
[2017.07.15-12.19.16:325][  0]LogMeshUtilities: No automatic skeletal mesh reduction module available
[2017.07.15-12.19.16:325][  0]LogMeshUtilities: No automatic mesh merging module available
[2017.07.15-12.19.16:910][  0]LogNetVersion: GetLocalNetworkVersion: CL: 3195953, ProjectName: magisterka, ProjectVersion: , EngineNetworkVersion: 2, GameNetworkVersion: 0, NetworkChecksum: 2387860662
[2017.07.15-12.19.16:963][  0]LogAssetRegistry: FAssetRegistry took 0.0223 seconds to start up
[2017.07.15-12.19.16:998][  0]LogPackageLocalizationCache: Processed 3 localized package path(s) for 2 prioritized culture(s) in 0.020783 seconds
[2017.07.15-12.19.17:004][  0]LogUObjectArray: 31946 objects as part of root set at end of initial load.
[2017.07.15-12.19.17:004][  0]LogUObjectAllocator: 6935848 out of 0 bytes used by permanent object pool.
[2017.07.15-12.19.17:004][  0]LogUObjectArray: CloseDisregardForGC: 0/0 objects in disregard for GC pool
[2017.07.15-12.19.17:048][  0]LogInit: WinSock: version 1.1 (2.2), MaxSocks=32767, MaxUdp=65467
[2017.07.15-12.19.17:630][  0]LogSlate: Using Freetype 2.6.0
[2017.07.15-12.19.17:630][  0]LogSlate: SlateFontCache - WITH_FREETYPE: 1, WITH_HARFBUZZ: 1
[2017.07.15-12.19.17:630][  0]LogSlate: SlateFontCache - WITH_FREETYPE: 1, WITH_HARFBUZZ: 1
[2017.07.15-12.19.18:593][  0]LogTcpMessaging: Initializing TcpMessaging bridge
[2017.07.15-12.19.18:627][  0]LogUdpMessaging: Initializing bridge on interface 0.0.0.0:0 to multicast group 230.0.0.1:6666.
[2017.07.15-12.19.19:693][  0]LogMaterial: Uniform references updated for custom material expression Custom.
[2017.07.15-12.19.20:216][  0]SourceControl: Info Source control is disabled
[2017.07.15-12.19.20:217][  0]SourceControl: Info Source control is disabled
[2017.07.15-12.19.20:274][  0]SourceControl: Info Source control is disabled
[2017.07.15-12.19.20:316][  0]SourceControl: Info Source control is disabled
[2017.07.15-12.19.21:363][  0]LogEngine: Initializing Engine...
[2017.07.15-12.19.21:364][  0]LogHMD: Failed to initialize OpenVR with code 110
[2017.07.15-12.19.21:595][  0]LogAIModule: Creating AISystem for world Untitled
[2017.07.15-12.19.21:608][  0]LogInit: XAudio2 using 'Głośniki (2- Urządzenie zgodne ze standardem High Definition Audio)' : 2 channels at 48 kHz using 16 bits per sample (channel mask 0x3)
[2017.07.15-12.19.21:624][  0]LogInit: FAudioDevice initialized.
[2017.07.15-12.19.21:648][  0]LogDerivedDataCache: Saved boot cache 0.02s 50MB C:/Users/Tommec/AppData/Local/UnrealEngine/4.14/DerivedDataCache/Boot.ddc.
[2017.07.15-12.19.21:653][  0]LogInit: Texture streaming: Enabled
[2017.07.15-12.19.21:851][  0]LogInit: Transaction tracking system initialized
[2017.07.15-12.19.22:120][  0]BlueprintLog: New page: Editor Load
[2017.07.15-12.19.22:800][  0]LocalizationService: Info Localization service is disabled
[2017.07.15-12.19.23:314][  0]LogConsoleResponse:Display: 
[2017.07.15-12.19.23:655][  0]LogCook:Display: Max memory allowance for cook 16384mb min free memory 0mb
[2017.07.15-12.19.23:655][  0]LogCook:Display: Mobile HDR setting 1
[2017.07.15-12.19.24:164][  0]LogFileCache: Scanning file cache for directory 'D:/Magisterka/Magisterka/Content/' took 0.02s
[2017.07.15-12.19.24:418][  0]SourceControl: Info Source control is disabled
[2017.07.15-12.19.24:418][  0]Cmd: MAP LOAD FILE="../../../../../../Magisterka/Magisterka/Content/FirstPersonBP/Maps/FirstPersonExampleMap.umap" TEMPLATE=0 SHOWPROGRESS=1 FEATURELEVEL=3
[2017.07.15-12.19.24:419][  0]LightingResults: New page: Lighting Build
[2017.07.15-12.19.24:451][  0]MapCheck: New page: Map Check
[2017.07.15-12.19.24:451][  0]LightingResults: New page: Lighting Build
[2017.07.15-12.19.27:887][  0]LogAIModule: Creating AISystem for world FirstPersonExampleMap
[2017.07.15-12.19.28:789][  0]LogEditorServer: Finished looking for orphan Actors (0.000 secs)
[2017.07.15-12.19.28:858][  0]Cmd: MAP CHECKDEP NOCLEARLOG
[2017.07.15-12.19.28:910][  0]MapCheck: Info Map check complete: 0 Error(s), 0 Warning(s), took 51.394ms to complete.
[2017.07.15-12.19.28:910][  0]LogFileHelpers: Loading map 'FirstPersonExampleMap' took 4.492
[2017.07.15-12.19.30:934][  0]LogCollectionManager: Loaded 0 collections in 0.000984 seconds
[2017.07.15-12.19.31:242][  0]LogFileCache: Scanning file cache for directory 'D:/Magisterka/Magisterka/Saved/Collections/' took 0.01s
[2017.07.15-12.19.31:242][  0]LogFileCache: Scanning file cache for directory 'D:/Magisterka/Magisterka/Content/Developers/Onirke/Collections/' took 0.01s
[2017.07.15-12.19.31:242][  0]LogFileCache: Scanning file cache for directory 'D:/Magisterka/Magisterka/Content/Collections/' took 0.01s
[2017.07.15-12.19.31:242][  0]LogCollectionManager: Rebuilt the GUID cache for 0 collections in 0.000003 seconds
[2017.07.15-12.19.31:261][  0]LogContentBrowser: Native class hierarchy populated in 0.0161 seconds. Added 2190 classes and 428 folders.
[2017.07.15-12.19.31:474][  0]LogStats: UGameplayTagsManager::ConstructGameplayTagTree: Construct from data asset -  0.000 s
[2017.07.15-12.19.31:475][  0]LogStats: UGameplayTagsManager::ConstructGameplayTagTree: GameplayTagTreeChangedEvent.Broadcast -  0.000 s
[2017.07.15-12.19.31:476][  0]LogContentBrowser: Native class hierarchy updated for 'GameplayTags' in 0.0007 seconds. Added 13 classes and 0 folders.
[2017.07.15-12.19.31:572][  0]LogContentBrowser: Native class hierarchy updated for 'WidgetCarousel' in 0.0005 seconds. Added 0 classes and 0 folders.
[2017.07.15-12.19.32:339][  0]LogContentBrowser: Native class hierarchy updated for 'AddContentDialog' in 0.0006 seconds. Added 0 classes and 0 folders.
[2017.07.15-12.19.32:523][  0]LogContentBrowser: Native class hierarchy updated for 'SceneOutliner' in 0.0006 seconds. Added 1 classes and 2 folders.
[2017.07.15-12.19.32:895][  0]LogContentBrowser: Native class hierarchy updated for 'WorldBrowser' in 0.0006 seconds. Added 1 classes and 3 folders.
[2017.07.15-12.19.35:111][  0]LogCrashTracker: Crashtracker disabled due to settings.
[2017.07.15-12.19.35:508][  0]LogUObjectGlobals:Warning: Failed to find object 'Class None.'
[2017.07.15-12.19.35:602][  0]LogContentBrowser: Native class hierarchy updated for 'HierarchicalLODOutliner' in 0.0006 seconds. Added 1 classes and 2 folders.
[2017.07.15-12.19.35:602][  0]LogLoad: (Engine Initialization) Total time: 25.30 seconds
[2017.07.15-12.19.35:602][  0]LogLoad: (Engine Initialization) Total Blueprint compile time: 0.82 seconds
[2017.07.15-12.19.35:602][  0]LogExternalProfiler: Found external profiler: VSPerf
[2017.07.15-12.19.35:602][  0]LogExternalProfiler: Using external profiler: VSPerf
[2017.07.15-12.19.35:942][  0]LogOcInput: OculusInput pre-init called
[2017.07.15-12.19.36:523][  0]LogContentStreaming: Texture pool size now 1000 MB
[2017.07.15-12.19.38:032][  0]LogRenderer: Reallocating scene render targets to support 852x452 NumSamples 1 (Frame:2).
[2017.07.15-12.19.39:349][  3]LogAssetRegistry: Asset discovery search completed in 22.4087 seconds
[2017.07.15-12.19.39:349][  3]LogCollectionManager: Rebuilt the object cache for 0 collections in 0.000001 seconds (found 0 objects)
[2017.07.15-12.19.39:349][  3]LogCollectionManager: Fixed up redirectors for 0 collections in 0.000019 seconds (updated 0 objects)
[2017.07.15-12.19.44:725][ 87]LogEditorViewport: Clicking on Actor (LMB): TriggerBox (TriggerBox)
[2017.07.15-12.20.10:612][ 85]LogEditorViewport: Clicking on Actor (LMB): NewBlueprint_C (NewBlueprint3)
[2017.07.15-12.20.16:546][243]LogContentBrowser: Native class hierarchy updated for 'BlueprintGraph' in 0.0010 seconds. Added 111 classes and 0 folders.
[2017.07.15-12.21.24:024][685]LogRenderer: Reallocating scene render targets to support 944x452 NumSamples 1 (Frame:2582).
[2017.07.15-12.21.34:992][ 13]BlueprintLog: New page: Compile NewBlueprint
[2017.07.15-12.21.36:538][ 29]Cmd: OBJ SAVEPACKAGE PACKAGE="/Game/NewBlueprint" FILE="../../../../../../Magisterka/Magisterka/Content/NewBlueprint.uasset" SILENT=true
[2017.07.15-12.21.36:734][ 29]LogSavePackage: Save=176.40ms
[2017.07.15-12.21.36:735][ 29]LogSavePackage: Moving '../../../../../../Magisterka/Magisterka/Saved/NewBlueprint97D72CE54AE25B54638449B80EAF34EF.tmp' to '../../../../../../Magisterka/Magisterka/Content/NewBlueprint.uasset'
[2017.07.15-12.21.36:736][ 29]LogSavePackage:Display: Finished SavePackage ../../../../../../Magisterka/Magisterka/Content/NewBlueprint.uasset
[2017.07.15-12.21.42:689][256]LogPhysics:Warning: Initialising Body : Scale3D is (nearly) zero: Component: NewBlueprint3_302.Box collision 
[2017.07.15-12.21.45:800][386]LogEditorViewport: Clicking on Actor (LMB): StaticMeshActor (Wall2)
[2017.07.15-12.21.48:981][510]LogEditorViewport: Clicking on Actor (LMB): NewBlueprint_C (NewBlueprint3)
[2017.07.15-12.21.58:361][872]LogSavePackage: Save=175.64ms
[2017.07.15-12.21.58:361][872]LogSavePackage: Moving '../../../../../../Magisterka/Magisterka/Saved/FirstPersonExampleMap3C19245843BBCE66EB13149B131537C0.tmp' to '../../../../../../Magisterka/Magisterka/Content/FirstPersonBP/Maps/FirstPersonExampleMap.umap'
[2017.07.15-12.21.58:363][872]LogSavePackage:Display: Finished SavePackage ../../../../../../Magisterka/Magisterka/Content/FirstPersonBP/Maps/FirstPersonExampleMap.umap
[2017.07.15-12.22.00:675][872]LogSavePackage: Save=1452.37ms
[2017.07.15-12.22.00:675][872]LogSavePackage: Moving '../../../../../../Magisterka/Magisterka/Saved/FirstPersonExampleMap_BuiltData4F6F6EF84EF9C7F60943A6A5333BBF13.tmp' to '../../../../../../Magisterka/Magisterka/Content/FirstPersonBP/Maps/FirstPersonExampleMap_BuiltData.uasset'
[2017.07.15-12.22.00:677][872]LogSavePackage:Display: Finished SavePackage ../../../../../../Magisterka/Magisterka/Content/FirstPersonBP/Maps/FirstPersonExampleMap_BuiltData.uasset
[2017.07.15-12.22.31:866][150]LogSavePackage: Save=151.31ms
[2017.07.15-12.22.31:866][150]LogSavePackage: Moving '../../../../../../Magisterka/Magisterka/Saved/FirstPersonExampleMapB9A9C76544A775294A2E1CAEC8E4B7AE.tmp' to '../../../../../../Magisterka/Magisterka/Content/FirstPersonBP/Maps/FirstPersonExampleMap.umap'
[2017.07.15-12.22.31:868][150]LogSavePackage:Display: Finished SavePackage ../../../../../../Magisterka/Magisterka/Content/FirstPersonBP/Maps/FirstPersonExampleMap.umap
[2017.07.15-12.22.31:883][150]LogFileHelpers: Saving map 'FirstPersonExampleMap' took 0.245
[2017.07.15-12.22.33:329][208]LogTemp: Repeting last play command: Selected Viewport
[2017.07.15-12.22.33:375][208]LogBlueprintUserMessages: Early PlayInEditor Detection: Level '/Game/FirstPersonBP/Maps/FirstPersonExampleMap.FirstPersonExampleMap:PersistentLevel' has LevelScriptBlueprint '/Game/FirstPersonBP/Maps/FirstPersonExampleMap.FirstPersonExampleMap:PersistentLevel.FirstPersonExampleMap' with GeneratedClass '/Game/FirstPersonBP/Maps/FirstPersonExampleMap.FirstPersonExampleMap_C' with ClassGeneratedBy '/Game/FirstPersonBP/Maps/FirstPersonExampleMap.FirstPersonExampleMap:PersistentLevel.FirstPersonExampleMap'
[2017.07.15-12.22.33:375][208]LogBlueprintUserMessages: Early PlayInEditor Detection: Level '/Game/Clue2.Clue2:PersistentLevel' has LevelScriptBlueprint '/Game/Clue2.Clue2:PersistentLevel.Clue2' with GeneratedClass '/Game/Clue2.Clue2_C' with ClassGeneratedBy '/Game/Clue2.Clue2:PersistentLevel.Clue2'
[2017.07.15-12.22.33:393][208]LogPlayLevel: PlayLevel: No blueprints needed recompiling
[2017.07.15-12.22.33:579][208]PIE: New page: PIE session: FirstPersonExampleMap (15 Jul 2017 14:22:33)
[2017.07.15-12.22.33:579][208]LogPlayLevel: Creating play world package: /Game/FirstPersonBP/Maps/UEDPIE_0_FirstPersonExampleMap
[2017.07.15-12.22.33:724][208]LogPlayLevel: PIE: StaticDuplicateObject took: (0.144097s)
[2017.07.15-12.22.33:725][208]LogAIModule: Creating AISystem for world FirstPersonExampleMap
[2017.07.15-12.22.33:743][208]LogPlayLevel: PIE: World Init took: (0.019237s)
[2017.07.15-12.22.33:743][208]LogPlayLevel: PIE: Created PIE world by copying editor world from /Game/FirstPersonBP/Maps/FirstPersonExampleMap.FirstPersonExampleMap to /Game/FirstPersonBP/Maps/UEDPIE_0_FirstPersonExampleMap.FirstPersonExampleMap (0.163619s)
[2017.07.15-12.22.33:796][208]LogInit: XAudio2 using 'Głośniki (2- Urządzenie zgodne ze standardem High Definition Audio)' : 2 channels at 48 kHz using 16 bits per sample (channel mask 0x3)
[2017.07.15-12.22.33:804][208]LogInit: FAudioDevice initialized.
[2017.07.15-12.22.34:045][208]LogLoad: Game class is 'FirstPersonGameMode_C'
[2017.07.15-12.22.34:196][208]LogWorld: Bringing World /Game/FirstPersonBP/Maps/UEDPIE_0_FirstPersonExampleMap.FirstPersonExampleMap up for play (max tick rate 60) at 2017.07.15-13.22.34
[2017.07.15-12.22.34:292][208]LogWorld: Bringing up level for play took: 0.110058
[2017.07.15-12.22.34:573][208]LogContentBrowser: Native class hierarchy updated for 'MovieSceneCapture' in 0.0007 seconds. Added 11 classes and 0 folders.
[2017.07.15-12.22.34:631][208]PIE: Info Play in editor start time for /Game/FirstPersonBP/Maps/UEDPIE_0_FirstPersonExampleMap 1.451
[2017.07.15-12.22.34:631][208]LogBlueprintUserMessages: Late PlayInEditor Detection: Level '/Game/FirstPersonBP/Maps/FirstPersonExampleMap.FirstPersonExampleMap:PersistentLevel' has LevelScriptBlueprint '/Game/FirstPersonBP/Maps/FirstPersonExampleMap.FirstPersonExampleMap:PersistentLevel.FirstPersonExampleMap' with GeneratedClass '/Game/FirstPersonBP/Maps/FirstPersonExampleMap.FirstPersonExampleMap_C' with ClassGeneratedBy '/Game/FirstPersonBP/Maps/FirstPersonExampleMap.FirstPersonExampleMap:PersistentLevel.FirstPersonExampleMap'
[2017.07.15-12.22.34:631][208]LogBlueprintUserMessages: Late PlayInEditor Detection: Level '/Game/Clue2.Clue2:PersistentLevel' has LevelScriptBlueprint '/Game/Clue2.Clue2:PersistentLevel.Clue2' with GeneratedClass '/Game/Clue2.Clue2_C' with ClassGeneratedBy '/Game/Clue2.Clue2:PersistentLevel.Clue2'
[2017.07.15-12.22.38:213][371]LogNet: Browse: /Game/Clue2
[2017.07.15-12.22.38:222][371]LogLoad: LoadMap: /Game/Clue2
[2017.07.15-12.22.38:285][371]Cmd: MEM
[2017.07.15-12.22.38:495][371]LogMemory: Platform Memory Stats for Windows
[2017.07.15-12.22.38:495][371]LogMemory: Process Physical Memory: 1352.48 MB used, 1372.28 MB peak
[2017.07.15-12.22.38:495][371]LogMemory: Process Virtual Memory: 1251.61 MB used, 1273.84 MB peak
[2017.07.15-12.22.38:495][371]LogMemory: Physical Memory: 4846.24 MB used,  3234.33 MB free, 8080.57 MB total
[2017.07.15-12.22.38:495][371]LogMemory: Virtual Memory: 2009.75 MB used,  3234.33 MB free, 134217728.00 MB total
[2017.07.15-12.22.38:495][371]LogMemory: 
[2017.07.15-12.22.38:495][371]Allocator Stats for TBB: (not implemented)
[2017.07.15-12.22.38:505][371]LogPlayLevel: Creating play world package: /Game/UEDPIE_0_Clue2
[2017.07.15-12.22.38:507][371]LogPlayLevel: PIE: StaticDuplicateObject took: (0.001807s)
[2017.07.15-12.22.38:507][371]LogAIModule: Creating AISystem for world Clue2
[2017.07.15-12.22.38:507][371]LogPlayLevel: PIE: World Init took: (0.000605s)
[2017.07.15-12.22.38:507][371]LogPlayLevel: PIE: Created PIE world by copying editor world from /Game/Clue2.Clue2 to /Game/UEDPIE_0_Clue2.Clue2 (0.002623s)
[2017.07.15-12.22.38:507][371]LogLoad: Game class is 'FirstPersonGameMode_C'
[2017.07.15-12.22.38:510][371]LogWorld: Bringing World /Game/UEDPIE_0_Clue2.Clue2 up for play (max tick rate 60) at 2017.07.15-13.22.38
[2017.07.15-12.22.38:510][371]LogWorld: Bringing up level for play took: 0.001211
[2017.07.15-12.22.38:594][371]LogLoad: Took 0.371843 seconds to LoadMap(/Game/UEDPIE_0_Clue2)
[2017.07.15-12.26.00:751][462]LogBlueprintUserMessages: Early EndPlayMap Detection: Level '/Game/FirstPersonBP/Maps/FirstPersonExampleMap.FirstPersonExampleMap:PersistentLevel' has LevelScriptBlueprint '/Game/FirstPersonBP/Maps/FirstPersonExampleMap.FirstPersonExampleMap:PersistentLevel.FirstPersonExampleMap' with GeneratedClass '/Game/FirstPersonBP/Maps/FirstPersonExampleMap.FirstPersonExampleMap_C' with ClassGeneratedBy '/Game/FirstPersonBP/Maps/FirstPersonExampleMap.FirstPersonExampleMap:PersistentLevel.FirstPersonExampleMap'
[2017.07.15-12.26.00:751][462]LogBlueprintUserMessages: Early EndPlayMap Detection: Level '/Game/Clue2.Clue2:PersistentLevel' has LevelScriptBlueprint '/Game/Clue2.Clue2:PersistentLevel.Clue2' with GeneratedClass '/Game/Clue2.Clue2_C' with ClassGeneratedBy '/Game/Clue2.Clue2:PersistentLevel.Clue2'
[2017.07.15-12.26.01:228][462]LogBlueprintUserMessages: Late EndPlayMap Detection: Level '/Game/FirstPersonBP/Maps/FirstPersonExampleMap.FirstPersonExampleMap:PersistentLevel' has LevelScriptBlueprint '/Game/FirstPersonBP/Maps/FirstPersonExampleMap.FirstPersonExampleMap:PersistentLevel.FirstPersonExampleMap' with GeneratedClass '/Game/FirstPersonBP/Maps/FirstPersonExampleMap.FirstPersonExampleMap_C' with ClassGeneratedBy '/Game/FirstPersonBP/Maps/FirstPersonExampleMap.FirstPersonExampleMap:PersistentLevel.FirstPersonExampleMap'
[2017.07.15-12.26.01:228][462]LogBlueprintUserMessages: Late EndPlayMap Detection: Level '/Game/Clue2.Clue2:PersistentLevel' has LevelScriptBlueprint '/Game/Clue2.Clue2:PersistentLevel.Clue2' with GeneratedClass '/Game/Clue2.Clue2_C' with ClassGeneratedBy '/Game/Clue2.Clue2:PersistentLevel.Clue2'
[2017.07.15-12.26.03:087][529]LogEditorViewport: Clicking on Actor (LMB): NewBlueprint_C (NewBlueprint)
[2017.07.15-12.26.17:944][ 65]LogEditorViewport: Clicking on Actor (context menu): NewBlueprint_C (NewBlueprint)
[2017.07.15-12.26.29:919][416]LogEditorActor: Deleted Actor: NewBlueprint_C
[2017.07.15-12.26.29:951][416]LogEditorActor: Deleted 1 Actors (0.068 secs)
[2017.07.15-12.26.29:953][416]LogUObjectHash:Warning: Ambiguous search, could be BlueprintGeneratedClass /Game/NewBlueprint.NewBlueprint_C or BlueprintGeneratedClass /Game/FirstPersonBP/Blueprints/NewBlueprint.NewBlueprint_C
[2017.07.15-12.26.29:953][416]LogUObjectHash:Warning: Ambiguous search, could be BlueprintGeneratedClass /Game/NewBlueprint.NewBlueprint_C or BlueprintGeneratedClass /Game/FirstPersonBP/Blueprints/NewBlueprint.NewBlueprint_C
[2017.07.15-12.26.29:985][416]LogUObjectHash:Warning: Ambiguous search, could be SceneComponent /Game/NewBlueprint.NewBlueprint_C:DefaultSceneRoot_GEN_VARIABLE or SceneComponent /Game/FirstPersonBP/Blueprints/NewBlueprint.NewBlueprint_C:DefaultSceneRoot_GEN_VARIABLE
[2017.07.15-12.26.45:251][ 12]LogEditorViewport: Clicking on Actor (LMB): StaticMeshActor (Cube)
[2017.07.15-12.26.46:095][ 39]LogEditorViewport: Clicking on Actor (context menu): StaticMeshActor (Cube)
[2017.07.15-12.26.53:134][285]LogEditorViewport: Clicking on Actor (LMB): StaticMeshActor (Cube)
[2017.07.15-12.26.53:591][299]LogEditorViewport: Clicking on Actor (context menu): StaticMeshActor (Cube)
[2017.07.15-12.26.59:003][454]Cmd: DUPLICATE
[2017.07.15-12.26.59:003][454]Cmd: ACTOR DUPLICATE
[2017.07.15-12.27.04:776][651]LogEditorViewport: Clicking on Actor (LMB): NewBlueprint_C (NewBlueprint2)
[2017.07.15-12.27.19:559][168]LogEditorActor: Deleted Actor: NewBlueprint_C
[2017.07.15-12.27.19:577][168]LogEditorActor: Deleted 1 Actors (0.017 secs)
[2017.07.15-12.27.19:577][168]LogUObjectHash:Warning: Ambiguous search, could be BlueprintGeneratedClass /Game/NewBlueprint.NewBlueprint_C or BlueprintGeneratedClass /Game/FirstPersonBP/Blueprints/NewBlueprint.NewBlueprint_C
[2017.07.15-12.27.19:577][168]LogUObjectHash:Warning: Ambiguous search, could be BlueprintGeneratedClass /Game/NewBlueprint.NewBlueprint_C or BlueprintGeneratedClass /Game/FirstPersonBP/Blueprints/NewBlueprint.NewBlueprint_C
[2017.07.15-12.27.19:578][168]LogUObjectHash:Warning: Ambiguous search, could be SceneComponent /Game/NewBlueprint.NewBlueprint_C:DefaultSceneRoot_GEN_VARIABLE or SceneComponent /Game/FirstPersonBP/Blueprints/NewBlueprint.NewBlueprint_C:DefaultSceneRoot_GEN_VARIABLE
[2017.07.15-12.27.26:799][406]LogSavePackage: Save=145.04ms
[2017.07.15-12.27.26:799][406]LogSavePackage: Moving '../../../../../../Magisterka/Magisterka/Saved/FirstPersonExampleMapE4716AB0413BE309E334DAA16C14DB3D.tmp' to '../../../../../../Magisterka/Magisterka/Content/FirstPersonBP/Maps/FirstPersonExampleMap.umap'
[2017.07.15-12.27.26:801][406]LogSavePackage:Display: Finished SavePackage ../../../../../../Magisterka/Magisterka/Content/FirstPersonBP/Maps/FirstPersonExampleMap.umap
[2017.07.15-12.27.26:816][406]LogFileHelpers: Saving map 'FirstPersonExampleMap' took 0.294
[2017.07.15-12.27.26:878][406]Cmd: OBJ SAVEPACKAGE PACKAGE="/Game/Clue2" FILE="../../../../../../Magisterka/Magisterka/Content/Clue2.umap" SILENT=true AUTOSAVING=false KEEPDIRTY=false
[2017.07.15-12.27.26:897][406]LogSpawn:Warning: UWorld::DestroyActor: World has no context! World: Clue2, Actor: /Game/Clue2.Clue2:PersistentLevel.Clue2_C_0
[2017.07.15-12.27.26:992][406]LogSavePackage: Save=97.55ms
[2017.07.15-12.27.26:992][406]LogSavePackage: Moving '../../../../../../Magisterka/Magisterka/Saved/Clue225D77FAA4251B02FAE7C588FDB239D6D.tmp' to '../../../../../../Magisterka/Magisterka/Content/Clue2.umap'
[2017.07.15-12.27.26:994][406]LogSavePackage:Display: Finished SavePackage ../../../../../../Magisterka/Magisterka/Content/Clue2.umap
[2017.07.15-12.27.26:995][406]LogFileHelpers: Saving map 'Clue2' took 0.175
[2017.07.15-12.27.27:052][406]Cmd: OBJ SAVEPACKAGE PACKAGE="/Game/Clue1" FILE="../../../../../../Magisterka/Magisterka/Content/Clue1.umap" SILENT=true AUTOSAVING=false KEEPDIRTY=false
[2017.07.15-12.27.27:091][406]LogSavePackage: Save=21.27ms
[2017.07.15-12.27.27:091][406]LogSavePackage: Moving '../../../../../../Magisterka/Magisterka/Saved/Clue1B2AC205748FF4A06F5DC0897F30CC901.tmp' to '../../../../../../Magisterka/Magisterka/Content/Clue1.umap'
[2017.07.15-12.27.27:092][406]LogSavePackage:Display: Finished SavePackage ../../../../../../Magisterka/Magisterka/Content/Clue1.umap
[2017.07.15-12.27.27:093][406]LogFileHelpers: Saving map 'Clue1' took 0.096
[2017.07.15-12.27.28:084][443]LogTemp: Repeting last play command: Selected Viewport
[2017.07.15-12.27.28:099][443]LogBlueprintUserMessages: Early PlayInEditor Detection: Level '/Game/FirstPersonBP/Maps/FirstPersonExampleMap.FirstPersonExampleMap:PersistentLevel' has LevelScriptBlueprint '/Game/FirstPersonBP/Maps/FirstPersonExampleMap.FirstPersonExampleMap:PersistentLevel.FirstPersonExampleMap' with GeneratedClass '/Game/FirstPersonBP/Maps/FirstPersonExampleMap.FirstPersonExampleMap_C' with ClassGeneratedBy '/Game/FirstPersonBP/Maps/FirstPersonExampleMap.FirstPersonExampleMap:PersistentLevel.FirstPersonExampleMap'
[2017.07.15-12.27.28:099][443]LogBlueprintUserMessages: Early PlayInEditor Detection: Level '/Game/Clue2.Clue2:PersistentLevel' has LevelScriptBlueprint '/Game/Clue2.Clue2:PersistentLevel.Clue2' with GeneratedClass '/Game/Clue2.Clue2_C' with ClassGeneratedBy '/Game/Clue2.Clue2:PersistentLevel.Clue2'
[2017.07.15-12.27.28:099][443]LogPlayLevel: PlayLevel: No blueprints needed recompiling
[2017.07.15-12.27.28:099][443]PIE: New page: PIE session: FirstPersonExampleMap (15 Jul 2017 14:27:28)
[2017.07.15-12.27.28:099][443]LogPlayLevel: Creating play world package: /Game/FirstPersonBP/Maps/UEDPIE_0_FirstPersonExampleMap
[2017.07.15-12.27.28:129][443]LogPlayLevel: PIE: StaticDuplicateObject took: (0.029904s)
[2017.07.15-12.27.28:130][443]LogAIModule: Creating AISystem for world FirstPersonExampleMap
[2017.07.15-12.27.28:130][443]LogPlayLevel: PIE: World Init took: (0.000955s)
[2017.07.15-12.27.28:130][443]LogPlayLevel: PIE: Created PIE world by copying editor world from /Game/FirstPersonBP/Maps/FirstPersonExampleMap.FirstPersonExampleMap to /Game/FirstPersonBP/Maps/UEDPIE_0_FirstPersonExampleMap.FirstPersonExampleMap (0.031190s)
[2017.07.15-12.27.28:156][443]LogInit: XAudio2 using 'Głośniki (2- Urządzenie zgodne ze standardem High Definition Audio)' : 2 channels at 48 kHz using 16 bits per sample (channel mask 0x3)
[2017.07.15-12.27.28:164][443]LogInit: FAudioDevice initialized.
[2017.07.15-12.27.28:267][443]LogLoad: Game class is 'FirstPersonGameMode_C'
[2017.07.15-12.27.28:270][443]LogWorld: Bringing World /Game/FirstPersonBP/Maps/UEDPIE_0_FirstPersonExampleMap.FirstPersonExampleMap up for play (max tick rate 60) at 2017.07.15-13.27.28
[2017.07.15-12.27.28:271][443]LogWorld: Bringing up level for play took: 0.002379
[2017.07.15-12.27.28:272][443]PIE: Info Play in editor start time for /Game/FirstPersonBP/Maps/UEDPIE_0_FirstPersonExampleMap 1.092
[2017.07.15-12.27.28:272][443]LogBlueprintUserMessages: Late PlayInEditor Detection: Level '/Game/FirstPersonBP/Maps/FirstPersonExampleMap.FirstPersonExampleMap:PersistentLevel' has LevelScriptBlueprint '/Game/FirstPersonBP/Maps/FirstPersonExampleMap.FirstPersonExampleMap:PersistentLevel.FirstPersonExampleMap' with GeneratedClass '/Game/FirstPersonBP/Maps/FirstPersonExampleMap.FirstPersonExampleMap_C' with ClassGeneratedBy '/Game/FirstPersonBP/Maps/FirstPersonExampleMap.FirstPersonExampleMap:PersistentLevel.FirstPersonExampleMap'
[2017.07.15-12.27.28:272][443]LogBlueprintUserMessages: Late PlayInEditor Detection: Level '/Game/Clue2.Clue2:PersistentLevel' has LevelScriptBlueprint '/Game/Clue2.Clue2:PersistentLevel.Clue2' with GeneratedClass '/Game/Clue2.Clue2_C' with ClassGeneratedBy '/Game/Clue2.Clue2:PersistentLevel.Clue2'
[2017.07.15-12.27.31:165][593]LogNet: Browse: /Game/Clue1
[2017.07.15-12.27.31:165][593]LogLoad: LoadMap: /Game/Clue1
[2017.07.15-12.27.31:199][593]Cmd: MEM
[2017.07.15-12.27.31:213][593]LogMemory: Platform Memory Stats for Windows
[2017.07.15-12.27.31:213][593]LogMemory: Process Physical Memory: 1367.23 MB used, 1385.17 MB peak
[2017.07.15-12.27.31:213][593]LogMemory: Process Virtual Memory: 1270.90 MB used, 1289.96 MB peak
[2017.07.15-12.27.31:213][593]LogMemory: Physical Memory: 4756.25 MB used,  3324.32 MB free, 8080.57 MB total
[2017.07.15-12.27.31:213][593]LogMemory: Virtual Memory: 2020.50 MB used,  3324.32 MB free, 134217728.00 MB total
[2017.07.15-12.27.31:213][593]LogMemory: 
[2017.07.15-12.27.31:213][593]Allocator Stats for TBB: (not implemented)
[2017.07.15-12.27.31:213][593]LogPlayLevel: Creating play world package: /Game/UEDPIE_0_Clue1
[2017.07.15-12.27.31:215][593]LogPlayLevel: PIE: StaticDuplicateObject took: (0.001593s)
[2017.07.15-12.27.31:215][593]LogAIModule: Creating AISystem for world Clue1
[2017.07.15-12.27.31:216][593]LogPlayLevel: PIE: World Init took: (0.000620s)
[2017.07.15-12.27.31:216][593]LogPlayLevel: PIE: Created PIE world by copying editor world from /Game/Clue1.Clue1 to /Game/UEDPIE_0_Clue1.Clue1 (0.002418s)
[2017.07.15-12.27.31:216][593]LogLoad: Game class is 'FirstPersonGameMode_C'
[2017.07.15-12.27.31:218][593]LogWorld: Bringing World /Game/UEDPIE_0_Clue1.Clue1 up for play (max tick rate 60) at 2017.07.15-13.27.31
[2017.07.15-12.27.31:218][593]LogWorld: Bringing up level for play took: 0.001338
[2017.07.15-12.27.31:221][593]LogLoad: Took 0.054678 seconds to LoadMap(/Game/UEDPIE_0_Clue1)
[2017.07.15-12.27.33:751][732]LogNet: Browse: /Game/Clue2
[2017.07.15-12.27.33:751][732]LogLoad: LoadMap: /Game/Clue2
[2017.07.15-12.27.33:783][732]Cmd: MEM
[2017.07.15-12.27.33:798][732]LogMemory: Platform Memory Stats for Windows
[2017.07.15-12.27.33:798][732]LogMemory: Process Physical Memory: 1359.02 MB used, 1385.17 MB peak
[2017.07.15-12.27.33:798][732]LogMemory: Process Virtual Memory: 1261.57 MB used, 1289.96 MB peak
[2017.07.15-12.27.33:798][732]LogMemory: Physical Memory: 4748.20 MB used,  3332.38 MB free, 8080.57 MB total
[2017.07.15-12.27.33:798][732]LogMemory: Virtual Memory: 2011.93 MB used,  3332.38 MB free, 134217728.00 MB total
[2017.07.15-12.27.33:798][732]LogMemory: 
[2017.07.15-12.27.33:798][732]Allocator Stats for TBB: (not implemented)
[2017.07.15-12.27.33:799][732]LogPlayLevel: Creating play world package: /Game/UEDPIE_0_Clue2
[2017.07.15-12.27.33:800][732]LogPlayLevel: PIE: StaticDuplicateObject took: (0.001859s)
[2017.07.15-12.27.33:801][732]LogAIModule: Creating AISystem for world Clue2
[2017.07.15-12.27.33:801][732]LogPlayLevel: PIE: World Init took: (0.000603s)
[2017.07.15-12.27.33:801][732]LogPlayLevel: PIE: Created PIE world by copying editor world from /Game/Clue2.Clue2 to /Game/UEDPIE_0_Clue2.Clue2 (0.002665s)
[2017.07.15-12.27.33:801][732]LogLoad: Game class is 'FirstPersonGameMode_C'
[2017.07.15-12.27.33:804][732]LogWorld: Bringing World /Game/UEDPIE_0_Clue2.Clue2 up for play (max tick rate 60) at 2017.07.15-13.27.33
[2017.07.15-12.27.33:804][732]LogWorld: Bringing up level for play took: 0.001288
[2017.07.15-12.27.33:806][732]LogLoad: Took 0.054491 seconds to LoadMap(/Game/UEDPIE_0_Clue2)
[2017.07.15-12.27.36:417][879]LogNet: Browse: /Game/Clue2
[2017.07.15-12.27.36:417][879]LogLoad: LoadMap: /Game/Clue2
[2017.07.15-12.27.36:449][879]Cmd: MEM
[2017.07.15-12.27.36:463][879]LogMemory: Platform Memory Stats for Windows
[2017.07.15-12.27.36:463][879]LogMemory: Process Physical Memory: 1359.20 MB used, 1385.17 MB peak
[2017.07.15-12.27.36:463][879]LogMemory: Process Virtual Memory: 1263.38 MB used, 1289.96 MB peak
[2017.07.15-12.27.36:463][879]LogMemory: Physical Memory: 4746.16 MB used,  3334.41 MB free, 8080.57 MB total
[2017.07.15-12.27.36:463][879]LogMemory: Virtual Memory: 2013.75 MB used,  3334.41 MB free, 134217728.00 MB total
[2017.07.15-12.27.36:463][879]LogMemory: 
[2017.07.15-12.27.36:463][879]Allocator Stats for TBB: (not implemented)
[2017.07.15-12.27.36:463][879]LogPlayLevel: Creating play world package: /Game/UEDPIE_0_Clue2
[2017.07.15-12.27.36:465][879]LogPlayLevel: PIE: StaticDuplicateObject took: (0.001929s)
[2017.07.15-12.27.36:465][879]LogAIModule: Creating AISystem for world Clue2
[2017.07.15-12.27.36:466][879]LogPlayLevel: PIE: World Init took: (0.000606s)
[2017.07.15-12.27.36:466][879]LogPlayLevel: PIE: Created PIE world by copying editor world from /Game/Clue2.Clue2 to /Game/UEDPIE_0_Clue2.Clue2 (0.002744s)
[2017.07.15-12.27.36:466][879]LogLoad: Game class is 'FirstPersonGameMode_C'
[2017.07.15-12.27.36:468][879]LogWorld: Bringing World /Game/UEDPIE_0_Clue2.Clue2 up for play (max tick rate 60) at 2017.07.15-13.27.36
[2017.07.15-12.27.36:468][879]LogWorld: Bringing up level for play took: 0.001348
[2017.07.15-12.27.36:531][879]LogLoad: Took 0.114415 seconds to LoadMap(/Game/UEDPIE_0_Clue2)
[2017.07.15-12.27.39:016][ 17]LogNet: Browse: /Game/Clue2
[2017.07.15-12.27.39:016][ 17]LogLoad: LoadMap: /Game/Clue2
[2017.07.15-12.27.39:049][ 17]Cmd: MEM
[2017.07.15-12.27.39:064][ 17]LogMemory: Platform Memory Stats for Windows
[2017.07.15-12.27.39:064][ 17]LogMemory: Process Physical Memory: 1359.51 MB used, 1385.17 MB peak
[2017.07.15-12.27.39:064][ 17]LogMemory: Process Virtual Memory: 1261.76 MB used, 1289.96 MB peak
[2017.07.15-12.27.39:064][ 17]LogMemory: Physical Memory: 4744.13 MB used,  3336.45 MB free, 8080.57 MB total
[2017.07.15-12.27.39:064][ 17]LogMemory: Virtual Memory: 2012.06 MB used,  3336.45 MB free, 134217728.00 MB total
[2017.07.15-12.27.39:064][ 17]LogMemory: 
[2017.07.15-12.27.39:064][ 17]Allocator Stats for TBB: (not implemented)
[2017.07.15-12.27.39:064][ 17]LogPlayLevel: Creating play world package: /Game/UEDPIE_0_Clue2
[2017.07.15-12.27.39:066][ 17]LogPlayLevel: PIE: StaticDuplicateObject took: (0.001841s)
[2017.07.15-12.27.39:066][ 17]LogAIModule: Creating AISystem for world Clue2
[2017.07.15-12.27.39:067][ 17]LogPlayLevel: PIE: World Init took: (0.000605s)
[2017.07.15-12.27.39:067][ 17]LogPlayLevel: PIE: Created PIE world by copying editor world from /Game/Clue2.Clue2 to /Game/UEDPIE_0_Clue2.Clue2 (0.002649s)
[2017.07.15-12.27.39:067][ 17]LogLoad: Game class is 'FirstPersonGameMode_C'
[2017.07.15-12.27.39:069][ 17]LogWorld: Bringing World /Game/UEDPIE_0_Clue2.Clue2 up for play (max tick rate 60) at 2017.07.15-13.27.39
[2017.07.15-12.27.39:069][ 17]LogWorld: Bringing up level for play took: 0.001318
[2017.07.15-12.27.39:072][ 17]LogLoad: Took 0.055749 seconds to LoadMap(/Game/UEDPIE_0_Clue2)
[2017.07.15-12.29.51:389][317]LogBlueprintUserMessages: Early EndPlayMap Detection: Level '/Game/FirstPersonBP/Maps/FirstPersonExampleMap.FirstPersonExampleMap:PersistentLevel' has LevelScriptBlueprint '/Game/FirstPersonBP/Maps/FirstPersonExampleMap.FirstPersonExampleMap:PersistentLevel.FirstPersonExampleMap' with GeneratedClass '/Game/FirstPersonBP/Maps/FirstPersonExampleMap.FirstPersonExampleMap_C' with ClassGeneratedBy '/Game/FirstPersonBP/Maps/FirstPersonExampleMap.FirstPersonExampleMap:PersistentLevel.FirstPersonExampleMap'
[2017.07.15-12.29.51:389][317]LogBlueprintUserMessages: Early EndPlayMap Detection: Level '/Game/Clue2.Clue2:PersistentLevel' has LevelScriptBlueprint '/Game/Clue2.Clue2:PersistentLevel.Clue2' with GeneratedClass '/Game/Clue2.Clue2_C' with ClassGeneratedBy '/Game/Clue2.Clue2:PersistentLevel.Clue2'
[2017.07.15-12.29.51:443][317]LogBlueprintUserMessages: Late EndPlayMap Detection: Level '/Game/FirstPersonBP/Maps/FirstPersonExampleMap.FirstPersonExampleMap:PersistentLevel' has LevelScriptBlueprint '/Game/FirstPersonBP/Maps/FirstPersonExampleMap.FirstPersonExampleMap:PersistentLevel.FirstPersonExampleMap' with GeneratedClass '/Game/FirstPersonBP/Maps/FirstPersonExampleMap.FirstPersonExampleMap_C' with ClassGeneratedBy '/Game/FirstPersonBP/Maps/FirstPersonExampleMap.FirstPersonExampleMap:PersistentLevel.FirstPersonExampleMap'
[2017.07.15-12.29.51:443][317]LogBlueprintUserMessages: Late EndPlayMap Detection: Level '/Game/Clue2.Clue2:PersistentLevel' has LevelScriptBlueprint '/Game/Clue2.Clue2:PersistentLevel.Clue2' with GeneratedClass '/Game/Clue2.Clue2_C' with ClassGeneratedBy '/Game/Clue2.Clue2:PersistentLevel.Clue2'
[2017.07.15-17.03.17:037][525]LogWindowsTextInputMethodSystem:Display: IME system now deactivated.
[2017.07.15-17.03.18:153][526]Cmd: QUIT_EDITOR
[2017.07.15-17.03.18:697][526]LogExit: Preparing to exit.
[2017.07.15-17.03.19:107][526]LogDirectoryWatcher: A directory notification for 'D:/Magisterka/Magisterka/Content/' was aborted.
[2017.07.15-17.03.19:189][526]LogExit: Editor shut down
[2017.07.15-17.03.19:189][526]LogExit: Transaction tracking system shut down
[2017.07.15-17.03.19:372][526]LogObj: Freed 0b from 0 cluster array pools.
[2017.07.15-17.03.19:372][526]LogExit: Object subsystem successfully closed.
[2017.07.15-17.03.19:389][526]LogD3D11RHI: Shutdown
[2017.07.15-17.03.19:389][526]LogD3D11RHI: CleanupD3DDevice
[2017.07.15-17.03.19:537][526]LogD3D11RHI: ~FD3D11DynamicRHI
[2017.07.15-17.03.19:714][526]LogHttp:Display: Http module shutting down, but needs to wait on 1 outstanding Http requests:
[2017.07.15-17.03.19:714][526]LogHttp:Display: 	verb=[POST] url=[https://datarouter.ol.epicgames.com/datarouter/api/v1/public/data?SessionID=%7B248E5108-4EF1-4375-F63A-958EA7CF1777%7D&AppID=UEEditor.Rocket.Release&AppVersion=4.14.1-3224400%2B%2B%2BUE4%2BRelease-4.14&UserID=4a8a698043151fc0f084599016e06769%7Cd3d686efd87042b2b158be47a47dfa4e%7C11dc6d8d-36dc-4e5b-a633-30fd85dc9946&AppEnvironment=datacollector-binary&UploadType=eteventstream] status=Processing
[2017.07.15-17.03.19:725][526]LogModuleManager: Shutting down and abandoning module MovieSceneCapture (245)
[2017.07.15-17.03.19:725][526]LogModuleManager: Shutting down and abandoning module BlueprintGraph (244)
[2017.07.15-17.03.19:725][526]LogModuleManager: Shutting down and abandoning module BlueprintProfiler (243)
[2017.07.15-17.03.20:038][526]LogModuleManager: Shutting down and abandoning module HierarchicalLODOutliner (242)
[2017.07.15-17.03.20:038][526]LogModuleManager: Shutting down and abandoning module CrashTracker (241)
[2017.07.15-17.03.20:038][526]LogModuleManager: Shutting down and abandoning module WorldBrowser (240)
[2017.07.15-17.03.20:038][526]LogModuleManager: Shutting down and abandoning module SceneOutliner (239)
[2017.07.15-17.03.20:038][526]LogModuleManager: Shutting down and abandoning module WidgetCarousel (238)
[2017.07.15-17.03.20:038][526]LogModuleManager: Shutting down and abandoning module AddContentDialog (237)
[2017.07.15-17.03.20:105][526]LogDirectoryWatcher: A directory notification for 'D:/Unreal/Epic Games/4.14/FeaturePacks/' was aborted.
[2017.07.15-17.03.20:106][526]LogModuleManager: Shutting down and abandoning module GameplayTags (236)
[2017.07.15-17.03.20:106][526]LogModuleManager: Shutting down and abandoning module EditorWidgets (235)
[2017.07.15-17.03.20:106][526]LogModuleManager: Shutting down and abandoning module CollectionManager (234)
[2017.07.15-17.03.20:106][526]LogDirectoryWatcher: A directory notification for 'D:/Magisterka/Magisterka/Content/Collections/' was aborted.
[2017.07.15-17.03.20:106][526]LogDirectoryWatcher: A directory notification for 'D:/Magisterka/Magisterka/Content/Developers/Onirke/Collections/' was aborted.
[2017.07.15-17.03.20:106][526]LogDirectoryWatcher: A directory notification for 'D:/Magisterka/Magisterka/Saved/Collections/' was aborted.
[2017.07.15-17.03.20:107][526]LogModuleManager: Shutting down and abandoning module StatsViewer (233)
[2017.07.15-17.03.20:107][526]LogModuleManager: Shutting down and abandoning module FoliageEdit (232)
[2017.07.15-17.03.20:107][526]LogModuleManager: Shutting down and abandoning module LandscapeEditor (231)
[2017.07.15-17.03.20:107][526]LogModuleManager: Shutting down and abandoning module SceneDepthPickerMode (230)
[2017.07.15-17.03.20:107][526]LogModuleManager: Shutting down and abandoning module ActorPickerMode (229)
[2017.07.15-17.03.20:107][526]LogModuleManager: Shutting down and abandoning module GeometryMode (228)
[2017.07.15-17.03.20:107][526]LogModuleManager: Shutting down and abandoning module TextureAlignMode (227)
[2017.07.15-17.03.20:107][526]LogModuleManager: Shutting down and abandoning module BspMode (226)
[2017.07.15-17.03.20:107][526]LogModuleManager: Shutting down and abandoning module HardwareSurvey (225)
[2017.07.15-17.03.20:107][526]LogModuleManager: Shutting down and abandoning module SequenceRecorderSections (224)
[2017.07.15-17.03.20:107][526]LogModuleManager: Shutting down and abandoning module AutomationWorker (223)
[2017.07.15-17.03.20:107][526]LogModuleManager: Shutting down and abandoning module MatineeToLevelSequence (222)
[2017.07.15-17.03.20:107][526]LogModuleManager: Shutting down and abandoning module PlacementMode (221)
[2017.07.15-17.03.20:107][526]LogModuleManager: Shutting down and abandoning module LevelSequenceEditor (220)
[2017.07.15-17.03.20:107][526]LogModuleManager: Shutting down and abandoning module WmfMediaFactory (219)
[2017.07.15-17.03.20:107][526]LogModuleManager: Shutting down and abandoning module WmfMediaEditor (218)
[2017.07.15-17.03.20:107][526]LogModuleManager: Shutting down and abandoning module AvfMediaFactory (217)
[2017.07.15-17.03.20:107][526]LogModuleManager: Shutting down and abandoning module AvfMediaEditor (216)
[2017.07.15-17.03.20:107][526]LogModuleManager: Shutting down and abandoning module Media (215)
[2017.07.15-17.03.20:107][526]LogModuleManager: Shutting down and abandoning module AndroidMediaFactory (214)
[2017.07.15-17.03.20:107][526]LogModuleManager: Shutting down and abandoning module AndroidMediaEditor (213)
[2017.07.15-17.03.20:107][526]LogModuleManager: Shutting down and abandoning module CharacterAI (212)
[2017.07.15-17.03.20:107][526]LogModuleManager: Shutting down and abandoning module SequenceRecorder (211)
[2017.07.15-17.03.20:107][526]LogModuleManager: Shutting down and abandoning module AudioCapture (210)
[2017.07.15-17.03.20:107][526]LogModuleManager: Shutting down and abandoning module SmartSnapping (209)
[2017.07.15-17.03.20:107][526]LogModuleManager: Shutting down and abandoning module SessionServices (208)
[2017.07.15-17.03.20:107][526]LogModuleManager: Shutting down and abandoning module ViewportSnapping (207)
[2017.07.15-17.03.20:107][526]LogModuleManager: Shutting down and abandoning module ViewportInteraction (206)
[2017.07.15-17.03.20:107][526]LogModuleManager: Shutting down and abandoning module LogVisualizer (205)
[2017.07.15-17.03.20:107][526]LogModuleManager: Shutting down and abandoning module GameProjectGeneration (204)
[2017.07.15-17.03.20:107][526]LogModuleManager: Shutting down and abandoning module IntroTutorials (203)
[2017.07.15-17.03.20:107][526]LogModuleManager: Shutting down and abandoning module EditorLiveStreaming (202)
[2017.07.15-17.03.20:107][526]LogModuleManager: Shutting down and abandoning module IOSPlatformEditor (201)
[2017.07.15-17.03.20:107][526]LogModuleManager: Shutting down and abandoning module HTML5PlatformEditor (200)
[2017.07.15-17.03.20:107][526]LogModuleManager: Shutting down and abandoning module AndroidDeviceDetection (199)
[2017.07.15-17.03.20:306][526]LogModuleManager: Shutting down and abandoning module AndroidPlatformEditor (198)
[2017.07.15-17.03.20:306][526]LogModuleManager: Shutting down and abandoning module IOSRuntimeSettings (197)
[2017.07.15-17.03.20:306][526]LogModuleManager: Shutting down and abandoning module AndroidRuntimeSettings (196)
[2017.07.15-17.03.20:306][526]LogModuleManager: Shutting down and abandoning module InputBindingEditor (195)
[2017.07.15-17.03.20:306][526]LogModuleManager: Shutting down and abandoning module NiagaraEditor (194)
[2017.07.15-17.03.20:306][526]LogModuleManager: Shutting down and abandoning module MergeActors (193)
[2017.07.15-17.03.20:307][526]LogModuleManager: Shutting down and abandoning module SizeMap (192)
[2017.07.15-17.03.20:307][526]LogModuleManager: Shutting down and abandoning module TreeMap (191)
[2017.07.15-17.03.20:307][526]LogModuleManager: Shutting down and abandoning module ReferenceViewer (190)
[2017.07.15-17.03.20:307][526]LogModuleManager: Shutting down and abandoning module LocalizationService (189)
[2017.07.15-17.03.20:307][526]LogModuleManager: Shutting down and abandoning module LocalizationDashboard (188)
[2017.07.15-17.03.20:307][526]LogModuleManager: Shutting down and abandoning module HardwareTargeting (187)
[2017.07.15-17.03.20:307][526]LogModuleManager: Shutting down and abandoning module DeviceProfileEditor (186)
[2017.07.15-17.03.20:307][526]LogModuleManager: Shutting down and abandoning module UndoHistory (185)
[2017.07.15-17.03.20:307][526]LogModuleManager: Shutting down and abandoning module UserFeedback (184)
[2017.07.15-17.03.20:307][526]LogModuleManager: Shutting down and abandoning module XmlParser (183)
[2017.07.15-17.03.20:307][526]LogModuleManager: Shutting down and abandoning module Blutility (182)
[2017.07.15-17.03.20:307][526]LogModuleManager: Shutting down and abandoning module ProjectTargetPlatformEditor (181)
[2017.07.15-17.03.20:307][526]LogModuleManager: Shutting down and abandoning module ProjectSettingsViewer (180)
[2017.07.15-17.03.20:307][526]LogModuleManager: Shutting down and abandoning module EditorSettingsViewer (179)
[2017.07.15-17.03.20:307][526]LogModuleManager: Shutting down and abandoning module SettingsEditor (178)
[2017.07.15-17.03.20:307][526]LogModuleManager: Shutting down and abandoning module ProjectLauncher (177)
[2017.07.15-17.03.20:307][526]LogModuleManager: Shutting down and abandoning module SessionFrontend (176)
[2017.07.15-17.03.20:307][526]LogModuleManager: Shutting down and abandoning module ProfilerClient (175)
[2017.07.15-17.03.20:307][526]LogModuleManager: Shutting down and abandoning module TargetDeviceServices (174)
[2017.07.15-17.03.20:307][526]LogModuleManager: Shutting down and abandoning module DeviceManager (173)
[2017.07.15-17.03.20:362][526]LogModuleManager: Shutting down and abandoning module AutomationController (172)
[2017.07.15-17.03.20:362][526]LogModuleManager: Shutting down and abandoning module AutomationWindow (171)
[2017.07.15-17.03.20:362][526]LogModuleManager: Shutting down and abandoning module Layers (170)
[2017.07.15-17.03.20:362][526]LogModuleManager: Shutting down and abandoning module ComponentVisualizers (169)
[2017.07.15-17.03.20:362][526]LogModuleManager: Shutting down and abandoning module DetailCustomizations (168)
[2017.07.15-17.03.20:362][526]LogModuleManager: Shutting down and abandoning module PackagesDialog (167)
[2017.07.15-17.03.20:362][526]LogModuleManager: Shutting down and abandoning module AnimGraph (166)
[2017.07.15-17.03.20:362][526]LogModuleManager: Shutting down and abandoning module Persona (165)
[2017.07.15-17.03.20:362][526]LogModuleManager: Shutting down and abandoning module Kismet (164)
[2017.07.15-17.03.20:374][526]LogModuleManager: Shutting down and abandoning module GraphEditor (163)
[2017.07.15-17.03.20:374][526]LogModuleManager: Shutting down and abandoning module ClassViewer (162)
[2017.07.15-17.03.20:374][526]LogModuleManager: Shutting down and abandoning module Toolbox (161)
[2017.07.15-17.03.20:374][526]LogModuleManager: Shutting down and abandoning module ModuleUI (160)
[2017.07.15-17.03.20:374][526]LogModuleManager: Shutting down and abandoning module MovieSceneTools (159)
[2017.07.15-17.03.20:374][526]LogModuleManager: Shutting down and abandoning module OutputLog (158)
[2017.07.15-17.03.20:374][526]LogModuleManager: Shutting down and abandoning module GammaUI (157)
[2017.07.15-17.03.20:374][526]LogModuleManager: Shutting down and abandoning module Documentation (156)
[2017.07.15-17.03.20:374][526]LogModuleManager: Shutting down and abandoning module Niagara (155)
[2017.07.15-17.03.20:374][526]LogModuleManager: Shutting down and abandoning module StreamingPauseRendering (154)
[2017.07.15-17.03.20:374][526]LogModuleManager: Shutting down and abandoning module AnalyticsET (153)
[2017.07.15-17.03.20:374][526]LogModuleManager: Shutting down and abandoning module PortalServices (152)
[2017.07.15-17.03.20:374][526]LogModuleManager: Shutting down and abandoning module PortalRpc (151)
[2017.07.15-17.03.20:374][526]LogModuleManager: Shutting down and abandoning module MessagingRpc (150)
[2017.07.15-17.03.20:374][526]LogModuleManager: Shutting down and abandoning module GameplayDebugger (149)
[2017.07.15-17.03.20:374][526]LogModuleManager: Shutting down and abandoning module AITestSuite (148)
[2017.07.15-17.03.20:374][526]LogModuleManager: Shutting down and abandoning module AIModule (147)
[2017.07.15-17.03.20:374][526]LogModuleManager: Shutting down and abandoning module ProfilerService (146)
[2017.07.15-17.03.20:624][526]LogModuleManager: Shutting down and abandoning module TaskGraph (145)
[2017.07.15-17.03.20:624][526]LogModuleManager: Shutting down and abandoning module SlateRemote (144)
[2017.07.15-17.03.20:624][526]LogModuleManager: Shutting down and abandoning module SteamVRController (143)
[2017.07.15-17.03.20:624][526]LogModuleManager: Shutting down and abandoning module SteamVR (142)
[2017.07.15-17.03.20:624][526]LogModuleManager: Shutting down and abandoning module ProceduralMeshComponentEditor (141)
[2017.07.15-17.03.20:624][526]LogModuleManager: Shutting down and abandoning module ProceduralMeshComponent (140)
[2017.07.15-17.03.20:624][526]LogModuleManager: Shutting down and abandoning module OculusLibrary (139)
[2017.07.15-17.03.20:624][526]LogModuleManager: Shutting down and abandoning module OculusInput (138)
[2017.07.15-17.03.20:624][526]LogModuleManager: Shutting down and abandoning module MobilePatchingUtils (137)
[2017.07.15-17.03.20:624][526]LogModuleManager: Shutting down and abandoning module CustomMeshComponent (136)
[2017.07.15-17.03.20:624][526]LogModuleManager: Shutting down and abandoning module CableComponent (135)
[2017.07.15-17.03.20:624][526]LogModuleManager: Shutting down and abandoning module ArchVisCharacter (134)
[2017.07.15-17.03.20:624][526]LogModuleManager: Shutting down and abandoning module MediaPlayerEditor (132)
[2017.07.15-17.03.20:624][526]LogModuleManager: Shutting down and abandoning module HTML5Networking (131)
[2017.07.15-17.03.20:624][526]LogModuleManager: Shutting down and abandoning module GeometryCacheEd (130)
[2017.07.15-17.03.20:624][526]LogModuleManager: Shutting down and abandoning module GeometryCache (129)
[2017.07.15-17.03.20:624][526]LogModuleManager: Shutting down and abandoning module AlembicLibrary (128)
[2017.07.15-17.03.20:625][526]LogModuleManager: Shutting down and abandoning module AlembicImporter (127)
[2017.07.15-17.03.20:625][526]LogModuleManager: Shutting down and abandoning module SuperSearch (126)
[2017.07.15-17.03.20:625][526]LogModuleManager: Shutting down and abandoning module SuperSearchEditor (125)
[2017.07.15-17.03.20:625][526]LogModuleManager: Shutting down and abandoning module SpeedTreeImporter (124)
[2017.07.15-17.03.20:625][526]LogModuleManager: Shutting down and abandoning module PluginBrowser (123)
[2017.07.15-17.03.20:625][526]LogModuleManager: Shutting down and abandoning module MobileLauncherProfileWizard (122)
[2017.07.15-17.03.20:625][526]LogModuleManager: Shutting down and abandoning module EpicSurvey (121)
[2017.07.15-17.03.20:659][526]LogModuleManager: Shutting down and abandoning module DesktopPlatform (120)
[2017.07.15-17.03.20:659][526]LogModuleManager: Shutting down and abandoning module VisualStudioSourceCodeAccess (119)
[2017.07.15-17.03.20:659][526]LogModuleManager: Shutting down and abandoning module UObjectPlugin (118)
[2017.07.15-17.03.20:659][526]LogModuleManager: Shutting down and abandoning module SubversionSourceControl (117)
[2017.07.15-17.03.20:659][526]LogModuleManager: Shutting down and abandoning module PerforceSourceControl (116)
[2017.07.15-17.03.20:659][526]LogModuleManager: Shutting down and abandoning module SourceControl (115)
[2017.07.15-17.03.20:659][526]LogModuleManager: Shutting down and abandoning module GitSourceControl (114)
[2017.07.15-17.03.20:659][526]LogModuleManager: Shutting down and abandoning module LightPropagationVolumeEditor (113)
[2017.07.15-17.03.20:659][526]LogModuleManager: Shutting down and abandoning module PaperTiledImporter (112)
[2017.07.15-17.03.20:659][526]LogModuleManager: Shutting down and abandoning module PaperSpriteSheetImporter (111)
[2017.07.15-17.03.20:659][526]LogModuleManager: Shutting down and abandoning module MeshPaint (110)
[2017.07.15-17.03.20:659][526]LogModuleManager: Shutting down and abandoning module PixelInspectorModule (109)
[2017.07.15-17.03.20:659][526]LogModuleManager: Shutting down and abandoning module HotReload (108)
[2017.07.15-17.03.20:659][526]LogModuleManager: Shutting down and abandoning module MainFrame (107)
[2017.07.15-17.03.20:659][526]LogModuleManager: Shutting down and abandoning module LevelEditor (106)
[2017.07.15-17.03.20:660][526]LogModuleManager: Shutting down and abandoning module ContentBrowser (105)
[2017.07.15-17.03.20:661][526]LogModuleManager: Shutting down and abandoning module Paper2DEditor (104)
[2017.07.15-17.03.20:661][526]LogModuleManager: Shutting down and abandoning module UdpMessaging (103)
[2017.07.15-17.03.20:762][526]LogModuleManager: Shutting down and abandoning module TcpMessaging (102)
[2017.07.15-17.03.20:863][526]LogModuleManager: Shutting down and abandoning module LightPropagationVolumeRuntime (101)
[2017.07.15-17.03.20:863][526]LogModuleManager: Shutting down and abandoning module Paper2D (100)
[2017.07.15-17.03.20:863][526]LogModuleManager: Shutting down and abandoning module WindowsMoviePlayer (99)
[2017.07.15-17.03.20:863][526]LogModuleManager: Shutting down and abandoning module WmfMedia (98)
[2017.07.15-17.03.20:863][526]LogModuleManager: Shutting down and abandoning module MediaAssets (97)
[2017.07.15-17.03.20:863][526]LogModuleManager: Shutting down and abandoning module GameLiveStreaming (96)
[2017.07.15-17.03.20:863][526]LogModuleManager: Shutting down and abandoning module GameplayTagsEditor (95)
[2017.07.15-17.03.20:863][526]LogModuleManager: Shutting down and abandoning module VREditor (94)
[2017.07.15-17.03.20:863][526]LogModuleManager: Shutting down and abandoning module GameplayTasksEditor (93)
[2017.07.15-17.03.20:863][526]LogModuleManager: Shutting down and abandoning module BehaviorTreeEditor (92)
[2017.07.15-17.03.20:863][526]LogModuleManager: Shutting down and abandoning module FunctionalTesting (91)
[2017.07.15-17.03.20:863][526]LogModuleManager: Shutting down and abandoning module CollisionAnalyzer (90)
[2017.07.15-17.03.20:863][526]LogModuleManager: Shutting down and abandoning module Sequencer (89)
[2017.07.15-17.03.20:863][526]LogModuleManager: Shutting down and abandoning module WorkspaceMenuStructure (88)
[2017.07.15-17.03.20:863][526]LogModuleManager: Shutting down and abandoning module MessageLog (87)
[2017.07.15-17.03.20:863][526]LogModuleManager: Shutting down and abandoning module AssetTools (86)
[2017.07.15-17.03.20:863][526]LogModuleManager: Shutting down and abandoning module UMGEditor (85)
[2017.07.15-17.03.20:863][526]LogModuleManager: Shutting down and abandoning module UMG (84)
[2017.07.15-17.03.20:863][526]LogModuleManager: Shutting down and abandoning module SlateReflector (83)
[2017.07.15-17.03.20:863][526]LogModuleManager: Shutting down and abandoning module Slate (82)
[2017.07.15-17.03.20:863][526]LogModuleManager: Shutting down and abandoning module EditorStyle (81)
[2017.07.15-17.03.20:865][526]LogModuleManager: Shutting down and abandoning module SourceCodeAccess (80)
[2017.07.15-17.03.20:865][526]LogModuleManager: Shutting down and abandoning module HeadMountedDisplay (79)
[2017.07.15-17.03.20:865][526]LogModuleManager: Shutting down and abandoning module XAudio2 (78)
[2017.07.15-17.03.20:865][526]LogModuleManager: Shutting down and abandoning module Networking (76)
[2017.07.15-17.03.20:865][526]LogModuleManager: Shutting down and abandoning module Core (75)
[2017.07.15-17.03.20:865][526]LogModuleManager: Shutting down and abandoning module DirectoryWatcher (74)
[2017.07.15-17.03.20:865][526]LogDirectoryWatcher: A directory notification for '../../../Engine/Content/' was aborted.
[2017.07.15-17.03.20:866][526]LogDirectoryWatcher: A directory notification for '../../../../../../Magisterka/Magisterka/Content/' was aborted.
[2017.07.15-17.03.20:866][526]LogDirectoryWatcher: A directory notification for '../../../Engine/Plugins/2D/Paper2D/Content/' was aborted.
[2017.07.15-17.03.20:868][526]LogModuleManager: Shutting down and abandoning module AssetRegistry (73)
[2017.07.15-17.03.20:903][526]LogModuleManager: Shutting down and abandoning module KismetCompiler (72)
[2017.07.15-17.03.20:903][526]LogModuleManager: Shutting down and abandoning module PhysXFormats (71)
[2017.07.15-17.03.20:903][526]LogModuleManager: Shutting down and abandoning module SimplygonSwarm (70)
[2017.07.15-17.03.20:903][526]LogModuleManager: Shutting down and abandoning module SimplygonMeshReduction (69)
[2017.07.15-17.03.20:903][526]LogModuleManager: Shutting down and abandoning module QuadricMeshReduction (68)
[2017.07.15-17.03.20:903][526]LogModuleManager: Shutting down and abandoning module PropertyEditor (67)
[2017.07.15-17.03.20:903][526]LogModuleManager: Shutting down and abandoning module MeshUtilities (66)
[2017.07.15-17.03.20:903][526]LogModuleManager: Shutting down and abandoning module DerivedDataCache (65)
[2017.07.15-17.03.20:975][526]LogDerivedDataCache: Shutdown
[2017.07.15-17.03.20:975][526]LogModuleManager: Shutting down and abandoning module VulkanShaderFormat (64)
[2017.07.15-17.03.20:975][526]LogModuleManager: Shutting down and abandoning module ShaderFormatOpenGL (63)
[2017.07.15-17.03.20:975][526]LogModuleManager: Shutting down and abandoning module ShaderFormatD3D (62)
[2017.07.15-17.03.20:975][526]LogModuleManager: Shutting down and abandoning module MetalShaderFormat (61)
[2017.07.15-17.03.20:975][526]LogModuleManager: Shutting down and abandoning module TextureFormatUncompressed (60)
[2017.07.15-17.03.20:975][526]LogModuleManager: Shutting down and abandoning module TextureFormatPVR (59)
[2017.07.15-17.03.20:975][526]LogModuleManager: Shutting down and abandoning module TextureFormatDXT (58)
[2017.07.15-17.03.20:975][526]LogModuleManager: Shutting down and abandoning module TextureFormatIntelISPCTexComp (57)
[2017.07.15-17.03.20:975][526]LogModuleManager: Shutting down and abandoning module ImageWrapper (56)
[2017.07.15-17.03.20:976][526]LogModuleManager: Shutting down and abandoning module TextureFormatASTC (55)
[2017.07.15-17.03.20:976][526]LogModuleManager: Shutting down and abandoning module TextureFormatAndroid (54)
[2017.07.15-17.03.20:976][526]LogModuleManager: Shutting down and abandoning module AudioFormatOpus (53)
[2017.07.15-17.03.20:976][526]LogModuleManager: Shutting down and abandoning module AudioFormatOgg (52)
[2017.07.15-17.03.20:976][526]LogModuleManager: Shutting down and abandoning module AudioFormatADPCM (51)
[2017.07.15-17.03.20:976][526]LogModuleManager: Shutting down and abandoning module LinuxTargetPlatform (50)
[2017.07.15-17.03.20:976][526]LogModuleManager: Shutting down and abandoning module LinuxServerTargetPlatform (49)
[2017.07.15-17.03.20:976][526]LogModuleManager: Shutting down and abandoning module LinuxNoEditorTargetPlatform (48)
[2017.07.15-17.03.20:976][526]LogModuleManager: Shutting down and abandoning module LinuxClientTargetPlatform (47)
[2017.07.15-17.03.20:976][526]LogModuleManager: Shutting down and abandoning module TVOSTargetPlatform (46)
[2017.07.15-17.03.20:976][526]LogModuleManager: Shutting down and abandoning module Messaging (45)
[2017.07.15-17.03.20:976][526]LogModuleManager: Shutting down and abandoning module IOSTargetPlatform (44)
[2017.07.15-17.03.20:976][526]LogModuleManager: Shutting down and abandoning module HTML5TargetPlatform (43)
[2017.07.15-17.03.20:976][526]LogModuleManager: Shutting down and abandoning module Android_PVRTCTargetPlatform (42)
[2017.07.15-17.03.20:976][526]LogModuleManager: Shutting down and abandoning module Android_MultiTargetPlatform (41)
[2017.07.15-17.03.20:976][526]LogModuleManager: Shutting down and abandoning module Android_ETC2TargetPlatform (40)
[2017.07.15-17.03.20:976][526]LogModuleManager: Shutting down and abandoning module Android_ETC1TargetPlatform (39)
[2017.07.15-17.03.20:976][526]LogModuleManager: Shutting down and abandoning module Android_DXTTargetPlatform (38)
[2017.07.15-17.03.20:976][526]LogModuleManager: Shutting down and abandoning module Android_ATCTargetPlatform (37)
[2017.07.15-17.03.20:976][526]LogModuleManager: Shutting down and abandoning module Android_ASTCTargetPlatform (36)
[2017.07.15-17.03.20:976][526]LogModuleManager: Shutting down and abandoning module AndroidTargetPlatform (35)
[2017.07.15-17.03.20:976][526]LogModuleManager: Shutting down and abandoning module WindowsTargetPlatform (34)
[2017.07.15-17.03.20:976][526]LogModuleManager: Shutting down and abandoning module WindowsServerTargetPlatform (33)
[2017.07.15-17.03.20:976][526]LogModuleManager: Shutting down and abandoning module WindowsNoEditorTargetPlatform (32)
[2017.07.15-17.03.20:976][526]LogModuleManager: Shutting down and abandoning module WindowsClientTargetPlatform (31)
[2017.07.15-17.03.20:976][526]LogModuleManager: Shutting down and abandoning module MacTargetPlatform (30)
[2017.07.15-17.03.20:976][526]LogModuleManager: Shutting down and abandoning module MacServerTargetPlatform (29)
[2017.07.15-17.03.20:976][526]LogModuleManager: Shutting down and abandoning module MacNoEditorTargetPlatform (28)
[2017.07.15-17.03.20:976][526]LogModuleManager: Shutting down and abandoning module MacClientTargetPlatform (27)
[2017.07.15-17.03.20:976][526]LogModuleManager: Shutting down and abandoning module AllDesktopTargetPlatform (26)
[2017.07.15-17.03.20:976][526]LogModuleManager: Shutting down and abandoning module TargetPlatform (25)
[2017.07.15-17.03.20:976][526]LogModuleManager: Shutting down and abandoning module InputCore (24)
[2017.07.15-17.03.20:976][526]LogModuleManager: Shutting down and abandoning module Settings (23)
[2017.07.15-17.03.20:976][526]LogModuleManager: Shutting down and abandoning module OculusRift (22)
[2017.07.15-17.03.20:976][526]LogModuleManager: Shutting down and abandoning module ExampleDeviceProfileSelector (21)
[2017.07.15-17.03.20:976][526]LogModuleManager: Shutting down and abandoning module OnlineBlueprintSupport (20)
[2017.07.15-17.03.20:976][526]LogModuleManager: Shutting down and abandoning module OnlineSubsystem (18)
[2017.07.15-17.03.20:976][526]LogOnline:Display: Unloading online subsystem: NULL
[2017.07.15-17.03.20:976][526]LogModuleManager: Shutting down and abandoning module SSL (17)
[2017.07.15-17.03.20:978][526]LogModuleManager: Shutting down and abandoning module HTTP (16)
[2017.07.15-17.03.20:978][526]LogModuleManager: Shutting down and abandoning module XMPP (15)
[2017.07.15-17.03.20:978][526]LogModuleManager: Shutting down and abandoning module TextureCompressor (14)
[2017.07.15-17.03.20:978][526]LogModuleManager: Shutting down and abandoning module ShaderCore (13)
[2017.07.15-17.03.20:978][526]LogModuleManager: Shutting down and abandoning module Landscape (12)
[2017.07.15-17.03.20:978][526]LogModuleManager: Shutting down and abandoning module SlateRHIRenderer (11)
[2017.07.15-17.03.20:980][526]LogModuleManager: Shutting down and abandoning module OpenGLDrv (10)
[2017.07.15-17.03.20:980][526]LogModuleManager: Shutting down and abandoning module D3D11RHI (9)
[2017.07.15-17.03.20:980][526]LogModuleManager: Shutting down and abandoning module AnimGraphRuntime (8)
[2017.07.15-17.03.20:980][526]LogModuleManager: Shutting down and abandoning module Renderer (7)
[2017.07.15-17.03.20:980][526]LogModuleManager: Shutting down and abandoning module Engine (6)
[2017.07.15-17.03.20:980][526]LogModuleManager: Shutting down and abandoning module CoreUObject (5)
[2017.07.15-17.03.20:980][526]LogModuleManager: Shutting down and abandoning module NetworkFile (4)
[2017.07.15-17.03.20:980][526]LogModuleManager: Shutting down and abandoning module StreamingFile (3)
[2017.07.15-17.03.20:980][526]LogModuleManager: Shutting down and abandoning module SandboxFile (2)
[2017.07.15-17.03.20:980][526]LogModuleManager: Shutting down and abandoning module PakFile (1)
[2017.07.15-17.03.20:982][526]LogExit: Exiting.
[2017.07.15-17.03.20:983][526]Log file closed, 07/15/17 18:03:20
