Log file open, 07/18/17 08:16:36
LogInit:Display: Running engine for game: Magisterka
LogPlatformFile: Not using cached read wrapper
LogInit:Display: RandInit(496275703) SRandInit(496275703).
LogTaskGraph: Started task graph with 5 named threads and 8 total threads with 1 sets of task threads.
LogStats: Stats thread started at 0.081716
LogPluginManager: Loaded Plugin Paper2D, From D:/Unreal/Epic Games/4.14/Engine/Plugins/2D/Paper2D/Paper2D.uplugin
LogPluginManager: Loaded Plugin LightPropagationVolume, From D:/Unreal/Epic Games/4.14/Engine/Plugins/Blendables/LightPropagationVolume/LightPropagationVolume.uplugin
LogPluginManager: Loaded Plugin BlankPlugin, From D:/Unreal/Epic Games/4.14/Engine/Plugins/Developer/BlankPlugin/BlankPlugin.uplugin
LogPluginManager: Loaded Plugin CodeLiteSourceCodeAccess, From D:/Unreal/Epic Games/4.14/Engine/Plugins/Developer/CodeLiteSourceCodeAccess/CodeLiteSourceCodeAccess.uplugin
LogPluginManager: Loaded Plugin GitSourceControl, From D:/Unreal/Epic Games/4.14/Engine/Plugins/Developer/GitSourceControl/GitSourceControl.uplugin
LogPluginManager: Loaded Plugin KDevelopSourceCodeAccess, From D:/Unreal/Epic Games/4.14/Engine/Plugins/Developer/KDevelopSourceCodeAccess/KDevelopSourceCodeAccess.uplugin
LogPluginManager: Loaded Plugin NullSourceCodeAccess, From D:/Unreal/Epic Games/4.14/Engine/Plugins/Developer/NullSourceCodeAccess/NullSourceCodeAccess.uplugin
LogPluginManager: Loaded Plugin OneSkyLocalizationService, From D:/Unreal/Epic Games/4.14/Engine/Plugins/Developer/OneSkyLocalizationService/OneSkyLocalizationService.uplugin
LogPluginManager: Loaded Plugin PerforceSourceControl, From D:/Unreal/Epic Games/4.14/Engine/Plugins/Developer/PerforceSourceControl/PerforceSourceControl.uplugin
LogPluginManager: Loaded Plugin SubversionSourceControl, From D:/Unreal/Epic Games/4.14/Engine/Plugins/Developer/SubversionSourceControl/SubversionSourceControl.uplugin
LogPluginManager: Loaded Plugin UObjectPlugin, From D:/Unreal/Epic Games/4.14/Engine/Plugins/Developer/UObjectPlugin/UObjectPlugin.uplugin
LogPluginManager: Loaded Plugin VisualStudioSourceCodeAccess, From D:/Unreal/Epic Games/4.14/Engine/Plugins/Developer/VisualStudioSourceCodeAccess/VisualStudioSourceCodeAccess.uplugin
LogPluginManager: Loaded Plugin XCodeSourceCodeAccess, From D:/Unreal/Epic Games/4.14/Engine/Plugins/Developer/XCodeSourceCodeAccess/XCodeSourceCodeAccess.uplugin
LogPluginManager: Loaded Plugin AudioCapture, From D:/Unreal/Epic Games/4.14/Engine/Plugins/Editor/AudioCapture/AudioCapture.uplugin
LogPluginManager: Loaded Plugin EpicSurvey, From D:/Unreal/Epic Games/4.14/Engine/Plugins/Editor/EpicSurvey/EpicSurvey.uplugin
LogPluginManager: Loaded Plugin MacGraphicsSwitching, From D:/Unreal/Epic Games/4.14/Engine/Plugins/Editor/MacGraphicsSwitching/MacGraphicsSwitching.uplugin
LogPluginManager: Loaded Plugin MobileLauncherProfileWizard, From D:/Unreal/Epic Games/4.14/Engine/Plugins/Editor/MobileLauncherProfileWizard/MobileLauncherProfileWizard.uplugin
LogPluginManager: Loaded Plugin PluginBrowser, From D:/Unreal/Epic Games/4.14/Engine/Plugins/Editor/PluginBrowser/PluginBrowser.uplugin
LogPluginManager: Loaded Plugin SpeedTreeImporter, From D:/Unreal/Epic Games/4.14/Engine/Plugins/Editor/SpeedTreeImporter/SpeedTreeImporter.uplugin
LogPluginManager: Loaded Plugin SuperSearchEditor, From D:/Unreal/Epic Games/4.14/Engine/Plugins/Editor/SuperSearchEditor/SuperSearchEditor.uplugin
LogPluginManager: Loaded Plugin AlembicImporter, From D:/Unreal/Epic Games/4.14/Engine/Plugins/Experimental/AlembicImporter/AlembicImporter.uplugin
LogPluginManager: Loaded Plugin BlueprintStats, From D:/Unreal/Epic Games/4.14/Engine/Plugins/Experimental/BlueprintStats/BlueprintStats.uplugin
LogPluginManager: Loaded Plugin CharacterAI, From D:/Unreal/Epic Games/4.14/Engine/Plugins/Experimental/CharacterAI/CharacterAI.uplugin
LogPluginManager: Loaded Plugin CodeEditor, From D:/Unreal/Epic Games/4.14/Engine/Plugins/Experimental/CodeEditor/CodeEditor.uplugin
LogPluginManager: Loaded Plugin CodeView, From D:/Unreal/Epic Games/4.14/Engine/Plugins/Experimental/CodeView/CodeView.uplugin
LogPluginManager: Loaded Plugin HTML5Networking, From D:/Unreal/Epic Games/4.14/Engine/Plugins/Experimental/HTML5Networking/HTML5Networking.uplugin
LogPluginManager: Loaded Plugin OSVR, From D:/Unreal/Epic Games/4.14/Engine/Plugins/Experimental/OSVR/OSVR.uplugin
LogPluginManager: Loaded Plugin Phya, From D:/Unreal/Epic Games/4.14/Engine/Plugins/Experimental/Phya/Phya.uplugin
LogPluginManager: Loaded Plugin SignificanceManager, From D:/Unreal/Epic Games/4.14/Engine/Plugins/Experimental/SignificanceManager/SignificanceManager.uplugin
LogPluginManager: Loaded Plugin SimpleHMD, From D:/Unreal/Epic Games/4.14/Engine/Plugins/Experimental/SimpleHMD/SimpleHMD.uplugin
LogPluginManager: Loaded Plugin StereoPanorama, From D:/Unreal/Epic Games/4.14/Engine/Plugins/Experimental/StereoPanorama/StereoPanorama.uplugin
LogPluginManager: Loaded Plugin StructBox, From D:/Unreal/Epic Games/4.14/Engine/Plugins/Experimental/StructBox/StructBox.uplugin
LogPluginManager: Loaded Plugin AndroidMedia, From D:/Unreal/Epic Games/4.14/Engine/Plugins/Media/AndroidMedia/AndroidMedia.uplugin
LogPluginManager: Loaded Plugin AvfMedia, From D:/Unreal/Epic Games/4.14/Engine/Plugins/Media/AvfMedia/AvfMedia.uplugin
LogPluginManager: Loaded Plugin MediaPlayerEditor, From D:/Unreal/Epic Games/4.14/Engine/Plugins/Media/MediaPlayerEditor/MediaPlayerEditor.uplugin
LogPluginManager: Loaded Plugin WmfMedia, From D:/Unreal/Epic Games/4.14/Engine/Plugins/Media/WmfMedia/WmfMedia.uplugin
LogPluginManager: Loaded Plugin MessagingDebugger, From D:/Unreal/Epic Games/4.14/Engine/Plugins/Messaging/MessagingDebugger/MessagingDebugger.uplugin
LogPluginManager: Loaded Plugin TcpMessaging, From D:/Unreal/Epic Games/4.14/Engine/Plugins/Messaging/TcpMessaging/TcpMessaging.uplugin
LogPluginManager: Loaded Plugin UdpMessaging, From D:/Unreal/Epic Games/4.14/Engine/Plugins/Messaging/UdpMessaging/UdpMessaging.uplugin
LogPluginManager: Loaded Plugin LevelSequenceEditor, From D:/Unreal/Epic Games/4.14/Engine/Plugins/MovieScene/LevelSequenceEditor/LevelSequenceEditor.uplugin
LogPluginManager: Loaded Plugin MatineeToLevelSequence, From D:/Unreal/Epic Games/4.14/Engine/Plugins/MovieScene/MatineeToLevelSequence/MatineeToLevelSequence.uplugin
LogPluginManager: Loaded Plugin NetcodeUnitTest, From D:/Unreal/Epic Games/4.14/Engine/Plugins/NetcodeUnitTest/NetcodeUnitTest/NetcodeUnitTest.uplugin
LogPluginManager: Loaded Plugin NUTUnrealEngine4, From D:/Unreal/Epic Games/4.14/Engine/Plugins/NetcodeUnitTest/NUTUnrealEngine4/NUTUnrealEngine4.uplugin
LogPluginManager: Loaded Plugin OnlineSubsystemGameCircle, From D:/Unreal/Epic Games/4.14/Engine/Plugins/Online/Android/OnlineSubsystemGameCircle/OnlineSubsystemGameCircle.uplugin
LogPluginManager: Loaded Plugin OnlineSubsystemGooglePlay, From D:/Unreal/Epic Games/4.14/Engine/Plugins/Online/Android/OnlineSubsystemGooglePlay/OnlineSubsystemGooglePlay.uplugin
LogPluginManager: Loaded Plugin OnlineSubsystemIOS, From D:/Unreal/Epic Games/4.14/Engine/Plugins/Online/IOS/OnlineSubsystemIOS/OnlineSubsystemIOS.uplugin
LogPluginManager: Loaded Plugin OnlineFramework, From D:/Unreal/Epic Games/4.14/Engine/Plugins/Online/OnlineFramework/OnlineFramework.uplugin
LogPluginManager: Loaded Plugin OnlineSubsystem, From D:/Unreal/Epic Games/4.14/Engine/Plugins/Online/OnlineSubsystem/OnlineSubsystem.uplugin
LogPluginManager: Loaded Plugin OnlineSubsystemAmazon, From D:/Unreal/Epic Games/4.14/Engine/Plugins/Online/OnlineSubsystemAmazon/OnlineSubsystemAmazon.uplugin
LogPluginManager: Loaded Plugin OnlineSubsystemFacebook, From D:/Unreal/Epic Games/4.14/Engine/Plugins/Online/OnlineSubsystemFacebook/OnlineSubsystemFacebook.uplugin
LogPluginManager: Loaded Plugin OnlineSubsystemNull, From D:/Unreal/Epic Games/4.14/Engine/Plugins/Online/OnlineSubsystemNull/OnlineSubsystemNull.uplugin
LogPluginManager: Loaded Plugin OnlineSubsystemOculus, From D:/Unreal/Epic Games/4.14/Engine/Plugins/Online/OnlineSubsystemOculus/OnlineSubsystemOculus.uplugin
LogPluginManager: Loaded Plugin OnlineSubsystemSteam, From D:/Unreal/Epic Games/4.14/Engine/Plugins/Online/OnlineSubsystemSteam/OnlineSubsystemSteam.uplugin
LogPluginManager: Loaded Plugin OnlineSubsystemUtils, From D:/Unreal/Epic Games/4.14/Engine/Plugins/Online/OnlineSubsystemUtils/OnlineSubsystemUtils.uplugin
LogPluginManager: Loaded Plugin IOSTapJoy, From D:/Unreal/Epic Games/4.14/Engine/Plugins/Runtime/Advertising/IOSTapJoy/IOSTapJoy.uplugin
LogPluginManager: Loaded Plugin AnalyticsBlueprintLibrary, From D:/Unreal/Epic Games/4.14/Engine/Plugins/Runtime/Analytics/AnalyticsBlueprintLibrary/AnalyticsBlueprintLibrary.uplugin
LogPluginManager: Loaded Plugin AnalyticsMulticast, From D:/Unreal/Epic Games/4.14/Engine/Plugins/Runtime/Analytics/AnalyticsMulticast/AnalyticsMulticast.uplugin
LogPluginManager: Loaded Plugin Apsalar, From D:/Unreal/Epic Games/4.14/Engine/Plugins/Runtime/Analytics/Apsalar/Apsalar.uplugin
LogPluginManager: Loaded Plugin FileLogging, From D:/Unreal/Epic Games/4.14/Engine/Plugins/Runtime/Analytics/FileLogging/FileLogging.uplugin
LogPluginManager: Loaded Plugin Flurry, From D:/Unreal/Epic Games/4.14/Engine/Plugins/Runtime/Analytics/Flurry/Flurry.uplugin
LogPluginManager: Loaded Plugin AndroidDeviceProfileSelector, From D:/Unreal/Epic Games/4.14/Engine/Plugins/Runtime/AndroidDeviceProfileSelector/AndroidDeviceProfileSelector.uplugin
LogPluginManager: Loaded Plugin AndroidMoviePlayer, From D:/Unreal/Epic Games/4.14/Engine/Plugins/Runtime/AndroidMoviePlayer/AndroidMoviePlayer.uplugin
LogPluginManager: Loaded Plugin AppleMoviePlayer, From D:/Unreal/Epic Games/4.14/Engine/Plugins/Runtime/AppleMoviePlayer/AppleMoviePlayer.uplugin
LogPluginManager: Loaded Plugin ArchVisCharacter, From D:/Unreal/Epic Games/4.14/Engine/Plugins/Runtime/ArchVisCharacter/ArchVisCharacter.uplugin
LogPluginManager: Loaded Plugin CableComponent, From D:/Unreal/Epic Games/4.14/Engine/Plugins/Runtime/CableComponent/CableComponent.uplugin
LogPluginManager: Loaded Plugin CustomMeshComponent, From D:/Unreal/Epic Games/4.14/Engine/Plugins/Runtime/CustomMeshComponent/CustomMeshComponent.uplugin
LogPluginManager: Loaded Plugin ExampleDeviceProfileSelector, From D:/Unreal/Epic Games/4.14/Engine/Plugins/Runtime/ExampleDeviceProfileSelector/ExampleDeviceProfileSelector.uplugin
LogPluginManager: Loaded Plugin GearVR, From D:/Unreal/Epic Games/4.14/Engine/Plugins/Runtime/GearVR/GearVR.uplugin
LogPluginManager: Loaded Plugin GoogleVRController, From D:/Unreal/Epic Games/4.14/Engine/Plugins/Runtime/GoogleVR/GoogleVRController/GoogleVRController.uplugin
LogPluginManager: Loaded Plugin GoogleVRHMD, From D:/Unreal/Epic Games/4.14/Engine/Plugins/Runtime/GoogleVR/GoogleVRHMD/GoogleVRHMD.uplugin
LogPluginManager: Loaded Plugin IOSDeviceProfileSelector, From D:/Unreal/Epic Games/4.14/Engine/Plugins/Runtime/IOSDeviceProfileSelector/IOSDeviceProfileSelector.uplugin
LogPluginManager: Loaded Plugin LeapMotion, From D:/Unreal/Epic Games/4.14/Engine/Plugins/Runtime/LeapMotion/LeapMotion.uplugin
LogPluginManager: Loaded Plugin LinuxDeviceProfileSelector, From D:/Unreal/Epic Games/4.14/Engine/Plugins/Runtime/LinuxDeviceProfileSelector/LinuxDeviceProfileSelector.uplugin
LogPluginManager: Loaded Plugin MIDIDevice, From D:/Unreal/Epic Games/4.14/Engine/Plugins/Runtime/MIDIDevice/MIDIDevice.uplugin
LogPluginManager: Loaded Plugin MobilePatchingUtils, From D:/Unreal/Epic Games/4.14/Engine/Plugins/Runtime/MobilePatchingUtils/MobilePatchingUtils.uplugin
LogPluginManager: Loaded Plugin Ansel, From D:/Unreal/Epic Games/4.14/Engine/Plugins/Runtime/Nvidia/Ansel/Ansel.uplugin
LogPluginManager: Loaded Plugin OculusAudio, From D:/Unreal/Epic Games/4.14/Engine/Plugins/Runtime/OculusAudio/OculusAudio.uplugin
LogPluginManager: Loaded Plugin OculusInput, From D:/Unreal/Epic Games/4.14/Engine/Plugins/Runtime/OculusInput/OculusInput.uplugin
LogPluginManager: Loaded Plugin OculusLibrary, From D:/Unreal/Epic Games/4.14/Engine/Plugins/Runtime/OculusLibrary/OculusLibrary.uplugin
LogPluginManager: Loaded Plugin OculusRift, From D:/Unreal/Epic Games/4.14/Engine/Plugins/Runtime/OculusRift/OculusRift.uplugin
LogPluginManager: Loaded Plugin Oodle, From D:/Unreal/Epic Games/4.14/Engine/Plugins/Runtime/PacketHandlers/CompressionComponents/Oodle/Oodle.uplugin
LogPluginManager: Loaded Plugin ProceduralMeshComponent, From D:/Unreal/Epic Games/4.14/Engine/Plugins/Runtime/ProceduralMeshComponent/ProceduralMeshComponent.uplugin
LogPluginManager: Loaded Plugin SoundMod, From D:/Unreal/Epic Games/4.14/Engine/Plugins/Runtime/SoundMod/SoundMod.uplugin
LogPluginManager: Loaded Plugin SoundVisualizations, From D:/Unreal/Epic Games/4.14/Engine/Plugins/Runtime/SoundVisualizations/SoundVisualizations.uplugin
LogPluginManager: Loaded Plugin SteamController, From D:/Unreal/Epic Games/4.14/Engine/Plugins/Runtime/Steam/SteamController/SteamController.uplugin
LogPluginManager: Loaded Plugin SteamVR, From D:/Unreal/Epic Games/4.14/Engine/Plugins/Runtime/Steam/SteamVR/SteamVR.uplugin
LogPluginManager: Loaded Plugin WebBrowserWidget, From D:/Unreal/Epic Games/4.14/Engine/Plugins/Runtime/WebBrowserWidget/WebBrowserWidget.uplugin
LogPluginManager: Loaded Plugin WindowsDeviceProfileSelector, From D:/Unreal/Epic Games/4.14/Engine/Plugins/Runtime/WindowsDeviceProfileSelector/WindowsDeviceProfileSelector.uplugin
LogPluginManager: Loaded Plugin WindowsMoviePlayer, From D:/Unreal/Epic Games/4.14/Engine/Plugins/Runtime/WindowsMoviePlayer/WindowsMoviePlayer.uplugin
LogPluginManager: Loaded Plugin ScriptPlugin, From D:/Unreal/Epic Games/4.14/Engine/Plugins/ScriptPlugin/ScriptPlugin.uplugin
LogPluginManager: Loaded Plugin SlateRemote, From D:/Unreal/Epic Games/4.14/Engine/Plugins/Slate/SlateRemote/SlateRemote.uplugin
LogPluginManager: Loaded Plugin EditorTests, From D:/Unreal/Epic Games/4.14/Engine/Plugins/Tests/EditorTests/EditorTests.uplugin
LogPluginManager: Loaded Plugin FbxAutomationTestBuilder, From D:/Unreal/Epic Games/4.14/Engine/Plugins/Tests/FbxAutomationTestBuilder/FbxAutomationTestBuilder.uplugin
LogPluginManager: Loaded Plugin FunctionalTestingEditor, From D:/Unreal/Epic Games/4.14/Engine/Plugins/Tests/FunctionalTestingEditor/FunctionalTestingEditor.uplugin
LogPluginManager: Loaded Plugin RuntimeTests, From D:/Unreal/Epic Games/4.14/Engine/Plugins/Tests/RuntimeTests/RuntimeTests.uplugin
LogPluginManager: Loaded Plugin ScreenshotTools, From D:/Unreal/Epic Games/4.14/Engine/Plugins/Tests/ScreenshotTools/ScreenshotTools.uplugin
LogInit: Using libcurl 7.47.1
LogInit:  - built for x86_64-pc-win32
LogInit:  - supports SSL with OpenSSL/1.0.2g
LogInit:  - supports HTTP deflate (compression) using libz 1.2.8
LogInit:  - other features:
LogInit:      CURL_VERSION_SSL
LogInit:      CURL_VERSION_LIBZ
LogInit:      CURL_VERSION_IPV6
LogInit:      CURL_VERSION_ASYNCHDNS
LogInit:      CURL_VERSION_LARGEFILE
LogInit:      CURL_VERSION_IDN
LogInit:  CurlRequestOptions (configurable via config and command line):
LogInit:  - bVerifyPeer = false  - Libcurl will NOT verify peer certificate
LogInit:  - bUseHttpProxy = false  - Libcurl will NOT use HTTP proxy
LogInit:  - bDontReuseConnections = false  - Libcurl will reuse connections
LogInit:  - CertBundlePath = nullptr  - Libcurl will use whatever was configured at build time.
LogInit: Build: ++UE4+Release-4.14-CL-3224400
LogInit: Engine Version: 4.14.1-3224400+++UE4+Release-4.14
LogInit: Compatible Engine Version: 4.14.0-3195953+++UE4+Release-4.14
LogInit: Net CL: 3195953
LogDevObjectVersion: Number of dev versions registered: 13
LogDevObjectVersion:   Dev-Blueprints (B0D832E4-1F89-4F0D-ACCF-7EB736FD4AA2): 7
LogDevObjectVersion:   Dev-Build (E1C64328-A22C-4D53-A36C-8E866417BD8C): 0
LogDevObjectVersion:   Dev-Core (375EC13C-06E4-48FB-B500-84F0262A717E): 1
LogDevObjectVersion:   Dev-Editor (E4B068ED-F494-42E9-A231-DA0B2E46BB41): 8
LogDevObjectVersion:   Dev-Framework (CFFC743F-43B0-4480-9391-14DF171D2073): 17
LogDevObjectVersion:   Dev-Mobile (B02B49B5-BB20-44E9-A304-32B752E40360): 0
LogDevObjectVersion:   Dev-Networking (A4E4105C-59A1-49B5-A7C5-40C4547EDFEE): 0
LogDevObjectVersion:   Dev-Online (39C831C9-5AE6-47DC-9A44-9C173E1C8E7C): 0
LogDevObjectVersion:   Dev-Physics (78F01B33-EBEA-4F98-B9B4-84EACCB95AA2): 0
LogDevObjectVersion:   Dev-Platform (6631380F-2D4D-43E0-8009-CF276956A95A): 0
LogDevObjectVersion:   Dev-Rendering (12F88B9F-8875-4AFC-A67C-D90C383ABD29): 12
LogDevObjectVersion:   Dev-Sequencer (7B5AE74C-D270-4C10-A958-57980B212A5A): 1
LogDevObjectVersion:   Dev-VR (D7296918-1DD6-4BDD-9DE2-64A83CC13884): 0
LogInit: Compiled (64-bit): Dec  7 2016 02:14:32
LogInit: Compiled with Visual C++: 19.00.23026.00
LogInit: Build Configuration: Development
LogInit: Branch Name: ++UE4+Release-4.14
LogInit: Command line: -EpicPortal 
LogInit: Base directory: D:/Unreal/Epic Games/4.14/Engine/Binaries/Win64/
LogInit: Installed Engine Build: 1
LogInit: Presizing for max 8388607 objects, including 0 objects not considered by GC, pre-allocating 0 bytes for permanent pool.
LogInit: Object subsystem initialized
[2017.07.18-07.16.37:111][  0]LogInit: Selected Device Profile: [Windows]
[2017.07.18-07.16.37:111][  0]LogInit: Applying CVar settings loaded from the selected device profile: [Windows]
[2017.07.18-07.16.37:146][  0]LogInit: Computer: HACKME
[2017.07.18-07.16.37:146][  0]LogInit: User: Onirke
[2017.07.18-07.16.37:146][  0]LogInit: CPU Page size=65536, Cores=4
[2017.07.18-07.16.37:146][  0]LogInit: High frequency timer resolution =2.338448 MHz
[2017.07.18-07.16.37:147][  0]LogMemory: Memory total: Physical=7.9GB (8GB approx)
[2017.07.18-07.16.37:147][  0]LogMemory: Platform Memory Stats for Windows
[2017.07.18-07.16.37:147][  0]LogMemory: Process Physical Memory: 263.01 MB used, 263.01 MB peak
[2017.07.18-07.16.37:147][  0]LogMemory: Process Virtual Memory: 262.79 MB used, 262.79 MB peak
[2017.07.18-07.16.37:147][  0]LogMemory: Physical Memory: 4536.38 MB used,  3544.19 MB free, 8080.57 MB total
[2017.07.18-07.16.37:147][  0]LogMemory: Virtual Memory: 659.92 MB used,  3544.19 MB free, 134217728.00 MB total
[2017.07.18-07.16.37:180][  0]LogTextLocalizationManager: No specific translations for ('en-GB') exist, so ('en') translations will be used.
[2017.07.18-07.16.37:895][  0]LogD3D11RHI: D3D11 adapters:
[2017.07.18-07.16.37:922][  0]LogD3D11RHI:    0. 'NVIDIA GeForce GTX 660M' (Feature Level 11_0)
[2017.07.18-07.16.37:922][  0]LogD3D11RHI:       1985/0/2048 MB DedicatedVideo/DedicatedSystem/SharedSystem, Outputs:2, VendorId:0x10de
[2017.07.18-07.16.37:941][  0]LogD3D11RHI:    1. 'NVIDIA GeForce GTX 660M' (Feature Level 11_0)
[2017.07.18-07.16.37:941][  0]LogD3D11RHI:       1985/0/2048 MB DedicatedVideo/DedicatedSystem/SharedSystem, Outputs:0, VendorId:0x10de
[2017.07.18-07.16.37:942][  0]LogD3D11RHI:    2. 'Microsoft Basic Render Driver' (Feature Level 11_0)
[2017.07.18-07.16.37:942][  0]LogD3D11RHI:       1985/0/2048 MB DedicatedVideo/DedicatedSystem/SharedSystem, Outputs:0, VendorId:0x1414
[2017.07.18-07.16.37:942][  0]LogD3D11RHI: Chosen D3D11 Adapter: 0
[2017.07.18-07.16.37:947][  0]LogD3D11RHI: Creating new Direct3DDevice
[2017.07.18-07.16.37:947][  0]LogD3D11RHI:     GPU DeviceId: 0xfd4 (for the marketing name, search the web for "GPU Device Id")
[2017.07.18-07.16.37:947][  0]LogWindows: EnumDisplayDevices:
[2017.07.18-07.16.37:947][  0]LogWindows:    0. 'Intel(R) HD Graphics 4000' (P:1 D:1)
[2017.07.18-07.16.37:947][  0]LogWindows:    1. 'Intel(R) HD Graphics 4000' (P:0 D:1)
[2017.07.18-07.16.37:947][  0]LogWindows:    2. 'Intel(R) HD Graphics 4000' (P:0 D:0)
[2017.07.18-07.16.37:947][  0]LogWindows:    3. 'NVIDIA GeForce GTX 660M' (P:0 D:0)
[2017.07.18-07.16.37:947][  0]LogWindows: DebugString: PrimaryIsNotTheChoosenAdapter PrimaryIsNotTheChoosenAdapter PrimaryIsNotTheChoosenAdapter 
[2017.07.18-07.16.37:947][  0]LogD3D11RHI:     Adapter Name: NVIDIA GeForce GTX 660M
[2017.07.18-07.16.37:947][  0]LogD3D11RHI:   Driver Version: 347.25 (internal:9.18.13.4725, unified:347.25)
[2017.07.18-07.16.37:947][  0]LogD3D11RHI:      Driver Date: 1-9-2015
[2017.07.18-07.16.37:947][  0]LogRHI: Texture pool is 1361 MB (70% of 1945 MB)
[2017.07.18-07.16.37:960][  0]LogD3D11RHI: Async texture creation enabled
[2017.07.18-07.16.37:979][  0]LogD3D11RHI: GPU Timing Frequency: 1000.000000 (Debug: 2 2)
[2017.07.18-07.16.37:979][  0]LogShaderCompilers: Guid format shader working directory is 8 characters bigger than the processId version (../../../../../../Magisterka/Magisterka/Intermediate/Shaders/WorkingDirectory/9848/).
[2017.07.18-07.16.37:980][  0]LogShaderCompilers: Cleaned the shader compiler working directory 'C:/Users/Tommec/AppData/Local/Temp/UnrealShaderWorkingDir/2A27EE074F56A9FC1CF9078ADC3958C8/'.
[2017.07.18-07.16.37:980][  0]LogShaderCompilers:Display: Using Local Shader Compiler.
[2017.07.18-07.16.39:236][  0]LogTemp:Display: Loaded TP AllDesktopTargetPlatform
[2017.07.18-07.16.39:298][  0]LogTemp:Display: Loaded TP MacClientTargetPlatform
[2017.07.18-07.16.39:353][  0]LogTemp:Display: Loaded TP MacNoEditorTargetPlatform
[2017.07.18-07.16.39:412][  0]LogTemp:Display: Loaded TP MacServerTargetPlatform
[2017.07.18-07.16.39:508][  0]LogTemp:Display: Loaded TP MacTargetPlatform
[2017.07.18-07.16.39:582][  0]LogTemp:Display: Loaded TP WindowsClientTargetPlatform
[2017.07.18-07.16.39:678][  0]LogTemp:Display: Loaded TP WindowsNoEditorTargetPlatform
[2017.07.18-07.16.39:746][  0]LogTemp:Display: Loaded TP WindowsServerTargetPlatform
[2017.07.18-07.16.39:843][  0]LogTemp:Display: Loaded TP WindowsTargetPlatform
[2017.07.18-07.16.39:908][  0]LogTemp:Display: Loaded TP AndroidTargetPlatform
[2017.07.18-07.16.39:980][  0]LogTemp:Display: Loaded TP Android_ASTCTargetPlatform
[2017.07.18-07.16.40:031][  0]LogTemp:Display: Loaded TP Android_ATCTargetPlatform
[2017.07.18-07.16.40:081][  0]LogTemp:Display: Loaded TP Android_DXTTargetPlatform
[2017.07.18-07.16.40:132][  0]LogTemp:Display: Loaded TP Android_ETC1TargetPlatform
[2017.07.18-07.16.40:183][  0]LogTemp:Display: Loaded TP Android_ETC2TargetPlatform
[2017.07.18-07.16.40:284][  0]LogTemp:Display: Loaded TP Android_MultiTargetPlatform
[2017.07.18-07.16.40:284][  0]LogTemp:Display: Loaded TP Android_PVRTCTargetPlatform
[2017.07.18-07.16.40:316][  0]LogTemp:Display: Loaded TP HTML5TargetPlatform
[2017.07.18-07.16.40:395][  0]LogTemp:Display: Loaded TP IOSTargetPlatform
[2017.07.18-07.16.40:429][  0]LogTemp:Display: Loaded TP TVOSTargetPlatform
[2017.07.18-07.16.40:479][  0]LogTemp:Display: Loaded TP LinuxClientTargetPlatform
[2017.07.18-07.16.40:529][  0]LogTemp:Display: Loaded TP LinuxNoEditorTargetPlatform
[2017.07.18-07.16.40:579][  0]LogTemp:Display: Loaded TP LinuxServerTargetPlatform
[2017.07.18-07.16.40:630][  0]LogTemp:Display: Loaded TP LinuxTargetPlatform
[2017.07.18-07.16.40:630][  0]LogTargetPlatformManager:Display: Building Assets For Windows
[2017.07.18-07.16.40:940][  0]LogDerivedDataCache:Display: Max Cache Size: 512 MB
[2017.07.18-07.16.41:007][  0]LogDerivedDataCache: Loaded boot cache 0.07s 50MB C:/Users/Tommec/AppData/Local/UnrealEngine/4.14/DerivedDataCache/Boot.ddc.
[2017.07.18-07.16.41:007][  0]LogDerivedDataCache:Display: Loaded Boot cache: C:/Users/Tommec/AppData/Local/UnrealEngine/4.14/DerivedDataCache/Boot.ddc
[2017.07.18-07.16.41:007][  0]LogDerivedDataCache: FDerivedDataBackendGraph:  Pak pak cache file ../../../../../../Magisterka/Magisterka/DerivedDataCache/DDC.ddp not found, will not use a pak cache.
[2017.07.18-07.16.41:007][  0]LogDerivedDataCache: Unable to find inner node Pak for hierarchical cache Hierarchy.
[2017.07.18-07.16.41:007][  0]LogDerivedDataCache: FDerivedDataBackendGraph:  CompressedPak pak cache file ../../../../../../Magisterka/Magisterka/DerivedDataCache/Compressed.ddp not found, will not use a pak cache.
[2017.07.18-07.16.41:007][  0]LogDerivedDataCache: Unable to find inner node CompressedPak for hierarchical cache Hierarchy.
[2017.07.18-07.16.41:026][  0]LogDerivedDataCache:Display: Pak cache opened for reading ../../../Engine/DerivedDataCache/Compressed.ddp.
[2017.07.18-07.16.41:039][  0]LogDerivedDataCache: Using Local data cache path C:/Users/Tommec/AppData/Local/UnrealEngine/Common/DerivedDataCache: Writable
[2017.07.18-07.16.41:331][  0]LogInit: Selected Device Profile: [Windows]
[2017.07.18-07.16.41:336][  0]LogContentStreaming: Texture pool size is 0.00 MB
[2017.07.18-07.16.41:538][  0]LogMeshUtilities: Using QuadricMeshReduction for automatic static mesh reduction
[2017.07.18-07.16.41:597][  0]LogSimplygon: Simplygon DLL not present - disabling.
[2017.07.18-07.16.41:636][  0]LogMeshUtilities: Using SimplygonSwarm for distributed automatic mesh merging
[2017.07.18-07.16.41:636][  0]LogMeshUtilities: No automatic skeletal mesh reduction module available
[2017.07.18-07.16.41:636][  0]LogMeshUtilities: No automatic mesh merging module available
[2017.07.18-07.16.42:265][  0]LogNetVersion: GetLocalNetworkVersion: CL: 3195953, ProjectName: magisterka, ProjectVersion: , EngineNetworkVersion: 2, GameNetworkVersion: 0, NetworkChecksum: 2387860662
[2017.07.18-07.16.42:321][  0]LogAssetRegistry: FAssetRegistry took 0.0223 seconds to start up
[2017.07.18-07.16.42:448][  0]LogPackageLocalizationCache: Processed 3 localized package path(s) for 2 prioritized culture(s) in 0.107450 seconds
[2017.07.18-07.16.42:454][  0]LogUObjectArray: 31946 objects as part of root set at end of initial load.
[2017.07.18-07.16.42:454][  0]LogUObjectAllocator: 6935848 out of 0 bytes used by permanent object pool.
[2017.07.18-07.16.42:454][  0]LogUObjectArray: CloseDisregardForGC: 0/0 objects in disregard for GC pool
[2017.07.18-07.16.42:502][  0]LogInit: WinSock: version 1.1 (2.2), MaxSocks=32767, MaxUdp=65467
[2017.07.18-07.16.43:218][  0]LogSlate: Using Freetype 2.6.0
[2017.07.18-07.16.43:219][  0]LogSlate: SlateFontCache - WITH_FREETYPE: 1, WITH_HARFBUZZ: 1
[2017.07.18-07.16.43:219][  0]LogSlate: SlateFontCache - WITH_FREETYPE: 1, WITH_HARFBUZZ: 1
[2017.07.18-07.16.44:112][  0]LogTcpMessaging: Initializing TcpMessaging bridge
[2017.07.18-07.16.44:145][  0]LogUdpMessaging: Initializing bridge on interface 0.0.0.0:0 to multicast group 230.0.0.1:6666.
[2017.07.18-07.16.44:533][  0]LogMaterial: Uniform references updated for custom material expression Custom.
[2017.07.18-07.16.44:910][  0]SourceControl: Info Source control is disabled
[2017.07.18-07.16.44:912][  0]SourceControl: Info Source control is disabled
[2017.07.18-07.16.44:952][  0]SourceControl: Info Source control is disabled
[2017.07.18-07.16.45:010][  0]SourceControl: Info Source control is disabled
[2017.07.18-07.16.46:140][  0]LogEngine: Initializing Engine...
[2017.07.18-07.16.46:140][  0]LogHMD: Failed to initialize OpenVR with code 110
[2017.07.18-07.16.46:487][  0]LogAIModule: Creating AISystem for world Untitled
[2017.07.18-07.16.46:549][  0]LogInit: XAudio2 using 'SAMSUNG (Urządzenie zgodne ze standardem High Definition Audio)' : 2 channels at 44.1 kHz using 16 bits per sample (channel mask 0x3)
[2017.07.18-07.16.46:568][  0]LogInit: FAudioDevice initialized.
[2017.07.18-07.16.46:596][  0]LogDerivedDataCache: Saved boot cache 0.03s 50MB C:/Users/Tommec/AppData/Local/UnrealEngine/4.14/DerivedDataCache/Boot.ddc.
[2017.07.18-07.16.46:604][  0]LogInit: Texture streaming: Enabled
[2017.07.18-07.16.46:865][  0]LogInit: Transaction tracking system initialized
[2017.07.18-07.16.47:160][  0]BlueprintLog: New page: Editor Load
[2017.07.18-07.16.48:043][  0]LocalizationService: Info Localization service is disabled
[2017.07.18-07.16.48:654][  0]LogConsoleResponse:Display: 
[2017.07.18-07.16.49:177][  0]LogCook:Display: Max memory allowance for cook 16384mb min free memory 0mb
[2017.07.18-07.16.49:177][  0]LogCook:Display: Mobile HDR setting 1
[2017.07.18-07.16.49:970][  0]LogFileCache: Scanning file cache for directory 'D:/Magisterka/Magisterka/Content/' took 0.04s
[2017.07.18-07.16.49:970][  0]SourceControl: Info Source control is disabled
[2017.07.18-07.16.49:970][  0]Cmd: MAP LOAD FILE="../../../../../../Magisterka/Magisterka/Content/FirstPersonBP/Maps/FirstPersonExampleMap.umap" TEMPLATE=0 SHOWPROGRESS=1 FEATURELEVEL=3
[2017.07.18-07.16.50:231][  0]LightingResults: New page: Lighting Build
[2017.07.18-07.16.50:267][  0]MapCheck: New page: Map Check
[2017.07.18-07.16.50:267][  0]LightingResults: New page: Lighting Build
[2017.07.18-07.16.56:853][  0]LogAIModule: Creating AISystem for world FirstPersonExampleMap
[2017.07.18-07.16.57:879][  0]LogEditorServer: Finished looking for orphan Actors (0.000 secs)
[2017.07.18-07.16.57:914][  0]Cmd: MAP CHECKDEP NOCLEARLOG
[2017.07.18-07.16.57:967][  0]MapCheck: Info Map check complete: 0 Error(s), 0 Warning(s), took 53.18ms to complete.
[2017.07.18-07.16.57:967][  0]LogFileHelpers: Loading map 'FirstPersonExampleMap' took 7.996
[2017.07.18-07.16.58:114][  0]LogWindowsTextInputMethodSystem:Display: IME system now deactivated.
[2017.07.18-07.16.59:767][  0]LogCollectionManager: Loaded 0 collections in 0.000988 seconds
[2017.07.18-07.17.00:119][  0]LogFileCache: Scanning file cache for directory 'D:/Magisterka/Magisterka/Saved/Collections/' took 0.01s
[2017.07.18-07.17.00:119][  0]LogFileCache: Scanning file cache for directory 'D:/Magisterka/Magisterka/Content/Developers/Onirke/Collections/' took 0.01s
[2017.07.18-07.17.00:119][  0]LogFileCache: Scanning file cache for directory 'D:/Magisterka/Magisterka/Content/Collections/' took 0.01s
[2017.07.18-07.17.00:119][  0]LogCollectionManager: Rebuilt the GUID cache for 0 collections in 0.000002 seconds
[2017.07.18-07.17.00:142][  0]LogContentBrowser: Native class hierarchy populated in 0.0206 seconds. Added 2190 classes and 428 folders.
[2017.07.18-07.17.00:305][  0]LogStats: UGameplayTagsManager::ConstructGameplayTagTree: Construct from data asset -  0.000 s
[2017.07.18-07.17.00:305][  0]LogStats: UGameplayTagsManager::ConstructGameplayTagTree: GameplayTagTreeChangedEvent.Broadcast -  0.000 s
[2017.07.18-07.17.00:306][  0]LogContentBrowser: Native class hierarchy updated for 'GameplayTags' in 0.0007 seconds. Added 13 classes and 0 folders.
[2017.07.18-07.17.00:403][  0]LogContentBrowser: Native class hierarchy updated for 'WidgetCarousel' in 0.0005 seconds. Added 0 classes and 0 folders.
[2017.07.18-07.17.01:345][  0]LogContentBrowser: Native class hierarchy updated for 'AddContentDialog' in 0.0006 seconds. Added 0 classes and 0 folders.
[2017.07.18-07.17.01:510][  0]LogContentBrowser: Native class hierarchy updated for 'SceneOutliner' in 0.0006 seconds. Added 1 classes and 2 folders.
[2017.07.18-07.17.01:857][  0]LogContentBrowser: Native class hierarchy updated for 'WorldBrowser' in 0.0006 seconds. Added 1 classes and 3 folders.
[2017.07.18-07.17.03:984][  0]LogCrashTracker: Crashtracker disabled due to settings.
[2017.07.18-07.17.04:328][  0]LogUObjectGlobals:Warning: Failed to find object 'Class None.'
[2017.07.18-07.17.04:433][  0]LogContentBrowser: Native class hierarchy updated for 'HierarchicalLODOutliner' in 0.0006 seconds. Added 1 classes and 2 folders.
[2017.07.18-07.17.04:433][  0]LogLoad: (Engine Initialization) Total time: 29.58 seconds
[2017.07.18-07.17.04:433][  0]LogLoad: (Engine Initialization) Total Blueprint compile time: 1.64 seconds
[2017.07.18-07.17.04:433][  0]LogExternalProfiler: Found external profiler: VSPerf
[2017.07.18-07.17.04:433][  0]LogExternalProfiler: Using external profiler: VSPerf
[2017.07.18-07.17.04:451][  0]LogOcInput: OculusInput pre-init called
[2017.07.18-07.17.04:995][  0]LogContentStreaming: Texture pool size now 1000 MB
[2017.07.18-07.17.06:613][  1]LogRenderer: Reallocating scene render targets to support 752x424 NumSamples 1 (Frame:2).
[2017.07.18-07.17.07:753][  3]LogAssetRegistry: Asset discovery search completed in 25.4555 seconds
[2017.07.18-07.17.07:753][  3]LogCollectionManager: Rebuilt the object cache for 0 collections in 0.000001 seconds (found 0 objects)
[2017.07.18-07.17.07:753][  3]LogCollectionManager: Fixed up redirectors for 0 collections in 0.000019 seconds (updated 0 objects)
[2017.07.18-07.18.18:978][524]LogEditorViewport: Clicking on Actor (LMB): NewBlueprint_C (NewBlueprint2)
[2017.07.18-07.18.24:354][617]LogContentBrowser: Native class hierarchy updated for 'BlueprintGraph' in 0.0010 seconds. Added 111 classes and 0 folders.
[2017.07.18-07.26.51:837][992]LogRenderer: Reallocating scene render targets to support 944x424 NumSamples 1 (Frame:2839).
[2017.07.18-07.28.43:949][ 58]LogSavePackage: Save=672.83ms
[2017.07.18-07.28.43:949][ 58]LogSavePackage: Moving '../../../../../../Magisterka/Magisterka/Saved/FirstPersonExampleMap_Auto1C5BF241C48D2CD1CB670FB83A8664676.tmp' to '../../../../../../Magisterka/Magisterka/Saved/Autosaves/Game/FirstPersonBP/Maps/FirstPersonExampleMap_Auto1.umap'
[2017.07.18-07.28.43:956][ 58]LogSavePackage:Display: Finished SavePackage ../../../../../../Magisterka/Magisterka/Saved/Autosaves/Game/FirstPersonBP/Maps/FirstPersonExampleMap_Auto1.umap
[2017.07.18-07.28.43:999][ 58]Cmd: OBJ SAVEPACKAGE PACKAGE="/Game/Clue2" FILE="../../../../../../Magisterka/Magisterka/Saved/Autosaves/Game/Clue2_Auto1.umap" SILENT=true AUTOSAVING=true KEEPDIRTY=false
[2017.07.18-07.28.44:008][ 58]LogSpawn:Warning: UWorld::DestroyActor: World has no context! World: Clue2, Actor: /Game/Clue2.Clue2:PersistentLevel.Clue2_C_1
[2017.07.18-07.28.44:199][ 58]LogSavePackage: Save=195.24ms
[2017.07.18-07.28.44:199][ 58]LogSavePackage: Moving '../../../../../../Magisterka/Magisterka/Saved/Clue2_Auto18FE4BD3A46D35D24790DBD980CAA183A.tmp' to '../../../../../../Magisterka/Magisterka/Saved/Autosaves/Game/Clue2_Auto1.umap'
[2017.07.18-07.28.44:201][ 58]LogSavePackage:Display: Finished SavePackage ../../../../../../Magisterka/Magisterka/Saved/Autosaves/Game/Clue2_Auto1.umap
[2017.07.18-07.28.44:203][ 58]Cmd: OBJ SAVEPACKAGE PACKAGE="/Game/Clue1" FILE="../../../../../../Magisterka/Magisterka/Saved/Autosaves/Game/Clue1_Auto1.umap" SILENT=true AUTOSAVING=true KEEPDIRTY=false
[2017.07.18-07.28.44:231][ 58]LogSavePackage: Save=24.06ms
[2017.07.18-07.28.44:231][ 58]LogSavePackage: Moving '../../../../../../Magisterka/Magisterka/Saved/Clue1_Auto1D4F2F484446D8C72D8A115A18CCE2058.tmp' to '../../../../../../Magisterka/Magisterka/Saved/Autosaves/Game/Clue1_Auto1.umap'
[2017.07.18-07.28.44:231][ 58]LogSavePackage:Display: Finished SavePackage ../../../../../../Magisterka/Magisterka/Saved/Autosaves/Game/Clue1_Auto1.umap
[2017.07.18-07.28.44:248][ 58]LogFileHelpers: Editor autosave (incl. sublevels) for '/Game/FirstPersonBP/Maps/FirstPersonExampleMap' took 1.406
[2017.07.18-07.28.44:248][ 58]LogFileHelpers: Editor autosave (incl. sublevels) for all levels took 1.406
[2017.07.18-07.28.44:259][ 58]OBJ SavePackage: Generating thumbnails for [0] asset(s) in package [/Game/NewBlueprint] ([1] browsable assets)...
[2017.07.18-07.28.44:259][ 58]OBJ SavePackage: Finished generating thumbnails for package [/Game/NewBlueprint]
[2017.07.18-07.28.44:259][ 58]Cmd: OBJ SAVEPACKAGE PACKAGE="/Game/NewBlueprint" FILE="../../../../../../Magisterka/Magisterka/Saved/Autosaves/Game/NewBlueprint_Auto1.uasset" SILENT=false AUTOSAVING=true
[2017.07.18-07.28.44:278][ 58]LogSavePackage: Save=16.62ms
[2017.07.18-07.28.44:278][ 58]LogSavePackage: Moving '../../../../../../Magisterka/Magisterka/Saved/NewBlueprint_Auto100D1DE0E45B7A0F08EF07A9D86C0DBEF.tmp' to '../../../../../../Magisterka/Magisterka/Saved/Autosaves/Game/NewBlueprint_Auto1.uasset'
[2017.07.18-07.28.44:279][ 58]LogSavePackage:Display: Finished SavePackage ../../../../../../Magisterka/Magisterka/Saved/Autosaves/Game/NewBlueprint_Auto1.uasset
[2017.07.18-07.28.44:279][ 58]OBJ SavePackage: Generating thumbnails for [0] asset(s) in package [/Game/NewWidgetBlueprint] ([1] browsable assets)...
[2017.07.18-07.28.44:279][ 58]OBJ SavePackage: Finished generating thumbnails for package [/Game/NewWidgetBlueprint]
[2017.07.18-07.28.44:279][ 58]Cmd: OBJ SAVEPACKAGE PACKAGE="/Game/NewWidgetBlueprint" FILE="../../../../../../Magisterka/Magisterka/Saved/Autosaves/Game/NewWidgetBlueprint_Auto1.uasset" SILENT=false AUTOSAVING=true
[2017.07.18-07.28.44:285][ 58]LogSavePackage: Save=4.68ms
[2017.07.18-07.28.44:285][ 58]LogSavePackage: Moving '../../../../../../Magisterka/Magisterka/Saved/NewWidgetBlueprint_Auto13D4396324BDCBADB9F86D2AB1CF1215C.tmp' to '../../../../../../Magisterka/Magisterka/Saved/Autosaves/Game/NewWidgetBlueprint_Auto1.uasset'
[2017.07.18-07.28.44:285][ 58]LogSavePackage:Display: Finished SavePackage ../../../../../../Magisterka/Magisterka/Saved/Autosaves/Game/NewWidgetBlueprint_Auto1.uasset
[2017.07.18-07.28.44:285][ 58]LogFileHelpers: Auto-saving content packages took 0.027
[2017.07.18-07.42.20:296][630]LogFileHelpers: Editor autosave (incl. sublevels) for '/Game/FirstPersonBP/Maps/FirstPersonExampleMap' took 0.023
[2017.07.18-07.42.20:298][630]OBJ SavePackage: Generating thumbnails for [0] asset(s) in package [/Game/NewWidgetBlueprint] ([1] browsable assets)...
[2017.07.18-07.42.20:298][630]OBJ SavePackage: Finished generating thumbnails for package [/Game/NewWidgetBlueprint]
[2017.07.18-07.42.20:298][630]Cmd: OBJ SAVEPACKAGE PACKAGE="/Game/NewWidgetBlueprint" FILE="../../../../../../Magisterka/Magisterka/Saved/Autosaves/Game/NewWidgetBlueprint_Auto2.uasset" SILENT=false AUTOSAVING=true
[2017.07.18-07.42.20:305][630]LogSavePackage: Save=5.64ms
[2017.07.18-07.42.20:305][630]LogSavePackage: Moving '../../../../../../Magisterka/Magisterka/Saved/NewWidgetBlueprint_Auto238E809BC4609204D6C9DF087FB7294EE.tmp' to '../../../../../../Magisterka/Magisterka/Saved/Autosaves/Game/NewWidgetBlueprint_Auto2.uasset'
[2017.07.18-07.42.20:306][630]LogSavePackage:Display: Finished SavePackage ../../../../../../Magisterka/Magisterka/Saved/Autosaves/Game/NewWidgetBlueprint_Auto2.uasset
[2017.07.18-07.42.20:306][630]LogFileHelpers: Auto-saving content packages took 0.009
[2017.07.18-07.44.18:773][818]BlueprintLog: New page: Compile NewWidgetBlueprint
[2017.07.18-07.44.19:970][840]Cmd: OBJ SAVEPACKAGE PACKAGE="/Game/NewWidgetBlueprint" FILE="../../../../../../Magisterka/Magisterka/Content/NewWidgetBlueprint.uasset" SILENT=true
[2017.07.18-07.44.19:991][840]LogSavePackage: Save=19.71ms
[2017.07.18-07.44.19:991][840]LogSavePackage: Moving '../../../../../../Magisterka/Magisterka/Saved/NewWidgetBlueprintFDD71F984940FEAC79BAB7A60D9BD93E.tmp' to '../../../../../../Magisterka/Magisterka/Content/NewWidgetBlueprint.uasset'
[2017.07.18-07.44.19:993][840]LogSavePackage:Display: Finished SavePackage ../../../../../../Magisterka/Magisterka/Content/NewWidgetBlueprint.uasset
[2017.07.18-07.44.21:566][878]LogRenderer: Reallocating scene render targets to support 1180x488 NumSamples 1 (Frame:19813).
[2017.07.18-07.52.21:386][996]LogSavePackage: Save=189.82ms
[2017.07.18-07.52.21:386][996]LogSavePackage: Moving '../../../../../../Magisterka/Magisterka/Saved/FirstPersonExampleMap_Auto3EB639E274F90E68C2D8E3EBE71B01602.tmp' to '../../../../../../Magisterka/Magisterka/Saved/Autosaves/Game/FirstPersonBP/Maps/FirstPersonExampleMap_Auto3.umap'
[2017.07.18-07.52.21:389][996]LogSavePackage:Display: Finished SavePackage ../../../../../../Magisterka/Magisterka/Saved/Autosaves/Game/FirstPersonBP/Maps/FirstPersonExampleMap_Auto3.umap
[2017.07.18-07.52.21:391][996]Cmd: OBJ SAVEPACKAGE PACKAGE="/Game/Clue2" FILE="../../../../../../Magisterka/Magisterka/Saved/Autosaves/Game/Clue2_Auto3.umap" SILENT=true AUTOSAVING=true KEEPDIRTY=false
[2017.07.18-07.52.21:417][996]LogSpawn:Warning: UWorld::DestroyActor: World has no context! World: Clue2, Actor: /Game/Clue2.Clue2:PersistentLevel.Clue2_C_0
[2017.07.18-07.52.21:558][996]LogSavePackage: Save=143.09ms
[2017.07.18-07.52.21:558][996]LogSavePackage: Moving '../../../../../../Magisterka/Magisterka/Saved/Clue2_Auto3D2BCDB9247731609EC9057A45F8E4D91.tmp' to '../../../../../../Magisterka/Magisterka/Saved/Autosaves/Game/Clue2_Auto3.umap'
[2017.07.18-07.52.21:558][996]LogSavePackage:Display: Finished SavePackage ../../../../../../Magisterka/Magisterka/Saved/Autosaves/Game/Clue2_Auto3.umap
[2017.07.18-07.52.21:560][996]Cmd: OBJ SAVEPACKAGE PACKAGE="/Game/Clue1" FILE="../../../../../../Magisterka/Magisterka/Saved/Autosaves/Game/Clue1_Auto3.umap" SILENT=true AUTOSAVING=true KEEPDIRTY=false
[2017.07.18-07.52.21:611][996]LogSavePackage: Save=24.10ms
[2017.07.18-07.52.21:611][996]LogSavePackage: Moving '../../../../../../Magisterka/Magisterka/Saved/Clue1_Auto3B4142E604F7F769A175ADABD538CF8B1.tmp' to '../../../../../../Magisterka/Magisterka/Saved/Autosaves/Game/Clue1_Auto3.umap'
[2017.07.18-07.52.21:612][996]LogSavePackage:Display: Finished SavePackage ../../../../../../Magisterka/Magisterka/Saved/Autosaves/Game/Clue1_Auto3.umap
[2017.07.18-07.52.21:613][996]LogFileHelpers: Editor autosave (incl. sublevels) for '/Game/FirstPersonBP/Maps/FirstPersonExampleMap' took 0.598
[2017.07.18-07.52.21:613][996]LogFileHelpers: Editor autosave (incl. sublevels) for all levels took 0.598
[2017.07.18-07.52.21:624][996]OBJ SavePackage: Generating thumbnails for [0] asset(s) in package [/Game/NewBlueprint] ([1] browsable assets)...
[2017.07.18-07.52.21:624][996]OBJ SavePackage: Finished generating thumbnails for package [/Game/NewBlueprint]
[2017.07.18-07.52.21:625][996]Cmd: OBJ SAVEPACKAGE PACKAGE="/Game/NewBlueprint" FILE="../../../../../../Magisterka/Magisterka/Saved/Autosaves/Game/NewBlueprint_Auto3.uasset" SILENT=false AUTOSAVING=true
[2017.07.18-07.52.21:647][996]LogSavePackage: Save=18.52ms
[2017.07.18-07.52.21:647][996]LogSavePackage: Moving '../../../../../../Magisterka/Magisterka/Saved/NewBlueprint_Auto3901930D6401B56163350C180708ECC3A.tmp' to '../../../../../../Magisterka/Magisterka/Saved/Autosaves/Game/NewBlueprint_Auto3.uasset'
[2017.07.18-07.52.21:648][996]LogSavePackage:Display: Finished SavePackage ../../../../../../Magisterka/Magisterka/Saved/Autosaves/Game/NewBlueprint_Auto3.uasset
[2017.07.18-07.52.21:648][996]LogFileHelpers: Auto-saving content packages took 0.024
[2017.07.18-08.01.24:900][670]BlueprintLog: New page: Compile NewBlueprint
[2017.07.18-08.01.26:078][686]Cmd: OBJ SAVEPACKAGE PACKAGE="/Game/NewBlueprint" FILE="../../../../../../Magisterka/Magisterka/Content/NewBlueprint.uasset" SILENT=true
[2017.07.18-08.01.26:098][686]LogSavePackage: Save=16.93ms
[2017.07.18-08.01.26:098][686]LogSavePackage: Moving '../../../../../../Magisterka/Magisterka/Saved/NewBlueprintE0D0B04C4DBDB1D28778B787DA0B087A.tmp' to '../../../../../../Magisterka/Magisterka/Content/NewBlueprint.uasset'
[2017.07.18-08.01.26:119][686]LogSavePackage:Display: Finished SavePackage ../../../../../../Magisterka/Magisterka/Content/NewBlueprint.uasset
[2017.07.18-08.01.32:654][942]LogDirectoryWatcher:Warning: Failed to begin reading directory changes for ../../../../../../Magisterka/Magisterka/Plugins/. Error: The system cannot find the file specified. (0x00000002)
[2017.07.18-08.04.12:683][735]Cmd: CLOSE_SLATE_MAINFRAME
[2017.07.18-08.04.15:905][735]Cmd: OBJ SAVEPACKAGE PACKAGE="/Game/Clue1" FILE="../../../../../../Magisterka/Magisterka/Content/Clue1.umap" SILENT=true AUTOSAVING=false KEEPDIRTY=false
[2017.07.18-08.04.15:969][735]LogSavePackage: Save=33.83ms
[2017.07.18-08.04.15:969][735]LogSavePackage: Moving '../../../../../../Magisterka/Magisterka/Saved/Clue1B7690BE946326F10FDB310BC225A2FB2.tmp' to '../../../../../../Magisterka/Magisterka/Content/Clue1.umap'
[2017.07.18-08.04.16:000][735]LogSavePackage:Display: Finished SavePackage ../../../../../../Magisterka/Magisterka/Content/Clue1.umap
[2017.07.18-08.04.16:001][735]LogFileHelpers: Saving map 'Clue1' took 0.424
[2017.07.18-08.04.16:068][735]Cmd: OBJ SAVEPACKAGE PACKAGE="/Game/Clue2" FILE="../../../../../../Magisterka/Magisterka/Content/Clue2.umap" SILENT=true AUTOSAVING=false KEEPDIRTY=false
[2017.07.18-08.04.16:091][735]LogSpawn:Warning: UWorld::DestroyActor: World has no context! World: Clue2, Actor: /Game/Clue2.Clue2:PersistentLevel.Clue2_C_1
[2017.07.18-08.04.16:225][735]LogSavePackage: Save=136.03ms
[2017.07.18-08.04.16:225][735]LogSavePackage: Moving '../../../../../../Magisterka/Magisterka/Saved/Clue29F37D6DA40FD4EAF3C7CD9986C197093.tmp' to '../../../../../../Magisterka/Magisterka/Content/Clue2.umap'
[2017.07.18-08.04.16:233][735]LogSavePackage:Display: Finished SavePackage ../../../../../../Magisterka/Magisterka/Content/Clue2.umap
[2017.07.18-08.04.16:233][735]LogFileHelpers: Saving map 'Clue2' took 0.227
[2017.07.18-08.04.16:601][735]LogSavePackage: Save=215.70ms
[2017.07.18-08.04.16:601][735]LogSavePackage: Moving '../../../../../../Magisterka/Magisterka/Saved/FirstPersonExampleMapD725105F43FFA8BC8E3983AF3156E6E6.tmp' to '../../../../../../Magisterka/Magisterka/Content/FirstPersonBP/Maps/FirstPersonExampleMap.umap'
[2017.07.18-08.04.16:610][735]LogSavePackage:Display: Finished SavePackage ../../../../../../Magisterka/Magisterka/Content/FirstPersonBP/Maps/FirstPersonExampleMap.umap
[2017.07.18-08.04.16:669][735]LogFileHelpers: Saving map 'FirstPersonExampleMap' took 0.431
[2017.07.18-08.04.17:422][735]LogDirectoryWatcher: A directory notification for '../../../Engine/Plugins/' was aborted.
[2017.07.18-08.04.17:423][735]LogWindowsTextInputMethodSystem:Display: IME system now deactivated.
[2017.07.18-08.04.18:039][736]Cmd: QUIT_EDITOR
[2017.07.18-08.04.18:157][736]LogExit: Preparing to exit.
[2017.07.18-08.04.18:815][736]LogDirectoryWatcher: A directory notification for 'D:/Magisterka/Magisterka/Content/' was aborted.
[2017.07.18-08.04.18:872][736]LogExit: Editor shut down
[2017.07.18-08.04.18:873][736]LogExit: Transaction tracking system shut down
[2017.07.18-08.04.19:010][736]LogObj: Freed 0b from 0 cluster array pools.
[2017.07.18-08.04.19:010][736]LogExit: Object subsystem successfully closed.
[2017.07.18-08.04.19:027][736]LogD3D11RHI: Shutdown
[2017.07.18-08.04.19:027][736]LogD3D11RHI: CleanupD3DDevice
[2017.07.18-08.04.19:193][736]LogD3D11RHI: ~FD3D11DynamicRHI
[2017.07.18-08.04.19:258][736]LogHttp:Display: Http module shutting down, but needs to wait on 1 outstanding Http requests:
[2017.07.18-08.04.19:258][736]LogHttp:Display: 	verb=[POST] url=[https://datarouter.ol.epicgames.com/datarouter/api/v1/public/data?SessionID=%7B38C18E6F-43CA-8A4D-5C95-1CA53DA92C0E%7D&AppID=UEEditor.Rocket.Release&AppVersion=4.14.1-3224400%2B%2B%2BUE4%2BRelease-4.14&UserID=4a8a698043151fc0f084599016e06769%7Cd3d686efd87042b2b158be47a47dfa4e%7C11dc6d8d-36dc-4e5b-a633-30fd85dc9946&AppEnvironment=datacollector-binary&UploadType=eteventstream] status=Processing
[2017.07.18-08.04.19:264][736]LogModuleManager: Shutting down and abandoning module SequencerWidgets (245)
[2017.07.18-08.04.19:264][736]LogModuleManager: Shutting down and abandoning module BlueprintGraph (244)
[2017.07.18-08.04.19:264][736]LogModuleManager: Shutting down and abandoning module BlueprintProfiler (243)
[2017.07.18-08.04.19:292][736]LogModuleManager: Shutting down and abandoning module HierarchicalLODOutliner (242)
[2017.07.18-08.04.19:292][736]LogModuleManager: Shutting down and abandoning module CrashTracker (241)
[2017.07.18-08.04.19:292][736]LogModuleManager: Shutting down and abandoning module WorldBrowser (240)
[2017.07.18-08.04.19:292][736]LogModuleManager: Shutting down and abandoning module SceneOutliner (239)
[2017.07.18-08.04.19:299][736]LogModuleManager: Shutting down and abandoning module WidgetCarousel (238)
[2017.07.18-08.04.19:299][736]LogModuleManager: Shutting down and abandoning module AddContentDialog (237)
[2017.07.18-08.04.19:340][736]LogDirectoryWatcher: A directory notification for 'D:/Unreal/Epic Games/4.14/FeaturePacks/' was aborted.
[2017.07.18-08.04.19:343][736]LogModuleManager: Shutting down and abandoning module GameplayTags (236)
[2017.07.18-08.04.19:343][736]LogModuleManager: Shutting down and abandoning module EditorWidgets (235)
[2017.07.18-08.04.19:343][736]LogModuleManager: Shutting down and abandoning module CollectionManager (234)
[2017.07.18-08.04.19:343][736]LogDirectoryWatcher: A directory notification for 'D:/Magisterka/Magisterka/Content/Collections/' was aborted.
[2017.07.18-08.04.19:343][736]LogDirectoryWatcher: A directory notification for 'D:/Magisterka/Magisterka/Content/Developers/Onirke/Collections/' was aborted.
[2017.07.18-08.04.19:344][736]LogDirectoryWatcher: A directory notification for 'D:/Magisterka/Magisterka/Saved/Collections/' was aborted.
[2017.07.18-08.04.19:344][736]LogModuleManager: Shutting down and abandoning module StatsViewer (233)
[2017.07.18-08.04.19:344][736]LogModuleManager: Shutting down and abandoning module FoliageEdit (232)
[2017.07.18-08.04.19:344][736]LogModuleManager: Shutting down and abandoning module LandscapeEditor (231)
[2017.07.18-08.04.19:344][736]LogModuleManager: Shutting down and abandoning module SceneDepthPickerMode (230)
[2017.07.18-08.04.19:344][736]LogModuleManager: Shutting down and abandoning module ActorPickerMode (229)
[2017.07.18-08.04.19:344][736]LogModuleManager: Shutting down and abandoning module GeometryMode (228)
[2017.07.18-08.04.19:344][736]LogModuleManager: Shutting down and abandoning module TextureAlignMode (227)
[2017.07.18-08.04.19:344][736]LogModuleManager: Shutting down and abandoning module BspMode (226)
[2017.07.18-08.04.19:344][736]LogModuleManager: Shutting down and abandoning module HardwareSurvey (225)
[2017.07.18-08.04.19:344][736]LogModuleManager: Shutting down and abandoning module SequenceRecorderSections (224)
[2017.07.18-08.04.19:344][736]LogModuleManager: Shutting down and abandoning module AutomationWorker (223)
[2017.07.18-08.04.19:344][736]LogModuleManager: Shutting down and abandoning module MatineeToLevelSequence (222)
[2017.07.18-08.04.19:344][736]LogModuleManager: Shutting down and abandoning module PlacementMode (221)
[2017.07.18-08.04.19:344][736]LogModuleManager: Shutting down and abandoning module LevelSequenceEditor (220)
[2017.07.18-08.04.19:344][736]LogModuleManager: Shutting down and abandoning module WmfMediaFactory (219)
[2017.07.18-08.04.19:344][736]LogModuleManager: Shutting down and abandoning module WmfMediaEditor (218)
[2017.07.18-08.04.19:344][736]LogModuleManager: Shutting down and abandoning module AvfMediaFactory (217)
[2017.07.18-08.04.19:344][736]LogModuleManager: Shutting down and abandoning module AvfMediaEditor (216)
[2017.07.18-08.04.19:344][736]LogModuleManager: Shutting down and abandoning module Media (215)
[2017.07.18-08.04.19:344][736]LogModuleManager: Shutting down and abandoning module AndroidMediaFactory (214)
[2017.07.18-08.04.19:344][736]LogModuleManager: Shutting down and abandoning module AndroidMediaEditor (213)
[2017.07.18-08.04.19:344][736]LogModuleManager: Shutting down and abandoning module CharacterAI (212)
[2017.07.18-08.04.19:344][736]LogModuleManager: Shutting down and abandoning module SequenceRecorder (211)
[2017.07.18-08.04.19:344][736]LogModuleManager: Shutting down and abandoning module AudioCapture (210)
[2017.07.18-08.04.19:344][736]LogModuleManager: Shutting down and abandoning module SmartSnapping (209)
[2017.07.18-08.04.19:344][736]LogModuleManager: Shutting down and abandoning module SessionServices (208)
[2017.07.18-08.04.19:344][736]LogModuleManager: Shutting down and abandoning module ViewportSnapping (207)
[2017.07.18-08.04.19:345][736]LogModuleManager: Shutting down and abandoning module ViewportInteraction (206)
[2017.07.18-08.04.19:345][736]LogModuleManager: Shutting down and abandoning module LogVisualizer (205)
[2017.07.18-08.04.19:345][736]LogModuleManager: Shutting down and abandoning module GameProjectGeneration (204)
[2017.07.18-08.04.19:345][736]LogModuleManager: Shutting down and abandoning module IntroTutorials (203)
[2017.07.18-08.04.19:345][736]LogModuleManager: Shutting down and abandoning module EditorLiveStreaming (202)
[2017.07.18-08.04.19:345][736]LogModuleManager: Shutting down and abandoning module IOSPlatformEditor (201)
[2017.07.18-08.04.19:345][736]LogModuleManager: Shutting down and abandoning module HTML5PlatformEditor (200)
[2017.07.18-08.04.19:345][736]LogModuleManager: Shutting down and abandoning module AndroidDeviceDetection (199)
[2017.07.18-08.04.19:446][736]LogModuleManager: Shutting down and abandoning module AndroidPlatformEditor (198)
[2017.07.18-08.04.19:446][736]LogModuleManager: Shutting down and abandoning module IOSRuntimeSettings (197)
[2017.07.18-08.04.19:446][736]LogModuleManager: Shutting down and abandoning module AndroidRuntimeSettings (196)
[2017.07.18-08.04.19:446][736]LogModuleManager: Shutting down and abandoning module InputBindingEditor (195)
[2017.07.18-08.04.19:447][736]LogModuleManager: Shutting down and abandoning module NiagaraEditor (194)
[2017.07.18-08.04.19:447][736]LogModuleManager: Shutting down and abandoning module MergeActors (193)
[2017.07.18-08.04.19:447][736]LogModuleManager: Shutting down and abandoning module SizeMap (192)
[2017.07.18-08.04.19:447][736]LogModuleManager: Shutting down and abandoning module TreeMap (191)
[2017.07.18-08.04.19:447][736]LogModuleManager: Shutting down and abandoning module ReferenceViewer (190)
[2017.07.18-08.04.19:447][736]LogModuleManager: Shutting down and abandoning module LocalizationService (189)
[2017.07.18-08.04.19:447][736]LogModuleManager: Shutting down and abandoning module LocalizationDashboard (188)
[2017.07.18-08.04.19:447][736]LogModuleManager: Shutting down and abandoning module HardwareTargeting (187)
[2017.07.18-08.04.19:447][736]LogModuleManager: Shutting down and abandoning module DeviceProfileEditor (186)
[2017.07.18-08.04.19:447][736]LogModuleManager: Shutting down and abandoning module UndoHistory (185)
[2017.07.18-08.04.19:447][736]LogModuleManager: Shutting down and abandoning module UserFeedback (184)
[2017.07.18-08.04.19:447][736]LogModuleManager: Shutting down and abandoning module XmlParser (183)
[2017.07.18-08.04.19:447][736]LogModuleManager: Shutting down and abandoning module Blutility (182)
[2017.07.18-08.04.19:447][736]LogModuleManager: Shutting down and abandoning module ProjectTargetPlatformEditor (181)
[2017.07.18-08.04.19:447][736]LogModuleManager: Shutting down and abandoning module ProjectSettingsViewer (180)
[2017.07.18-08.04.19:447][736]LogModuleManager: Shutting down and abandoning module EditorSettingsViewer (179)
[2017.07.18-08.04.19:447][736]LogModuleManager: Shutting down and abandoning module SettingsEditor (178)
[2017.07.18-08.04.19:447][736]LogModuleManager: Shutting down and abandoning module ProjectLauncher (177)
[2017.07.18-08.04.19:447][736]LogModuleManager: Shutting down and abandoning module SessionFrontend (176)
[2017.07.18-08.04.19:447][736]LogModuleManager: Shutting down and abandoning module ProfilerClient (175)
[2017.07.18-08.04.19:447][736]LogModuleManager: Shutting down and abandoning module TargetDeviceServices (174)
[2017.07.18-08.04.19:447][736]LogModuleManager: Shutting down and abandoning module DeviceManager (173)
[2017.07.18-08.04.19:502][736]LogModuleManager: Shutting down and abandoning module AutomationController (172)
[2017.07.18-08.04.19:502][736]LogModuleManager: Shutting down and abandoning module AutomationWindow (171)
[2017.07.18-08.04.19:502][736]LogModuleManager: Shutting down and abandoning module Layers (170)
[2017.07.18-08.04.19:502][736]LogModuleManager: Shutting down and abandoning module ComponentVisualizers (169)
[2017.07.18-08.04.19:502][736]LogModuleManager: Shutting down and abandoning module DetailCustomizations (168)
[2017.07.18-08.04.19:502][736]LogModuleManager: Shutting down and abandoning module PackagesDialog (167)
[2017.07.18-08.04.19:502][736]LogModuleManager: Shutting down and abandoning module AnimGraph (166)
[2017.07.18-08.04.19:502][736]LogModuleManager: Shutting down and abandoning module Persona (165)
[2017.07.18-08.04.19:502][736]LogModuleManager: Shutting down and abandoning module Kismet (164)
[2017.07.18-08.04.19:512][736]LogModuleManager: Shutting down and abandoning module GraphEditor (163)
[2017.07.18-08.04.19:512][736]LogModuleManager: Shutting down and abandoning module ClassViewer (162)
[2017.07.18-08.04.19:513][736]LogModuleManager: Shutting down and abandoning module Toolbox (161)
[2017.07.18-08.04.19:513][736]LogModuleManager: Shutting down and abandoning module ModuleUI (160)
[2017.07.18-08.04.19:513][736]LogModuleManager: Shutting down and abandoning module MovieSceneTools (159)
[2017.07.18-08.04.19:513][736]LogModuleManager: Shutting down and abandoning module OutputLog (158)
[2017.07.18-08.04.19:513][736]LogModuleManager: Shutting down and abandoning module GammaUI (157)
[2017.07.18-08.04.19:513][736]LogModuleManager: Shutting down and abandoning module Documentation (156)
[2017.07.18-08.04.19:514][736]LogModuleManager: Shutting down and abandoning module Niagara (155)
[2017.07.18-08.04.19:514][736]LogModuleManager: Shutting down and abandoning module StreamingPauseRendering (154)
[2017.07.18-08.04.19:514][736]LogModuleManager: Shutting down and abandoning module AnalyticsET (153)
[2017.07.18-08.04.19:514][736]LogModuleManager: Shutting down and abandoning module PortalServices (152)
[2017.07.18-08.04.19:514][736]LogModuleManager: Shutting down and abandoning module PortalRpc (151)
[2017.07.18-08.04.19:514][736]LogModuleManager: Shutting down and abandoning module MessagingRpc (150)
[2017.07.18-08.04.19:514][736]LogModuleManager: Shutting down and abandoning module GameplayDebugger (149)
[2017.07.18-08.04.19:514][736]LogModuleManager: Shutting down and abandoning module AITestSuite (148)
[2017.07.18-08.04.19:514][736]LogModuleManager: Shutting down and abandoning module AIModule (147)
[2017.07.18-08.04.19:514][736]LogModuleManager: Shutting down and abandoning module ProfilerService (146)
[2017.07.18-08.04.19:667][736]LogModuleManager: Shutting down and abandoning module TaskGraph (145)
[2017.07.18-08.04.19:667][736]LogModuleManager: Shutting down and abandoning module SlateRemote (144)
[2017.07.18-08.04.19:667][736]LogModuleManager: Shutting down and abandoning module SteamVRController (143)
[2017.07.18-08.04.19:667][736]LogModuleManager: Shutting down and abandoning module SteamVR (142)
[2017.07.18-08.04.19:667][736]LogModuleManager: Shutting down and abandoning module ProceduralMeshComponentEditor (141)
[2017.07.18-08.04.19:667][736]LogModuleManager: Shutting down and abandoning module ProceduralMeshComponent (140)
[2017.07.18-08.04.19:667][736]LogModuleManager: Shutting down and abandoning module OculusLibrary (139)
[2017.07.18-08.04.19:667][736]LogModuleManager: Shutting down and abandoning module OculusInput (138)
[2017.07.18-08.04.19:667][736]LogModuleManager: Shutting down and abandoning module MobilePatchingUtils (137)
[2017.07.18-08.04.19:667][736]LogModuleManager: Shutting down and abandoning module CustomMeshComponent (136)
[2017.07.18-08.04.19:667][736]LogModuleManager: Shutting down and abandoning module CableComponent (135)
[2017.07.18-08.04.19:667][736]LogModuleManager: Shutting down and abandoning module ArchVisCharacter (134)
[2017.07.18-08.04.19:667][736]LogModuleManager: Shutting down and abandoning module MediaPlayerEditor (132)
[2017.07.18-08.04.19:667][736]LogModuleManager: Shutting down and abandoning module HTML5Networking (131)
[2017.07.18-08.04.19:667][736]LogModuleManager: Shutting down and abandoning module GeometryCacheEd (130)
[2017.07.18-08.04.19:667][736]LogModuleManager: Shutting down and abandoning module GeometryCache (129)
[2017.07.18-08.04.19:667][736]LogModuleManager: Shutting down and abandoning module AlembicLibrary (128)
[2017.07.18-08.04.19:667][736]LogModuleManager: Shutting down and abandoning module AlembicImporter (127)
[2017.07.18-08.04.19:667][736]LogModuleManager: Shutting down and abandoning module SuperSearch (126)
[2017.07.18-08.04.19:668][736]LogModuleManager: Shutting down and abandoning module SuperSearchEditor (125)
[2017.07.18-08.04.19:668][736]LogModuleManager: Shutting down and abandoning module SpeedTreeImporter (124)
[2017.07.18-08.04.19:668][736]LogModuleManager: Shutting down and abandoning module PluginBrowser (123)
[2017.07.18-08.04.19:668][736]LogModuleManager: Shutting down and abandoning module MobileLauncherProfileWizard (122)
[2017.07.18-08.04.19:668][736]LogModuleManager: Shutting down and abandoning module EpicSurvey (121)
[2017.07.18-08.04.19:686][736]LogModuleManager: Shutting down and abandoning module DesktopPlatform (120)
[2017.07.18-08.04.19:686][736]LogModuleManager: Shutting down and abandoning module VisualStudioSourceCodeAccess (119)
[2017.07.18-08.04.19:686][736]LogModuleManager: Shutting down and abandoning module UObjectPlugin (118)
[2017.07.18-08.04.19:686][736]LogModuleManager: Shutting down and abandoning module SubversionSourceControl (117)
[2017.07.18-08.04.19:686][736]LogModuleManager: Shutting down and abandoning module PerforceSourceControl (116)
[2017.07.18-08.04.19:686][736]LogModuleManager: Shutting down and abandoning module SourceControl (115)
[2017.07.18-08.04.19:686][736]LogModuleManager: Shutting down and abandoning module GitSourceControl (114)
[2017.07.18-08.04.19:686][736]LogModuleManager: Shutting down and abandoning module LightPropagationVolumeEditor (113)
[2017.07.18-08.04.19:686][736]LogModuleManager: Shutting down and abandoning module PaperTiledImporter (112)
[2017.07.18-08.04.19:686][736]LogModuleManager: Shutting down and abandoning module PaperSpriteSheetImporter (111)
[2017.07.18-08.04.19:686][736]LogModuleManager: Shutting down and abandoning module MeshPaint (110)
[2017.07.18-08.04.19:686][736]LogModuleManager: Shutting down and abandoning module PixelInspectorModule (109)
[2017.07.18-08.04.19:686][736]LogModuleManager: Shutting down and abandoning module HotReload (108)
[2017.07.18-08.04.19:687][736]LogModuleManager: Shutting down and abandoning module MainFrame (107)
[2017.07.18-08.04.19:687][736]LogModuleManager: Shutting down and abandoning module LevelEditor (106)
[2017.07.18-08.04.19:688][736]LogModuleManager: Shutting down and abandoning module ContentBrowser (105)
[2017.07.18-08.04.19:690][736]LogModuleManager: Shutting down and abandoning module Paper2DEditor (104)
[2017.07.18-08.04.19:691][736]LogModuleManager: Shutting down and abandoning module UdpMessaging (103)
[2017.07.18-08.04.19:792][736]LogModuleManager: Shutting down and abandoning module TcpMessaging (102)
[2017.07.18-08.04.19:893][736]LogModuleManager: Shutting down and abandoning module LightPropagationVolumeRuntime (101)
[2017.07.18-08.04.19:893][736]LogModuleManager: Shutting down and abandoning module Paper2D (100)
[2017.07.18-08.04.19:893][736]LogModuleManager: Shutting down and abandoning module WindowsMoviePlayer (99)
[2017.07.18-08.04.19:893][736]LogModuleManager: Shutting down and abandoning module WmfMedia (98)
[2017.07.18-08.04.19:893][736]LogModuleManager: Shutting down and abandoning module MediaAssets (97)
[2017.07.18-08.04.19:893][736]LogModuleManager: Shutting down and abandoning module GameLiveStreaming (96)
[2017.07.18-08.04.19:893][736]LogModuleManager: Shutting down and abandoning module GameplayTagsEditor (95)
[2017.07.18-08.04.19:893][736]LogModuleManager: Shutting down and abandoning module VREditor (94)
[2017.07.18-08.04.19:893][736]LogModuleManager: Shutting down and abandoning module GameplayTasksEditor (93)
[2017.07.18-08.04.19:893][736]LogModuleManager: Shutting down and abandoning module BehaviorTreeEditor (92)
[2017.07.18-08.04.19:893][736]LogModuleManager: Shutting down and abandoning module FunctionalTesting (91)
[2017.07.18-08.04.19:893][736]LogModuleManager: Shutting down and abandoning module CollisionAnalyzer (90)
[2017.07.18-08.04.19:893][736]LogModuleManager: Shutting down and abandoning module Sequencer (89)
[2017.07.18-08.04.19:893][736]LogModuleManager: Shutting down and abandoning module WorkspaceMenuStructure (88)
[2017.07.18-08.04.19:893][736]LogModuleManager: Shutting down and abandoning module MessageLog (87)
[2017.07.18-08.04.19:893][736]LogModuleManager: Shutting down and abandoning module AssetTools (86)
[2017.07.18-08.04.19:893][736]LogModuleManager: Shutting down and abandoning module UMGEditor (85)
[2017.07.18-08.04.19:893][736]LogModuleManager: Shutting down and abandoning module UMG (84)
[2017.07.18-08.04.19:893][736]LogModuleManager: Shutting down and abandoning module SlateReflector (83)
[2017.07.18-08.04.19:893][736]LogModuleManager: Shutting down and abandoning module Slate (82)
[2017.07.18-08.04.19:893][736]LogModuleManager: Shutting down and abandoning module EditorStyle (81)
[2017.07.18-08.04.19:896][736]LogModuleManager: Shutting down and abandoning module SourceCodeAccess (80)
[2017.07.18-08.04.19:897][736]LogModuleManager: Shutting down and abandoning module HeadMountedDisplay (79)
[2017.07.18-08.04.19:897][736]LogModuleManager: Shutting down and abandoning module XAudio2 (78)
[2017.07.18-08.04.19:897][736]LogModuleManager: Shutting down and abandoning module Networking (76)
[2017.07.18-08.04.19:897][736]LogModuleManager: Shutting down and abandoning module Core (75)
[2017.07.18-08.04.19:897][736]LogModuleManager: Shutting down and abandoning module DirectoryWatcher (74)
[2017.07.18-08.04.19:897][736]LogDirectoryWatcher: A directory notification for '../../../Engine/Content/' was aborted.
[2017.07.18-08.04.19:897][736]LogDirectoryWatcher: A directory notification for '../../../../../../Magisterka/Magisterka/Content/' was aborted.
[2017.07.18-08.04.19:897][736]LogDirectoryWatcher: A directory notification for '../../../Engine/Plugins/2D/Paper2D/Content/' was aborted.
[2017.07.18-08.04.19:900][736]LogModuleManager: Shutting down and abandoning module AssetRegistry (73)
[2017.07.18-08.04.20:049][736]LogModuleManager: Shutting down and abandoning module KismetCompiler (72)
[2017.07.18-08.04.20:049][736]LogModuleManager: Shutting down and abandoning module PhysXFormats (71)
[2017.07.18-08.04.20:049][736]LogModuleManager: Shutting down and abandoning module SimplygonSwarm (70)
[2017.07.18-08.04.20:049][736]LogModuleManager: Shutting down and abandoning module SimplygonMeshReduction (69)
[2017.07.18-08.04.20:049][736]LogModuleManager: Shutting down and abandoning module QuadricMeshReduction (68)
[2017.07.18-08.04.20:049][736]LogModuleManager: Shutting down and abandoning module PropertyEditor (67)
[2017.07.18-08.04.20:065][736]LogModuleManager: Shutting down and abandoning module MeshUtilities (66)
[2017.07.18-08.04.20:065][736]LogModuleManager: Shutting down and abandoning module DerivedDataCache (65)
[2017.07.18-08.04.20:155][736]LogDerivedDataCache: Shutdown
[2017.07.18-08.04.20:156][736]LogModuleManager: Shutting down and abandoning module VulkanShaderFormat (64)
[2017.07.18-08.04.20:156][736]LogModuleManager: Shutting down and abandoning module ShaderFormatOpenGL (63)
[2017.07.18-08.04.20:156][736]LogModuleManager: Shutting down and abandoning module ShaderFormatD3D (62)
[2017.07.18-08.04.20:156][736]LogModuleManager: Shutting down and abandoning module MetalShaderFormat (61)
[2017.07.18-08.04.20:156][736]LogModuleManager: Shutting down and abandoning module TextureFormatUncompressed (60)
[2017.07.18-08.04.20:156][736]LogModuleManager: Shutting down and abandoning module TextureFormatPVR (59)
[2017.07.18-08.04.20:156][736]LogModuleManager: Shutting down and abandoning module TextureFormatDXT (58)
[2017.07.18-08.04.20:156][736]LogModuleManager: Shutting down and abandoning module TextureFormatIntelISPCTexComp (57)
[2017.07.18-08.04.20:156][736]LogModuleManager: Shutting down and abandoning module ImageWrapper (56)
[2017.07.18-08.04.20:156][736]LogModuleManager: Shutting down and abandoning module TextureFormatASTC (55)
[2017.07.18-08.04.20:156][736]LogModuleManager: Shutting down and abandoning module TextureFormatAndroid (54)
[2017.07.18-08.04.20:156][736]LogModuleManager: Shutting down and abandoning module AudioFormatOpus (53)
[2017.07.18-08.04.20:156][736]LogModuleManager: Shutting down and abandoning module AudioFormatOgg (52)
[2017.07.18-08.04.20:156][736]LogModuleManager: Shutting down and abandoning module AudioFormatADPCM (51)
[2017.07.18-08.04.20:156][736]LogModuleManager: Shutting down and abandoning module LinuxTargetPlatform (50)
[2017.07.18-08.04.20:156][736]LogModuleManager: Shutting down and abandoning module LinuxServerTargetPlatform (49)
[2017.07.18-08.04.20:156][736]LogModuleManager: Shutting down and abandoning module LinuxNoEditorTargetPlatform (48)
[2017.07.18-08.04.20:156][736]LogModuleManager: Shutting down and abandoning module LinuxClientTargetPlatform (47)
[2017.07.18-08.04.20:156][736]LogModuleManager: Shutting down and abandoning module TVOSTargetPlatform (46)
[2017.07.18-08.04.20:156][736]LogModuleManager: Shutting down and abandoning module Messaging (45)
[2017.07.18-08.04.20:156][736]LogModuleManager: Shutting down and abandoning module IOSTargetPlatform (44)
[2017.07.18-08.04.20:156][736]LogModuleManager: Shutting down and abandoning module HTML5TargetPlatform (43)
[2017.07.18-08.04.20:157][736]LogModuleManager: Shutting down and abandoning module Android_PVRTCTargetPlatform (42)
[2017.07.18-08.04.20:157][736]LogModuleManager: Shutting down and abandoning module Android_MultiTargetPlatform (41)
[2017.07.18-08.04.20:157][736]LogModuleManager: Shutting down and abandoning module Android_ETC2TargetPlatform (40)
[2017.07.18-08.04.20:157][736]LogModuleManager: Shutting down and abandoning module Android_ETC1TargetPlatform (39)
[2017.07.18-08.04.20:157][736]LogModuleManager: Shutting down and abandoning module Android_DXTTargetPlatform (38)
[2017.07.18-08.04.20:157][736]LogModuleManager: Shutting down and abandoning module Android_ATCTargetPlatform (37)
[2017.07.18-08.04.20:157][736]LogModuleManager: Shutting down and abandoning module Android_ASTCTargetPlatform (36)
[2017.07.18-08.04.20:157][736]LogModuleManager: Shutting down and abandoning module AndroidTargetPlatform (35)
[2017.07.18-08.04.20:157][736]LogModuleManager: Shutting down and abandoning module WindowsTargetPlatform (34)
[2017.07.18-08.04.20:157][736]LogModuleManager: Shutting down and abandoning module WindowsServerTargetPlatform (33)
[2017.07.18-08.04.20:157][736]LogModuleManager: Shutting down and abandoning module WindowsNoEditorTargetPlatform (32)
[2017.07.18-08.04.20:157][736]LogModuleManager: Shutting down and abandoning module WindowsClientTargetPlatform (31)
[2017.07.18-08.04.20:157][736]LogModuleManager: Shutting down and abandoning module MacTargetPlatform (30)
[2017.07.18-08.04.20:157][736]LogModuleManager: Shutting down and abandoning module MacServerTargetPlatform (29)
[2017.07.18-08.04.20:157][736]LogModuleManager: Shutting down and abandoning module MacNoEditorTargetPlatform (28)
[2017.07.18-08.04.20:157][736]LogModuleManager: Shutting down and abandoning module MacClientTargetPlatform (27)
[2017.07.18-08.04.20:157][736]LogModuleManager: Shutting down and abandoning module AllDesktopTargetPlatform (26)
[2017.07.18-08.04.20:157][736]LogModuleManager: Shutting down and abandoning module TargetPlatform (25)
[2017.07.18-08.04.20:157][736]LogModuleManager: Shutting down and abandoning module InputCore (24)
[2017.07.18-08.04.20:157][736]LogModuleManager: Shutting down and abandoning module Settings (23)
[2017.07.18-08.04.20:157][736]LogModuleManager: Shutting down and abandoning module OculusRift (22)
[2017.07.18-08.04.20:157][736]LogModuleManager: Shutting down and abandoning module ExampleDeviceProfileSelector (21)
[2017.07.18-08.04.20:157][736]LogModuleManager: Shutting down and abandoning module OnlineBlueprintSupport (20)
[2017.07.18-08.04.20:157][736]LogModuleManager: Shutting down and abandoning module OnlineSubsystem (18)
[2017.07.18-08.04.20:157][736]LogOnline:Display: Unloading online subsystem: NULL
[2017.07.18-08.04.20:157][736]LogModuleManager: Shutting down and abandoning module SSL (17)
[2017.07.18-08.04.20:160][736]LogModuleManager: Shutting down and abandoning module HTTP (16)
[2017.07.18-08.04.20:160][736]LogModuleManager: Shutting down and abandoning module XMPP (15)
[2017.07.18-08.04.20:160][736]LogModuleManager: Shutting down and abandoning module TextureCompressor (14)
[2017.07.18-08.04.20:160][736]LogModuleManager: Shutting down and abandoning module ShaderCore (13)
[2017.07.18-08.04.20:160][736]LogModuleManager: Shutting down and abandoning module Landscape (12)
[2017.07.18-08.04.20:160][736]LogModuleManager: Shutting down and abandoning module SlateRHIRenderer (11)
[2017.07.18-08.04.20:164][736]LogModuleManager: Shutting down and abandoning module OpenGLDrv (10)
[2017.07.18-08.04.20:164][736]LogModuleManager: Shutting down and abandoning module D3D11RHI (9)
[2017.07.18-08.04.20:164][736]LogModuleManager: Shutting down and abandoning module AnimGraphRuntime (8)
[2017.07.18-08.04.20:164][736]LogModuleManager: Shutting down and abandoning module Renderer (7)
[2017.07.18-08.04.20:164][736]LogModuleManager: Shutting down and abandoning module Engine (6)
[2017.07.18-08.04.20:164][736]LogModuleManager: Shutting down and abandoning module CoreUObject (5)
[2017.07.18-08.04.20:164][736]LogModuleManager: Shutting down and abandoning module NetworkFile (4)
[2017.07.18-08.04.20:164][736]LogModuleManager: Shutting down and abandoning module StreamingFile (3)
[2017.07.18-08.04.20:164][736]LogModuleManager: Shutting down and abandoning module SandboxFile (2)
[2017.07.18-08.04.20:164][736]LogModuleManager: Shutting down and abandoning module PakFile (1)
[2017.07.18-08.04.20:167][736]LogExit: Exiting.
[2017.07.18-08.04.20:182][736]Log file closed, 07/18/17 09:04:20
